TN:gcov_report
SF:/Users/morfinpo/Desktop/C5_s21_decimal-1/src/secondary_functions/NoSE/add_no_equote.c
FN:3,add_no_equote
FNDA:156397,add_no_equote
FNF:1
FNH:1
DA:3,156397
DA:4,156397
DA:5,156397
DA:6,156397
DA:7,156397
DA:8,156397
DA:10,156397
DA:11,45093826
DA:12,44937792
DA:13,44937792
DA:14,44937792
DA:15,43541933
DA:16,41777021
DA:17,2001189
DA:18,41540744
DA:19,41229369
DA:20,311375
DA:21,311375
DA:22,311375
DA:24,1395859
DA:25,641231
DA:26,676340
DA:27,676340
DA:28,719519
DA:29,311375
DA:30,311375
DA:31,408144
DA:32,408144
DA:33,408144
DA:36,156034
DA:37,156034
DA:38,156034
DA:39,363
DA:40,0
DA:42,363
DA:43,359
DA:44,359
DA:45,359
DA:46,4
DA:47,0
DA:48,0
DA:49,0
DA:50,4
DA:51,4
DA:52,4
DA:53,4
DA:54,0
DA:55,0
DA:56,0
DA:57,0
DA:60,156397
LF:51
LH:43
end_of_record
TN:gcov_report
SF:/Users/morfinpo/Desktop/C5_s21_decimal-1/src/extended_decimal/division_by_ten.c
FN:3,division_by_ten
FNDA:13767,division_by_ten
FNF:1
FNH:1
DA:3,13767
DA:5,13767
DA:7,13767
DA:8,13767
DA:11,13767
DA:12,13767
DA:13,13767
DA:14,13767
DA:15,13767
DA:17,13767
DA:18,13767
DA:19,13767
DA:23,13767
DA:24,13767
DA:25,13767
DA:26,13767
DA:29,13767
DA:30,13767
DA:31,13767
DA:34,13767
DA:35,13767
DA:36,13767
DA:38,13767
DA:39,13767
DA:40,13767
DA:42,13767
DA:43,13767
DA:44,13767
DA:46,13767
DA:47,13767
DA:48,13767
DA:50,13767
DA:51,13767
DA:52,13767
DA:55,13767
DA:59,13767
DA:60,13767
DA:62,13767
DA:63,13767
DA:64,13767
DA:65,13767
DA:66,13767
DA:69,13767
DA:70,6969
DA:71,6969
DA:72,6798
DA:73,6798
DA:74,6798
DA:75,6798
DA:76,6798
DA:78,6969
DA:80,13767
DA:81,13767
DA:82,13767
DA:83,8031
DA:89,13767
DA:90,13767
DA:91,13767
DA:93,13767
DA:95,13767
DA:98,13767
DA:99,13767
DA:101,13767
LF:63
LH:63
end_of_record
TN:gcov_report
SF:/Users/morfinpo/Desktop/C5_s21_decimal-1/src/extended_decimal/equate_dec_to_extdec.c
FN:3,equate_dec_to_extdec
FNDA:3505,equate_dec_to_extdec
FNF:1
FNH:1
DA:3,3505
DA:4,3505
DA:5,3505
DA:6,3505
DA:7,3505
DA:8,3505
DA:9,3505
LF:7
LH:7
end_of_record
TN:gcov_report
SF:/Users/morfinpo/Desktop/C5_s21_decimal-1/src/secondary_functions/convert_dec/equate_decimal.c
FN:3,equate_decimal
FNDA:55,equate_decimal
FNF:1
FNH:1
DA:3,55
DA:4,55
DA:5,275
DA:6,220
DA:8,55
LF:5
LH:5
end_of_record
TN:gcov_report
SF:/Users/morfinpo/Desktop/C5_s21_decimal-1/src/extended_decimal/equate_ext_scale.c
FN:3,equate_ext_scale
FNDA:44259,equate_ext_scale
FNF:1
FNH:1
DA:3,44259
DA:4,44259
DA:5,44259
DA:6,44259
DA:7,44259
DA:9,44259
DA:10,1012
DA:11,860
DA:14,50642
DA:15,6535
DA:19,44259
LF:11
LH:11
end_of_record
TN:gcov_report
SF:/Users/morfinpo/Desktop/C5_s21_decimal-1/src/extended_decimal/equate_extdec.c
FN:3,equate_extdec
FNDA:541965,equate_extdec
FNF:1
FNH:1
DA:3,541965
DA:4,541965
DA:5,5961615
DA:6,5419650
DA:8,541965
LF:5
LH:5
end_of_record
TN:gcov_report
SF:/Users/morfinpo/Desktop/C5_s21_decimal-1/src/extended_decimal/equate_extdec_to_dec.c
FN:3,equate_extdec_to_dec
FNDA:1066,equate_extdec_to_dec
FNF:1
FNH:1
DA:3,1066
DA:4,1066
DA:5,1066
DA:8,1066
DA:9,1066
DA:10,7282
DA:11,6216
DA:14,1066
DA:15,1066
DA:16,1066
DA:17,10
DA:20,1066
DA:21,1066
DA:22,1076
DA:23,10
DA:24,6
DA:26,1066
DA:27,1056
DA:30,1056
DA:31,1056
DA:32,1056
DA:34,1056
DA:35,1056
DA:36,1188
DA:37,132
DA:38,132
DA:39,132
DA:41,1056
DA:44,1056
DA:45,1056
DA:46,1056
DA:47,1056
DA:48,1056
DA:49,1056
DA:50,0
DA:51,1056
DA:53,692
DA:54,2
DA:55,690
DA:56,0
DA:57,0
DA:59,0
DA:65,1056
DA:66,1054
DA:67,1056
DA:68,2
DA:69,1
DA:70,1055
DA:71,1054
DA:72,1055
DA:73,1
DA:74,1
DA:77,1056
DA:78,1056
DA:79,1056
DA:80,1056
DA:84,1056
DA:85,1056
DA:86,46
DA:89,1066
LF:60
LH:56
end_of_record
TN:gcov_report
SF:/Users/morfinpo/Desktop/C5_s21_decimal-1/src/extended_decimal/ext_is_less.c
FN:3,ext_is_less
FNDA:30330,ext_is_less
FNF:1
FNH:1
DA:3,30330
DA:4,30330
DA:5,30330
DA:6,30330
DA:7,30330
DA:8,30330
DA:9,8415490
DA:10,8411695
DA:11,8411695
DA:12,8411695
DA:13,26535
DA:14,26535
DA:15,8385160
DA:16,0
DA:17,0
DA:19,8385160
DA:20,0
DA:23,30330
LF:18
LH:15
end_of_record
TN:gcov_report
SF:/Users/morfinpo/Desktop/C5_s21_decimal-1/src/secondary_functions/Bit_operations/get_decimal_bit.c
FN:3,get_decimal_bit
FNDA:7377,get_decimal_bit
FNF:1
FNH:1
DA:3,7377
DA:4,7377
DA:5,7377
DA:6,7377
LF:4
LH:4
end_of_record
TN:gcov_report
SF:/Users/morfinpo/Desktop/C5_s21_decimal-1/src/extended_decimal/get_extdec_bit.c
FN:3,get_extdec_bit
FNDA:4351202499,get_extdec_bit
FNF:1
FNH:1
DA:3,4351202499
DA:4,4351202499
DA:5,4351202499
DA:6,4351202499
LF:4
LH:4
end_of_record
TN:gcov_report
SF:/Users/morfinpo/Desktop/C5_s21_decimal-1/src/secondary_functions/Bit_operations/get_first_non_zero_bit.c
FN:3,get_first_non_zero_extBit
FNDA:804,get_first_non_zero_extBit
FNF:1
FNH:1
DA:3,804
DA:4,804
DA:5,174149
DA:6,173345
DA:7,173345
DA:8,799
DA:11,804
DA:12,804
LF:8
LH:8
end_of_record
TN:gcov_report
SF:/Users/morfinpo/Desktop/C5_s21_decimal-1/src/secondary_functions/float_functions/getBinaryExp.c
FN:3,getBinaryExp
FNDA:235,getBinaryExp
FNF:1
FNH:1
DA:3,235
DA:4,235
DA:5,235
DA:6,235
DA:7,2115
DA:8,1880
DA:9,1880
DA:11,235
DA:12,235
DA:13,235
LF:10
LH:10
end_of_record
TN:gcov_report
SF:/Users/morfinpo/Desktop/C5_s21_decimal-1/src/secondary_functions/Bit_operations/getBit.c
FN:3,getBit
FNDA:4356672826,getBit
FNF:1
FNH:1
DA:3,4356672826
DA:4,4356672826
DA:5,4356672826
DA:6,4356672826
DA:7,77530860
DA:9,4356672826
LF:6
LH:6
end_of_record
TN:gcov_report
SF:/Users/morfinpo/Desktop/C5_s21_decimal-1/src/extended_decimal/getExtScale.c
FN:3,getExtScale
FNDA:368138,getExtScale
FNF:1
FNH:1
DA:3,368138
DA:4,368138
DA:5,3313242
DA:6,2945104
DA:7,369662
DA:10,368138
LF:6
LH:6
end_of_record
TN:gcov_report
SF:/Users/morfinpo/Desktop/C5_s21_decimal-1/src/extended_decimal/getExtSign.c
FN:3,getExtSign
FNDA:451777,getExtSign
FNF:1
FNH:1
DA:3,451777
DA:4,451777
LF:2
LH:2
end_of_record
TN:gcov_report
SF:/Users/morfinpo/Desktop/C5_s21_decimal-1/src/secondary_functions/GetSet_SignScale/getScale.c
FN:3,getScale
FNDA:323,getScale
FNF:1
FNH:1
DA:3,323
DA:4,323
DA:5,2907
DA:6,2584
DA:7,440
DA:10,323
LF:6
LH:6
end_of_record
TN:gcov_report
SF:/Users/morfinpo/Desktop/C5_s21_decimal-1/src/secondary_functions/GetSet_SignScale/getSign.c
FN:3,getSign
FNDA:85,getSign
FNF:1
FNH:1
DA:3,85
DA:4,85
LF:2
LH:2
end_of_record
TN:gcov_report
SF:/Users/morfinpo/Desktop/C5_s21_decimal-1/src/secondary_functions/convert_dec/init_decimal.c
FN:3,init_decimal
FNDA:2750,init_decimal
FNF:1
FNH:1
DA:3,2750
DA:4,2750
DA:5,2750
DA:6,2750
DA:7,2750
DA:8,2750
LF:6
LH:6
end_of_record
TN:gcov_report
SF:/Users/morfinpo/Desktop/C5_s21_decimal-1/src/extended_decimal/init_extended_decimal.c
FN:3,init_extended_decimal
FNDA:1048755,init_extended_decimal
FNF:1
FNH:1
DA:3,1048755
DA:4,1048755
DA:5,1048755
DA:6,1048755
DA:7,1048755
DA:8,1048755
DA:9,1048755
DA:10,1048755
DA:11,1048755
DA:12,1048755
DA:13,1048755
DA:14,1048755
LF:12
LH:12
end_of_record
TN:gcov_report
SF:/Users/morfinpo/Desktop/C5_s21_decimal-1/src/secondary_functions/NoSE/is_equal_no_sign.c
FN:3,is_equal_no_sign
FNDA:8958,is_equal_no_sign
FNF:1
FNH:1
DA:3,8958
DA:4,8958
DA:5,8958
DA:6,8958
DA:7,8958
DA:8,2419387
DA:9,2418383
DA:10,2418383
DA:11,2418383
DA:12,7577
DA:13,7577
DA:14,2410806
DA:15,377
DA:16,377
DA:19,8958
LF:15
LH:15
end_of_record
TN:gcov_report
SF:/Users/morfinpo/Desktop/C5_s21_decimal-1/src/secondary_functions/NoSE/is_less_no_sign.c
FN:3,is_less_no_sign
FNDA:3682,is_less_no_sign
FNF:1
FNH:1
DA:3,3682
DA:4,3682
DA:5,3682
DA:6,3682
DA:7,3682
DA:8,966464
DA:9,966433
DA:10,966433
DA:11,966433
DA:12,2503
DA:13,2503
DA:14,963930
DA:15,1148
DA:16,1148
DA:19,3682
LF:15
LH:15
end_of_record
TN:gcov_report
SF:/Users/morfinpo/Desktop/C5_s21_decimal-1/src/extended_decimal/multiply_extdec_by_ten.c
FN:3,multiply_extdec_by_ten
FNDA:23487,multiply_extdec_by_ten
FNF:1
FNH:1
DA:3,23487
DA:5,23487
DA:6,23487
DA:7,23487
DA:8,23487
DA:9,23487
DA:10,23487
DA:11,23487
DA:12,23487
DA:14,23487
DA:15,23487
DA:17,23487
DA:18,23487
DA:19,23487
DA:20,23487
DA:21,23487
LF:16
LH:16
end_of_record
TN:gcov_report
SF:/Users/morfinpo/Desktop/C5_s21_decimal-1/src/main_functions/Arithmetic_Operators/s21_add.c
FN:3,s21_add
FNDA:105,s21_add
FNF:1
FNH:1
DA:3,105
DA:5,105
DA:7,105
DA:8,105
DA:9,105
DA:10,105
DA:11,105
DA:12,105
DA:13,105
DA:14,105
DA:15,105
DA:16,105
DA:18,105
DA:19,21675
DA:20,21600
DA:21,21600
DA:22,21600
DA:23,20315
DA:24,19678
DA:25,609
DA:26,19706
DA:27,19622
DA:28,84
DA:29,84
DA:30,84
DA:32,1285
DA:33,223
DA:34,991
DA:35,991
DA:36,294
DA:37,84
DA:38,84
DA:39,210
DA:40,210
DA:41,210
DA:44,75
DA:45,75
DA:46,75
DA:47,30
DA:50,6
DA:52,29
DA:53,5
DA:54,3
DA:55,3
DA:56,3
DA:57,23
DA:58,2
DA:59,2
DA:60,2
DA:61,2
DA:62,38
DA:63,19
DA:64,17
DA:65,17
DA:66,17
DA:67,4
DA:68,2
DA:69,2
DA:70,2
DA:71,2
DA:73,24
DA:76,105
DA:78,105
LF:63
LH:63
end_of_record
TN:gcov_report
SF:/Users/morfinpo/Desktop/C5_s21_decimal-1/src/main_functions/Arithmetic_Operators/s21_div.c
FN:9,s21_div
FNDA:16,s21_div
FN:129,compare_scale_for_div
FNDA:16,compare_scale_for_div
FN:146,get_width
FNDA:957,get_width
FN:156,get_needed_value_from_devinded
FNDA:15,get_needed_value_from_devinded
FN:192,subtraction_for_div
FNDA:443,subtraction_for_div
FN:215,set_next_digit
FNDA:44,set_next_digit
FNF:6
FNH:6
DA:9,16
DA:10,16
DA:12,16
DA:13,16
DA:14,16
DA:16,16
DA:17,16
DA:18,16
DA:19,16
DA:20,16
DA:21,16
DA:23,16
DA:24,16
DA:25,16
DA:27,16
DA:28,16
DA:29,16
DA:30,16
DA:31,16
DA:33,16
DA:35,16
DA:37,16
DA:38,0
DA:39,16
DA:40,1
DA:41,15
DA:42,0
DA:43,0
DA:44,0
DA:45,0
DA:47,0
DA:48,0
DA:49,0
DA:51,15
DA:52,48
DA:53,44
DA:54,44
DA:55,44
DA:57,4
DA:58,4
DA:60,15
DA:61,15
DA:62,15
DA:63,15
DA:64,15
DA:66,443
DA:67,443
DA:68,443
DA:69,44
DA:70,44
DA:71,44
DA:72,399
DA:73,396
DA:74,396
DA:76,443
DA:77,0
DA:78,0
DA:79,0
DA:80,0
DA:81,0
DA:82,0
DA:84,443
DA:85,0
DA:86,0
DA:87,0
DA:88,0
DA:89,0
DA:90,0
DA:93,443
DA:94,443
DA:97,443
DA:98,440
DA:99,440
DA:100,440
DA:101,428
DA:102,0
DA:103,0
DA:106,428
DA:107,428
DA:111,16
DA:112,16
DA:113,16
DA:114,60
DA:115,44
DA:116,44
DA:117,44
DA:119,16
DA:121,16
DA:122,1
DA:123,15
DA:124,0
DA:126,16
DA:129,16
DA:130,16
DA:131,109
DA:132,93
DA:133,93
DA:134,93
DA:135,44
DA:136,44
DA:138,93
DA:139,0
DA:140,0
DA:142,93
DA:144,16
DA:146,957
DA:147,957
DA:148,957
DA:149,5454
DA:150,4497
DA:151,4497
DA:153,957
DA:156,15
DA:158,15
DA:159,15
DA:160,15
DA:161,15
DA:162,52
DA:163,48
DA:164,48
DA:165,48
DA:167,11
DA:168,55
DA:169,49
DA:170,49
DA:172,6
DA:173,6
DA:174,6
DA:175,5
DA:176,5
DA:177,45
DA:178,40
DA:179,40
DA:183,5
DA:184,4
DA:185,4
DA:186,4
DA:189,15
DA:192,443
DA:193,443
DA:194,443
DA:195,443
DA:196,443
DA:197,443
DA:198,443
DA:199,1338
DA:200,1333
DA:201,1333
DA:202,1333
DA:203,438
DA:206,443
DA:207,443
DA:208,5
DA:210,438
DA:212,443
DA:215,44
DA:216,44
DA:217,44
DA:218,44
DA:219,443
DA:220,399
DA:221,399
DA:222,399
DA:224,44
DA:225,44
DA:226,44
DA:227,44
DA:229,44
LF:168
LH:143
end_of_record
TN:gcov_report
SF:/Users/morfinpo/Desktop/C5_s21_decimal-1/src/main_functions/Another_functions/s21_floor.c
FN:3,s21_floor
FNDA:24,s21_floor
FNF:1
FNH:1
DA:3,24
DA:4,24
DA:5,24
DA:6,15
DA:9,9
DA:10,9
DA:11,9
DA:12,9
DA:14,9
DA:15,9
DA:16,9
DA:17,9
DA:19,0
DA:22,24
LF:14
LH:13
end_of_record
TN:gcov_report
SF:/Users/morfinpo/Desktop/C5_s21_decimal-1/src/main_functions/Convertors_and_parsers/s21_from_decimal_to_float.c
FN:3,s21_from_decimal_to_float
FNDA:48,s21_from_decimal_to_float
FNF:1
FNH:1
DA:3,48
DA:4,48
DA:5,48
DA:6,48
DA:7,48
DA:8,4656
DA:9,4608
DA:10,590
DA:13,48
DA:14,48
DA:15,48
DA:16,177
DA:18,48
DA:20,0
DA:22,48
LF:15
LH:14
end_of_record
TN:gcov_report
SF:/Users/morfinpo/Desktop/C5_s21_decimal-1/src/main_functions/Convertors_and_parsers/s21_from_decimal_to_int.c
FN:3,s21_from_decimal_to_int
FNDA:78,s21_from_decimal_to_int
FNF:1
FNH:1
DA:3,78
DA:5,78
DA:6,78
DA:7,78
DA:8,78
DA:9,78
DA:10,30
DA:13,0
DA:15,78
LF:9
LH:8
end_of_record
TN:gcov_report
SF:/Users/morfinpo/Desktop/C5_s21_decimal-1/src/main_functions/Convertors_and_parsers/s21_from_float_to_decimal.c
FN:3,s21_from_float_to_decimal
FNDA:121,s21_from_float_to_decimal
FNF:1
FNH:1
DA:3,121
DA:4,121
DA:5,121
DA:6,121
DA:7,121
DA:8,121
DA:9,121
DA:10,121
DA:11,349
DA:12,7
DA:14,713
DA:15,114
DA:16,403
DA:17,289
DA:18,289
DA:20,114
DA:21,114
DA:22,114
DA:23,114
DA:24,114
DA:25,114
DA:26,114
DA:27,114
DA:28,114
DA:29,2101
DA:30,1987
DA:31,1987
DA:32,1987
DA:33,1987
DA:34,1987
DA:38,114
DA:39,114
DA:42,0
DA:44,121
LF:34
LH:33
end_of_record
SF:/usr/local/lib/gcc/10/gcc/x86_64-apple-darwin20/10.3.0/include-fixed/math.h
DA:215,114
DA:224,114
LF:2
LH:2
end_of_record
TN:gcov_report
SF:/Users/morfinpo/Desktop/C5_s21_decimal-1/src/main_functions/Convertors_and_parsers/s21_from_int_to_decimal.c
FN:3,s21_from_int_to_decimal
FNDA:179,s21_from_int_to_decimal
FNF:1
FNH:1
DA:3,179
DA:4,179
DA:5,179
DA:6,179
DA:7,179
DA:8,66
DA:9,66
DA:11,179
DA:13,0
DA:15,179
LF:10
LH:9
end_of_record
TN:gcov_report
SF:/Users/morfinpo/Desktop/C5_s21_decimal-1/src/main_functions/Comparison_Operators/s21_is_equal.c
FN:3,s21_is_equal
FNDA:690,s21_is_equal
FNF:1
FNH:1
DA:3,690
DA:5,690
DA:6,690
DA:8,690
DA:9,690
DA:10,690
DA:11,690
DA:12,690
DA:13,690
DA:14,60
DA:16,630
DA:17,174765
DA:18,174602
DA:19,174602
DA:20,174602
DA:21,309
DA:22,309
DA:23,174293
DA:24,158
DA:25,158
DA:29,690
LF:21
LH:21
end_of_record
TN:gcov_report
SF:/Users/morfinpo/Desktop/C5_s21_decimal-1/src/main_functions/Comparison_Operators/s21_is_greater.c
FN:3,s21_is_greater
FNDA:265,s21_is_greater
FNF:1
FNH:1
DA:3,265
DA:4,265
DA:5,265
DA:6,36
DA:8,229
DA:10,265
LF:6
LH:6
end_of_record
TN:gcov_report
SF:/Users/morfinpo/Desktop/C5_s21_decimal-1/src/main_functions/Comparison_Operators/s21_is_greater_or_equal.c
FN:3,s21_is_greater_or_equal
FNDA:197,s21_is_greater_or_equal
FNF:1
FNH:1
DA:3,197
DA:4,197
DA:5,197
DA:6,197
DA:7,197
DA:8,197
LF:6
LH:6
end_of_record
TN:gcov_report
SF:/Users/morfinpo/Desktop/C5_s21_decimal-1/src/main_functions/Comparison_Operators/s21_is_less.c
FN:3,s21_is_less
FNDA:329,s21_is_less
FNF:1
FNH:1
DA:3,329
DA:5,329
DA:6,329
DA:7,329
DA:8,329
DA:9,329
DA:10,329
DA:11,329
DA:12,329
DA:13,329
DA:15,329
DA:16,22
DA:17,307
DA:18,18
DA:20,289
DA:21,78728
DA:22,78700
DA:23,78700
DA:24,78700
DA:25,171
DA:26,171
DA:27,78529
DA:28,90
DA:29,90
DA:32,289
DA:33,14
DA:34,275
DA:35,12
DA:37,289
DA:39,329
LF:30
LH:30
end_of_record
TN:gcov_report
SF:/Users/morfinpo/Desktop/C5_s21_decimal-1/src/main_functions/Comparison_Operators/s21_is_less_or_equal.c
FN:3,s21_is_less_or_equal
FNDA:81,s21_is_less_or_equal
FNF:1
FNH:1
DA:3,81
DA:4,81
DA:5,81
DA:6,81
DA:7,81
DA:8,81
LF:6
LH:6
end_of_record
TN:gcov_report
SF:/Users/morfinpo/Desktop/C5_s21_decimal-1/src/main_functions/Comparison_Operators/s21_is_not_equal.c
FN:3,s21_is_not_equal
FNDA:27,s21_is_not_equal
FNF:1
FNH:1
DA:3,27
DA:4,27
DA:5,27
LF:3
LH:3
end_of_record
TN:gcov_report
SF:/Users/morfinpo/Desktop/C5_s21_decimal-1/src/main_functions/Arithmetic_Operators/s21_mod.c
FN:3,s21_mod
FNDA:13,s21_mod
FNF:1
FNH:1
DA:3,13
DA:5,13
DA:6,13
DA:7,13
DA:8,13
DA:9,13
DA:11,13
DA:12,13
DA:13,13
DA:14,13
DA:15,13
DA:16,13
DA:17,13
DA:18,13
DA:19,13
DA:20,13
DA:21,13
DA:23,13
DA:24,13
DA:25,13
DA:26,13
DA:27,7
DA:28,2
DA:29,2
DA:30,12
DA:31,10
DA:33,5
DA:34,4
DA:35,4
DA:36,23
DA:37,19
DA:40,1
DA:42,7
DA:45,13
DA:47,13
DA:48,3
DA:49,10
DA:50,10
DA:51,0
DA:53,10
DA:54,10
DA:55,10
DA:56,10
DA:57,10
DA:61,137
DA:62,124
DA:63,124
DA:64,124
DA:65,124
DA:66,124
DA:67,124
DA:69,133
DA:70,133
DA:71,133
DA:72,133
DA:73,133
DA:74,133
DA:77,13
DA:78,13
DA:79,13
DA:80,3
DA:82,10
DA:84,13
LF:63
LH:62
end_of_record
TN:gcov_report
SF:/Users/morfinpo/Desktop/C5_s21_decimal-1/src/main_functions/Arithmetic_Operators/s21_mul.c
FN:3,s21_mul
FNDA:7,s21_mul
FN:39,create_mask
FNDA:672,create_mask
FNF:2
FNH:2
DA:3,7
DA:4,7
DA:6,7
DA:7,7
DA:8,7
DA:10,7
DA:11,7
DA:12,7
DA:14,7
DA:15,7
DA:18,7
DA:19,7
DA:21,7
DA:22,679
DA:23,672
DA:25,672
DA:26,672
DA:28,7
DA:29,7
DA:30,1
DA:31,6
DA:32,3
DA:34,7
DA:36,7
DA:39,672
DA:42,672
DA:43,672
DA:44,16
DA:46,656
DA:48,32592
DA:49,31920
DA:51,672
DA:52,672
LF:33
LH:33
end_of_record
TN:gcov_report
SF:/Users/morfinpo/Desktop/C5_s21_decimal-1/src/main_functions/Another_functions/s21_negate.c
FN:3,s21_negate
FNDA:18,s21_negate
FNF:1
FNH:1
DA:3,18
DA:4,18
DA:5,18
DA:6,18
DA:7,18
DA:8,18
LF:6
LH:6
end_of_record
TN:gcov_report
SF:/Users/morfinpo/Desktop/C5_s21_decimal-1/src/main_functions/Another_functions/s21_round.c
FN:3,s21_round
FNDA:28,s21_round
FNF:1
FNH:1
DA:3,28
DA:6,28
DA:9,28
DA:10,28
DA:11,28
DA:12,28
DA:15,28
DA:16,28
DA:17,28
DA:19,28
DA:20,28
DA:22,28
DA:24,28
DA:25,201
DA:26,173
DA:27,173
DA:29,173
DA:31,173
DA:32,173
DA:34,173
DA:36,173
DA:37,173
DA:38,173
DA:39,173
DA:41,173
DA:42,135
DA:44,135
DA:45,135
DA:47,135
DA:48,135
DA:49,135
DA:51,135
DA:53,135
DA:54,135
DA:56,38
DA:57,38
DA:60,28
DA:61,28
LF:38
LH:38
end_of_record
TN:gcov_report
SF:/Users/morfinpo/Desktop/C5_s21_decimal-1/src/main_functions/Arithmetic_Operators/s21_sub.c
FN:3,s21_sub
FNDA:265,s21_sub
FNF:1
FNH:1
DA:3,265
DA:5,265
DA:6,265
DA:7,265
DA:8,265
DA:9,265
DA:10,265
DA:12,265
DA:13,128
DA:14,13
DA:16,13
DA:18,115
DA:20,137
DA:21,114
DA:22,2
DA:23,2
DA:25,112
DA:27,112
DA:29,23
DA:30,9
DA:31,9
DA:32,9
DA:33,9
DA:34,14
DA:35,14
DA:36,14
DA:37,14
DA:38,14
DA:40,265
DA:41,265
LF:30
LH:30
end_of_record
TN:gcov_report
SF:/Users/morfinpo/Desktop/C5_s21_decimal-1/src/main_functions/Another_functions/s21_truncate.c
FN:3,s21_truncate
FNDA:125,s21_truncate
FNF:1
FNH:1
DA:3,125
DA:5,125
DA:6,125
DA:7,125
DA:8,670
DA:9,545
DA:11,125
DA:12,125
LF:8
LH:8
end_of_record
TN:gcov_report
SF:/Users/morfinpo/Desktop/C5_s21_decimal-1/src/secondary_functions/Bit_operations/set_decimal_bit.c
FN:3,set_decimal_bit
FNDA:2101,set_decimal_bit
FNF:1
FNH:1
DA:3,2101
DA:5,2101
DA:6,972
DA:7,972
DA:8,972
DA:9,972
DA:11,1129
DA:12,1129
DA:13,1
DA:14,1
DA:15,1
DA:16,1
DA:19,2101
LF:13
LH:13
end_of_record
TN:gcov_report
SF:/Users/morfinpo/Desktop/C5_s21_decimal-1/src/extended_decimal/set_extdec_bit.c
FN:3,set_extdec_bit
FNDA:2140064008,set_extdec_bit
FNF:1
FNH:1
DA:3,2140064008
DA:4,2140064008
DA:5,37814128
DA:6,19674827
DA:7,19674827
DA:8,19674827
DA:10,2102249880
DA:11,2102249880
DA:12,17976101
DA:13,17976101
DA:14,17976101
DA:15,17976101
DA:18,2140064008
LF:13
LH:13
end_of_record
TN:gcov_report
SF:/Users/morfinpo/Desktop/C5_s21_decimal-1/src/secondary_functions/Bit_operations/setBit.c
FN:3,setBit
FNDA:2063322,setBit
FNF:1
FNH:1
DA:3,2063322
DA:4,2063322
DA:5,2063322
DA:6,247070
DA:7,247070
DA:9,2063322
LF:6
LH:6
end_of_record
TN:gcov_report
SF:/Users/morfinpo/Desktop/C5_s21_decimal-1/src/extended_decimal/setExtScale.c
FN:3,setExtScale
FNDA:257302,setExtScale
FNF:1
FNH:1
DA:3,257302
DA:4,257302
DA:5,257302
DA:6,48
DA:8,2315286
DA:9,2058032
DA:10,2058032
DA:11,276758
DA:13,1781274
DA:17,257302
LF:10
LH:10
end_of_record
TN:gcov_report
SF:/Users/morfinpo/Desktop/C5_s21_decimal-1/src/extended_decimal/setExtSign.c
FN:3,setExtSign
FNDA:211482,setExtSign
FNF:1
FNH:1
DA:3,211482
DA:4,211482
DA:5,211482
DA:6,50300
DA:7,50300
DA:9,211482
LF:6
LH:6
end_of_record
TN:gcov_report
SF:/Users/morfinpo/Desktop/C5_s21_decimal-1/src/secondary_functions/GetSet_SignScale/setScale.c
FN:3,setScale
FNDA:653,setScale
FNF:1
FNH:1
DA:3,653
DA:4,653
DA:5,5877
DA:6,5224
DA:7,5224
DA:8,1085
DA:10,4139
DA:14,653
LF:8
LH:8
end_of_record
TN:gcov_report
SF:/Users/morfinpo/Desktop/C5_s21_decimal-1/src/secondary_functions/GetSet_SignScale/setSign.c
FN:3,setSign
FNDA:668,setSign
FNF:1
FNH:1
DA:3,668
DA:4,668
DA:5,668
DA:6,199
DA:7,199
DA:9,668
LF:6
LH:6
end_of_record
TN:gcov_report
SF:/Users/morfinpo/Desktop/C5_s21_decimal-1/src/secondary_functions/shifts/shift_left.c
FN:3,shift_left
FNDA:106562,shift_left
FNF:1
FNH:1
DA:3,106562
DA:4,106562
DA:5,48282392
DA:6,48175830
DA:7,48008341
DA:9,48175830
DA:10,167489
DA:12,48008341
DA:14,48175830
DA:15,167489
DA:16,167489
DA:19,106562
LF:12
LH:12
end_of_record
TN:gcov_report
SF:/Users/morfinpo/Desktop/C5_s21_decimal-1/src/secondary_functions/shifts/shift_right.c
FN:3,shift_right
FNDA:137911,shift_right
FNF:1
FNH:1
DA:3,137911
DA:5,137911
DA:6,137911
DA:7,137911
DA:8,2038192663
DA:9,2038054752
DA:10,2030978173
DA:12,2038054752
DA:13,7076579
DA:15,2030978173
DA:17,2038054752
DA:18,6938698
DA:19,6938698
DA:22,137911
DA:23,137911
LF:15
LH:15
end_of_record
TN:gcov_report
SF:/Users/morfinpo/Desktop/C5_s21_decimal-1/src/secondary_functions/NoSE/sub_no_equote.c
FN:3,sub_no_equote
FNDA:30330,sub_no_equote
FNF:1
FNH:1
DA:3,30330
DA:5,30330
DA:6,30330
DA:7,30330
DA:8,30330
DA:9,20545
DA:10,20545
DA:11,0
DA:13,9785
DA:14,9785
DA:15,9785
DA:16,0
DA:18,9785
DA:21,30330
LF:14
LH:12
end_of_record
TN:gcov_report
SF:/Users/morfinpo/Desktop/C5_s21_decimal-1/src/secondary_functions/NoSE/subtraction_no_sign.c
FN:3,subtraction_no_sign
FNDA:30706,subtraction_no_sign
FNF:1
FNH:1
DA:3,30706
DA:4,30706
DA:5,8904740
DA:6,8874034
DA:7,8874034
DA:8,8874034
DA:9,8795790
DA:10,24919
DA:11,8770871
DA:12,15485
DA:13,15485
DA:14,8755386
DA:15,8340277
DA:16,415109
DA:17,415109
DA:19,78244
DA:20,15485
DA:21,15485
DA:22,62759
DA:23,52753
DA:24,52753
DA:25,10006
DA:26,6356
DA:27,6356
DA:28,3650
DA:29,3650
DA:30,3650
DA:33,30706
DA:34,30706
LF:29
LH:29
end_of_record
