TN:s21_test_out
SF:/Users/thalassa/C5_s21_decimal-1/src/secondary_functions/NoSE/add_no_equote.c
FN:3,add_no_equote
FNDA:96178,add_no_equote
FNF:1
FNH:1
DA:3,96178
DA:4,96178
DA:5,96178
DA:6,96178
DA:7,96178
DA:8,96178
DA:10,96178
DA:11,27795442
DA:12,27699264
DA:13,27699264
DA:14,27699264
DA:15,26690680
DA:16,25442502
DA:17,1435167
DA:18,25255513
DA:19,25030053
DA:20,225460
DA:21,225460
DA:22,225460
DA:24,1008584
DA:25,476200
DA:26,497419
DA:27,497419
DA:28,511165
DA:29,225460
DA:30,225460
DA:31,285705
DA:32,285705
DA:33,285705
DA:36,96178
DA:37,96178
DA:38,96178
DA:39,0
DA:40,0
DA:42,0
DA:43,0
DA:44,0
DA:45,0
DA:46,0
DA:47,0
DA:48,0
DA:49,0
DA:50,0
DA:51,0
DA:52,0
DA:53,0
DA:54,0
DA:55,0
DA:56,0
DA:57,0
DA:60,96178
LF:51
LH:33
end_of_record
TN:s21_test_out
SF:/Users/thalassa/C5_s21_decimal-1/src/extended_decimal/division_by_ten.c
FN:3,division_by_ten
FNDA:7993,division_by_ten
FNF:1
FNH:1
DA:3,7993
DA:5,7993
DA:7,7993
DA:8,7993
DA:11,7993
DA:12,7993
DA:13,7993
DA:14,7993
DA:15,7993
DA:17,7993
DA:18,7993
DA:19,7993
DA:23,7993
DA:24,7993
DA:25,7993
DA:26,7993
DA:29,7993
DA:30,7993
DA:31,7993
DA:34,7993
DA:35,7993
DA:36,7993
DA:38,7993
DA:39,7993
DA:40,7993
DA:42,7993
DA:43,7993
DA:44,7993
DA:46,7993
DA:47,7993
DA:48,7993
DA:50,7993
DA:51,7993
DA:52,7993
DA:55,7993
DA:59,7993
DA:60,7993
DA:62,7993
DA:63,7993
DA:64,7993
DA:65,7993
DA:66,7993
DA:69,7993
DA:70,2215
DA:71,2215
DA:72,5778
DA:73,5778
DA:74,5778
DA:75,5778
DA:76,5778
DA:78,2215
DA:80,7993
DA:81,7993
DA:82,7993
DA:83,1140
DA:89,7993
DA:90,7993
DA:91,7993
DA:93,7993
DA:95,7993
DA:98,7993
DA:99,7993
DA:101,7993
LF:63
LH:63
end_of_record
TN:s21_test_out
SF:/Users/thalassa/C5_s21_decimal-1/src/extended_decimal/equate_dec_to_extdec.c
FN:3,equate_dec_to_extdec
FNDA:267,equate_dec_to_extdec
FNF:1
FNH:1
DA:3,267
DA:4,267
DA:5,267
DA:6,267
DA:7,267
DA:8,267
DA:9,267
LF:7
LH:7
end_of_record
TN:s21_test_out
SF:/Users/thalassa/C5_s21_decimal-1/src/secondary_functions/convert_dec/equate_decimal.c
FN:3,equate_decimal
FNDA:9,equate_decimal
FNF:1
FNH:1
DA:3,9
DA:4,9
DA:5,45
DA:6,36
DA:8,9
LF:5
LH:5
end_of_record
TN:s21_test_out
SF:/Users/thalassa/C5_s21_decimal-1/src/extended_decimal/equate_ext_scale.c
FN:3,equate_ext_scale
FNDA:30452,equate_ext_scale
FNF:1
FNH:1
DA:3,30452
DA:4,30452
DA:5,30452
DA:6,30452
DA:7,30452
DA:9,30452
DA:10,353
DA:11,321
DA:14,37513
DA:15,7093
DA:19,30452
LF:11
LH:11
end_of_record
TN:s21_test_out
SF:/Users/thalassa/C5_s21_decimal-1/src/extended_decimal/equate_extdec.c
FN:3,equate_extdec
FNDA:322191,equate_extdec
FNF:1
FNH:1
DA:3,322191
DA:4,322191
DA:5,3544101
DA:6,3221910
DA:8,322191
LF:5
LH:5
end_of_record
TN:s21_test_out
SF:/Users/thalassa/C5_s21_decimal-1/src/extended_decimal/equate_extdec_to_dec.c
FN:3,equate_extdec_to_dec
FNDA:76,equate_extdec_to_dec
FNF:1
FNH:1
DA:3,76
DA:4,76
DA:5,76
DA:8,76
DA:9,76
DA:10,801
DA:11,725
DA:14,76
DA:15,76
DA:16,76
DA:17,0
DA:20,76
DA:21,76
DA:22,76
DA:23,0
DA:24,0
DA:26,76
DA:27,76
DA:30,76
DA:31,76
DA:32,76
DA:34,76
DA:35,76
DA:36,209
DA:37,133
DA:38,133
DA:39,133
DA:41,76
DA:44,76
DA:45,76
DA:46,76
DA:47,76
DA:48,76
DA:49,76
DA:50,0
DA:51,76
DA:53,31
DA:54,1
DA:55,30
DA:56,0
DA:57,0
DA:59,0
DA:65,76
DA:66,76
DA:67,76
DA:68,0
DA:69,0
DA:70,76
DA:71,76
DA:72,76
DA:73,0
DA:74,0
DA:77,76
DA:78,76
DA:79,76
DA:80,76
DA:84,76
DA:85,76
DA:86,7
DA:89,76
LF:60
LH:49
end_of_record
TN:s21_test_out
SF:/Users/thalassa/C5_s21_decimal-1/src/extended_decimal/ext_is_less.c
FN:3,ext_is_less
FNDA:17810,ext_is_less
FNF:1
FNH:1
DA:3,17810
DA:4,17810
DA:5,17810
DA:6,17810
DA:7,17810
DA:8,17810
DA:9,4779810
DA:10,4779686
DA:11,4779686
DA:12,4779686
DA:13,17686
DA:14,17686
DA:15,4762000
DA:16,0
DA:17,0
DA:19,4762000
DA:20,0
DA:23,17810
LF:18
LH:15
end_of_record
TN:s21_test_out
SF:/Users/thalassa/C5_s21_decimal-1/src/secondary_functions/Bit_operations/get_decimal_bit.c
FN:3,get_decimal_bit
FNDA:356,get_decimal_bit
FNF:1
FNH:1
DA:3,356
DA:4,356
DA:5,356
DA:6,356
LF:4
LH:4
end_of_record
TN:s21_test_out
SF:/Users/thalassa/C5_s21_decimal-1/src/extended_decimal/get_extdec_bit.c
FN:3,get_extdec_bit
FNDA:2529573270,get_extdec_bit
FNF:1
FNH:1
DA:3,2529573270
DA:4,2529573270
DA:5,2529573270
DA:6,2529573270
LF:4
LH:4
end_of_record
TN:s21_test_out
SF:/Users/thalassa/C5_s21_decimal-1/src/secondary_functions/Bit_operations/get_first_non_zero_bit.c
FN:3,get_first_non_zero_extBit
FNDA:0,get_first_non_zero_extBit
FNF:1
FNH:0
DA:3,0
DA:4,0
DA:5,0
DA:6,0
DA:7,0
DA:8,0
DA:11,0
DA:12,0
LF:8
LH:0
end_of_record
TN:s21_test_out
SF:/Users/thalassa/C5_s21_decimal-1/src/secondary_functions/float_functions/getBinaryExp.c
FN:3,getBinaryExp
FNDA:24,getBinaryExp
FNF:1
FNH:1
DA:3,24
DA:4,24
DA:5,24
DA:6,24
DA:7,216
DA:8,192
DA:9,192
DA:11,24
DA:12,24
DA:13,24
LF:10
LH:10
end_of_record
TN:s21_test_out
SF:/Users/thalassa/C5_s21_decimal-1/src/secondary_functions/Bit_operations/getBit.c
FN:3,getBit
FNDA:2532942112,getBit
FNF:1
FNH:1
DA:3,2532942112
DA:4,2532942112
DA:5,2532942112
DA:6,2532942112
DA:7,58269148
DA:9,2532942112
LF:6
LH:6
end_of_record
TN:s21_test_out
SF:/Users/thalassa/C5_s21_decimal-1/src/extended_decimal/getExtScale.c
FN:3,getExtScale
FNDA:227998,getExtScale
FNF:1
FNH:1
DA:3,227998
DA:4,227998
DA:5,2051982
DA:6,1823984
DA:7,79257
DA:10,227998
LF:6
LH:6
end_of_record
TN:s21_test_out
SF:/Users/thalassa/C5_s21_decimal-1/src/extended_decimal/getExtSign.c
FN:3,getExtSign
FNDA:276976,getExtSign
FNF:1
FNH:1
DA:3,276976
DA:4,276976
LF:2
LH:2
end_of_record
TN:s21_test_out
SF:/Users/thalassa/C5_s21_decimal-1/src/secondary_functions/GetSet_SignScale/getScale.c
FN:3,getScale
FNDA:4,getScale
FNF:1
FNH:1
DA:3,4
DA:4,4
DA:5,36
DA:6,32
DA:7,6
DA:10,4
LF:6
LH:6
end_of_record
TN:s21_test_out
SF:/Users/thalassa/C5_s21_decimal-1/src/secondary_functions/GetSet_SignScale/getSign.c
FN:3,getSign
FNDA:26,getSign
FNF:1
FNH:1
DA:3,26
DA:4,26
LF:2
LH:2
end_of_record
TN:s21_test_out
SF:/Users/thalassa/C5_s21_decimal-1/src/secondary_functions/convert_dec/init_decimal.c
FN:3,init_decimal
FNDA:246,init_decimal
FNF:1
FNH:1
DA:3,246
DA:4,246
DA:5,246
DA:6,246
DA:7,246
DA:8,246
LF:6
LH:6
end_of_record
TN:s21_test_out
SF:/Users/thalassa/C5_s21_decimal-1/src/extended_decimal/init_extended_decimal.c
FN:3,init_extended_decimal
FNDA:628502,init_extended_decimal
FNF:1
FNH:1
DA:3,628502
DA:4,628502
DA:5,628502
DA:6,628502
DA:7,628502
DA:8,628502
DA:9,628502
DA:10,628502
DA:11,628502
DA:12,628502
DA:13,628502
DA:14,628502
LF:12
LH:12
end_of_record
TN:s21_test_out
SF:/Users/thalassa/C5_s21_decimal-1/src/secondary_functions/NoSE/is_equal_no_sign.c
FN:3,is_equal_no_sign
FNDA:9796,is_equal_no_sign
FNF:1
FNH:1
DA:3,9796
DA:4,9796
DA:5,9796
DA:6,9796
DA:7,9796
DA:8,2652228
DA:9,2651097
DA:10,2651097
DA:11,2651097
DA:12,8664
DA:13,8664
DA:14,2642433
DA:15,1
DA:16,1
DA:19,9796
LF:15
LH:15
end_of_record
TN:s21_test_out
SF:/Users/thalassa/C5_s21_decimal-1/src/secondary_functions/NoSE/is_less_no_sign.c
FN:3,is_less_no_sign
FNDA:2783,is_less_no_sign
FNF:1
FNH:1
DA:3,2783
DA:4,2783
DA:5,2783
DA:6,2783
DA:7,2783
DA:8,765894
DA:9,765885
DA:10,765885
DA:11,765885
DA:12,2197
DA:13,2197
DA:14,763688
DA:15,577
DA:16,577
DA:19,2783
LF:15
LH:15
end_of_record
TN:s21_test_out
SF:/Users/thalassa/C5_s21_decimal-1/src/extended_decimal/multiply_extdec_by_ten.c
FN:3,multiply_extdec_by_ten
FNDA:16714,multiply_extdec_by_ten
FNF:1
FNH:1
DA:3,16714
DA:5,16714
DA:6,16714
DA:7,16714
DA:8,16714
DA:9,16714
DA:10,16714
DA:11,16714
DA:12,16714
DA:14,16714
DA:15,16714
DA:17,16714
DA:18,16714
DA:19,16714
DA:20,16714
DA:21,16714
LF:16
LH:16
end_of_record
TN:s21_test_out
SF:/Users/thalassa/C5_s21_decimal-1/src/main_functions/Arithmetic_Operators/s21_add.c
FN:3,s21_add
FNDA:9,s21_add
FNF:1
FNH:1
DA:3,9
DA:5,9
DA:7,9
DA:8,9
DA:9,9
DA:10,9
DA:11,9
DA:12,9
DA:13,9
DA:14,9
DA:15,9
DA:16,9
DA:18,9
DA:19,2312
DA:20,2304
DA:21,2304
DA:22,2304
DA:23,2276
DA:24,2196
DA:25,72
DA:26,2204
DA:27,2196
DA:28,8
DA:29,8
DA:30,8
DA:32,28
DA:33,8
DA:34,20
DA:35,20
DA:36,8
DA:37,8
DA:38,8
DA:39,0
DA:40,0
DA:41,0
DA:44,8
DA:45,8
DA:46,8
DA:47,1
DA:50,0
DA:52,2
DA:53,1
DA:54,1
DA:55,1
DA:56,1
DA:57,0
DA:58,0
DA:59,0
DA:60,0
DA:61,0
DA:62,0
DA:63,0
DA:64,0
DA:65,0
DA:66,0
DA:67,0
DA:68,0
DA:69,0
DA:70,0
DA:71,0
DA:73,1
DA:76,9
DA:78,9
LF:63
LH:44
end_of_record
TN:s21_test_out
SF:/Users/thalassa/C5_s21_decimal-1/src/main_functions/Arithmetic_Operators/s21_div.c
FN:14,s21_div
FNDA:20,s21_div
FN:142,compare_scale_for_div
FNDA:20,compare_scale_for_div
FN:160,get_width
FNDA:1100,get_width
FN:170,get_needed_value_from_devinded
FNDA:16,get_needed_value_from_devinded
FN:208,subtraction_for_div
FNDA:506,subtraction_for_div
FN:234,set_next_digit
FNDA:74,set_next_digit
FNF:6
FNH:6
DA:14,20
DA:15,20
DA:17,20
DA:18,20
DA:19,20
DA:20,20
DA:22,20
DA:23,20
DA:24,20
DA:25,20
DA:26,20
DA:27,20
DA:29,20
DA:30,20
DA:31,20
DA:33,20
DA:34,20
DA:35,20
DA:36,20
DA:37,20
DA:38,20
DA:40,20
DA:42,20
DA:44,20
DA:45,1
DA:46,19
DA:47,1
DA:48,18
DA:49,2
DA:50,0
DA:51,0
DA:52,0
DA:54,2
DA:55,2
DA:56,2
DA:58,16
DA:59,48
DA:60,44
DA:61,44
DA:62,44
DA:64,4
DA:65,4
DA:67,16
DA:68,16
DA:70,16
DA:71,16
DA:72,16
DA:74,506
DA:75,506
DA:76,506
DA:77,71
DA:78,71
DA:79,71
DA:80,435
DA:81,432
DA:82,432
DA:84,512
DA:85,6
DA:86,3
DA:87,3
DA:88,3
DA:89,3
DA:90,3
DA:91,3
DA:92,3
DA:94,509
DA:95,6
DA:96,0
DA:97,0
DA:98,0
DA:99,0
DA:100,0
DA:101,0
DA:104,506
DA:105,0
DA:106,506
DA:107,0
DA:108,0
DA:110,506
DA:111,503
DA:112,427
DA:113,503
DA:114,503
DA:115,490
DA:116,0
DA:117,0
DA:120,490
DA:121,490
DA:124,20
DA:125,19
DA:126,19
DA:127,63
DA:128,44
DA:129,44
DA:130,44
DA:132,19
DA:134,20
DA:135,1
DA:136,19
DA:137,0
DA:139,20
DA:142,20
DA:144,20
DA:145,117
DA:146,97
DA:147,97
DA:148,97
DA:149,48
DA:150,48
DA:152,97
DA:153,0
DA:154,0
DA:156,97
DA:158,20
DA:160,1100
DA:161,1100
DA:162,1100
DA:163,6166
DA:164,5066
DA:165,5066
DA:167,1100
DA:170,16
DA:174,16
DA:175,16
DA:176,16
DA:177,16
DA:178,52
DA:179,48
DA:180,48
DA:181,48
DA:183,12
DA:184,84
DA:185,77
DA:186,77
DA:188,7
DA:189,7
DA:190,7
DA:191,5
DA:192,5
DA:193,45
DA:194,40
DA:195,40
DA:199,5
DA:200,4
DA:201,4
DA:202,4
DA:205,16
DA:208,506
DA:211,506
DA:212,506
DA:213,506
DA:214,506
DA:215,506
DA:216,506
DA:217,1681
DA:218,1676
DA:219,1676
DA:220,2182
DA:221,506
DA:222,501
DA:225,506
DA:226,506
DA:227,5
DA:229,501
DA:231,506
DA:234,74
DA:236,74
DA:237,72
DA:238,72
DA:239,849
DA:240,777
DA:241,777
DA:242,777
DA:244,72
DA:245,72
DA:246,72
DA:247,72
DA:249,74
LF:178
LH:161
end_of_record
TN:s21_test_out
SF:/Users/thalassa/C5_s21_decimal-1/src/main_functions/Another_functions/s21_floor.c
FN:3,s21_floor
FNDA:24,s21_floor
FNF:1
FNH:1
DA:3,24
DA:4,24
DA:5,24
DA:6,15
DA:9,9
DA:10,9
DA:11,9
DA:12,9
DA:14,9
DA:15,9
DA:16,9
DA:17,9
DA:19,0
DA:22,24
LF:14
LH:13
end_of_record
TN:s21_test_out
SF:/Users/thalassa/C5_s21_decimal-1/src/main_functions/Convertors_and_parsers/s21_from_decimal_to_float.c
FN:3,s21_from_decimal_to_float
FNDA:2,s21_from_decimal_to_float
FNF:1
FNH:1
DA:3,2
DA:4,2
DA:5,2
DA:6,2
DA:7,2
DA:8,194
DA:9,192
DA:10,20
DA:13,2
DA:14,2
DA:15,2
DA:16,13
DA:18,2
DA:20,0
DA:22,2
LF:15
LH:14
end_of_record
TN:s21_test_out
SF:/Users/thalassa/C5_s21_decimal-1/src/main_functions/Convertors_and_parsers/s21_from_decimal_to_int.c
FN:3,s21_from_decimal_to_int
FNDA:4,s21_from_decimal_to_int
FNF:1
FNH:1
DA:3,4
DA:5,4
DA:6,4
DA:7,4
DA:8,4
DA:9,4
DA:10,1
DA:13,0
DA:15,4
LF:9
LH:8
end_of_record
TN:s21_test_out
SF:/usr/local/lib/gcc/10/gcc/x86_64-apple-darwin20/10.3.0/include-fixed/math.h
DA:215,12
DA:224,12
LF:2
LH:2
end_of_record
SF:/Users/thalassa/C5_s21_decimal-1/src/main_functions/Convertors_and_parsers/s21_from_float_to_decimal.c
FN:3,s21_from_float_to_decimal
FNDA:12,s21_from_float_to_decimal
FNF:1
FNH:1
DA:3,12
DA:4,12
DA:5,12
DA:6,12
DA:7,12
DA:8,12
DA:9,12
DA:10,12
DA:11,36
DA:12,0
DA:14,96
DA:15,12
DA:16,62
DA:17,50
DA:18,50
DA:20,12
DA:21,12
DA:22,12
DA:23,12
DA:24,12
DA:25,12
DA:26,12
DA:27,12
DA:28,12
DA:29,140
DA:30,128
DA:31,128
DA:32,128
DA:33,128
DA:34,128
DA:38,12
DA:39,12
DA:42,0
DA:44,12
LF:34
LH:32
end_of_record
TN:s21_test_out
SF:/Users/thalassa/C5_s21_decimal-1/src/main_functions/Convertors_and_parsers/s21_from_int_to_decimal.c
FN:3,s21_from_int_to_decimal
FNDA:30,s21_from_int_to_decimal
FNF:1
FNH:1
DA:3,30
DA:4,30
DA:5,30
DA:6,30
DA:7,30
DA:8,8
DA:9,8
DA:11,30
DA:13,0
DA:15,30
LF:10
LH:9
end_of_record
TN:s21_test_out
SF:/Users/thalassa/C5_s21_decimal-1/src/main_functions/Comparison_Operators/s21_is_equal.c
FN:3,s21_is_equal
FNDA:69,s21_is_equal
FNF:1
FNH:1
DA:3,69
DA:5,69
DA:6,69
DA:8,69
DA:9,69
DA:10,69
DA:11,69
DA:12,69
DA:13,69
DA:14,16
DA:16,53
DA:17,13590
DA:18,13574
DA:19,13574
DA:20,13574
DA:21,14
DA:22,14
DA:23,13560
DA:24,23
DA:25,23
DA:29,69
LF:21
LH:21
end_of_record
TN:s21_test_out
SF:/Users/thalassa/C5_s21_decimal-1/src/main_functions/Comparison_Operators/s21_is_greater.c
FN:3,s21_is_greater
FNDA:0,s21_is_greater
FNF:1
FNH:0
DA:3,0
DA:4,0
DA:5,0
DA:6,0
DA:8,0
DA:10,0
LF:6
LH:0
end_of_record
TN:s21_test_out
SF:/Users/thalassa/C5_s21_decimal-1/src/main_functions/Comparison_Operators/s21_is_greater_or_equal.c
FN:3,s21_is_greater_or_equal
FNDA:0,s21_is_greater_or_equal
FNF:1
FNH:0
DA:3,0
DA:4,0
DA:5,0
DA:6,0
DA:7,0
DA:8,0
LF:6
LH:0
end_of_record
TN:s21_test_out
SF:/Users/thalassa/C5_s21_decimal-1/src/main_functions/Comparison_Operators/s21_is_less.c
FN:3,s21_is_less
FNDA:0,s21_is_less
FNF:1
FNH:0
DA:3,0
DA:5,0
DA:6,0
DA:7,0
DA:8,0
DA:9,0
DA:10,0
DA:11,0
DA:12,0
DA:13,0
DA:15,0
DA:16,0
DA:17,0
DA:18,0
DA:20,0
DA:21,0
DA:22,0
DA:23,0
DA:24,0
DA:25,0
DA:26,0
DA:27,0
DA:28,0
DA:29,0
DA:32,0
DA:33,0
DA:34,0
DA:35,0
DA:37,0
DA:39,0
LF:30
LH:0
end_of_record
TN:s21_test_out
SF:/Users/thalassa/C5_s21_decimal-1/src/main_functions/Comparison_Operators/s21_is_less_or_equal.c
FN:3,s21_is_less_or_equal
FNDA:0,s21_is_less_or_equal
FNF:1
FNH:0
DA:3,0
DA:4,0
DA:5,0
DA:6,0
DA:7,0
DA:8,0
LF:6
LH:0
end_of_record
TN:s21_test_out
SF:/Users/thalassa/C5_s21_decimal-1/src/main_functions/Comparison_Operators/s21_is_not_equal.c
FN:3,s21_is_not_equal
FNDA:19,s21_is_not_equal
FNF:1
FNH:1
DA:3,19
DA:4,19
DA:5,19
LF:3
LH:3
end_of_record
TN:s21_test_out
SF:/Users/thalassa/C5_s21_decimal-1/src/main_functions/Arithmetic_Operators/s21_mod.c
FN:3,s21_mod
FNDA:0,s21_mod
FNF:1
FNH:0
DA:3,0
DA:5,0
DA:6,0
DA:7,0
DA:8,0
DA:9,0
DA:11,0
DA:12,0
DA:13,0
DA:14,0
DA:15,0
DA:16,0
DA:17,0
DA:18,0
DA:19,0
DA:20,0
DA:21,0
DA:23,0
DA:24,0
DA:25,0
DA:26,0
DA:27,0
DA:28,0
DA:29,0
DA:30,0
DA:31,0
DA:33,0
DA:34,0
DA:35,0
DA:36,0
DA:37,0
DA:40,0
DA:42,0
DA:44,0
DA:45,0
DA:46,0
DA:47,0
DA:48,0
DA:49,0
DA:50,0
DA:51,0
DA:53,0
DA:54,0
DA:55,0
DA:56,0
DA:57,0
DA:60,0
DA:62,0
DA:63,0
DA:64,0
DA:65,0
DA:66,0
DA:67,0
DA:68,0
DA:70,0
DA:71,0
DA:72,0
DA:73,0
DA:74,0
DA:75,0
DA:78,0
DA:79,0
DA:80,0
DA:81,0
DA:83,0
DA:86,0
DA:88,0
LF:67
LH:0
end_of_record
TN:s21_test_out
SF:/Users/thalassa/C5_s21_decimal-1/src/main_functions/Arithmetic_Operators/s21_mul.c
FN:3,s21_mul
FNDA:0,s21_mul
FN:39,create_mask
FNDA:0,create_mask
FNF:2
FNH:0
DA:3,0
DA:4,0
DA:6,0
DA:7,0
DA:8,0
DA:10,0
DA:11,0
DA:12,0
DA:14,0
DA:15,0
DA:18,0
DA:19,0
DA:21,0
DA:22,0
DA:23,0
DA:25,0
DA:26,0
DA:28,0
DA:29,0
DA:30,0
DA:31,0
DA:32,0
DA:34,0
DA:36,0
DA:39,0
DA:42,0
DA:43,0
DA:44,0
DA:46,0
DA:48,0
DA:49,0
DA:51,0
DA:52,0
LF:33
LH:0
end_of_record
TN:s21_test_out
SF:/Users/thalassa/C5_s21_decimal-1/src/main_functions/Another_functions/s21_negate.c
FN:3,s21_negate
FNDA:0,s21_negate
FNF:1
FNH:0
DA:3,0
DA:4,0
DA:5,0
DA:6,0
DA:7,0
DA:8,0
LF:6
LH:0
end_of_record
TN:s21_test_out
SF:/Users/thalassa/C5_s21_decimal-1/src/main_functions/Another_functions/s21_round.c
FN:3,s21_round
FNDA:0,s21_round
FNF:1
FNH:0
DA:3,0
DA:6,0
DA:9,0
DA:10,0
DA:11,0
DA:12,0
DA:15,0
DA:16,0
DA:17,0
DA:19,0
DA:20,0
DA:22,0
DA:24,0
DA:25,0
DA:26,0
DA:27,0
DA:29,0
DA:31,0
DA:32,0
DA:34,0
DA:36,0
DA:37,0
DA:38,0
DA:39,0
DA:41,0
DA:42,0
DA:44,0
DA:45,0
DA:47,0
DA:48,0
DA:49,0
DA:51,0
DA:53,0
DA:54,0
DA:56,0
DA:57,0
DA:60,0
DA:61,0
LF:38
LH:0
end_of_record
TN:s21_test_out
SF:/Users/thalassa/C5_s21_decimal-1/src/main_functions/Arithmetic_Operators/s21_sub.c
FN:3,s21_sub
FNDA:1,s21_sub
FNF:1
FNH:1
DA:3,1
DA:5,1
DA:6,1
DA:7,1
DA:8,1
DA:9,1
DA:10,1
DA:12,1
DA:13,1
DA:14,0
DA:16,0
DA:18,1
DA:20,0
DA:21,0
DA:22,0
DA:23,0
DA:25,0
DA:27,0
DA:29,0
DA:30,0
DA:31,0
DA:32,0
DA:33,0
DA:34,0
DA:35,0
DA:36,0
DA:37,0
DA:38,0
DA:40,1
DA:41,1
LF:30
LH:12
end_of_record
TN:s21_test_out
SF:/Users/thalassa/C5_s21_decimal-1/src/s21_test.c
FN:40,sub_test_1_fn
FNDA:0,sub_test_1_fn
FN:56,sub_test_2_fn
FNDA:0,sub_test_2_fn
FN:72,sub_test_3_fn
FNDA:0,sub_test_3_fn
FN:88,sub_test_4_fn
FNDA:0,sub_test_4_fn
FN:104,sub_test_5_fn
FNDA:0,sub_test_5_fn
FN:120,sub_test_6_fn
FNDA:0,sub_test_6_fn
FN:136,sub_test_7_fn
FNDA:0,sub_test_7_fn
FN:152,sub_test_8_fn
FNDA:0,sub_test_8_fn
FN:168,sub_test_9_fn
FNDA:0,sub_test_9_fn
FN:184,sub_test_10_fn
FNDA:0,sub_test_10_fn
FN:200,sub_test_11_fn
FNDA:0,sub_test_11_fn
FN:216,sub_test_12_fn
FNDA:0,sub_test_12_fn
FN:232,sub_test_13_fn
FNDA:0,sub_test_13_fn
FN:248,sub_test_14_fn
FNDA:0,sub_test_14_fn
FN:264,sub_test_15_fn
FNDA:0,sub_test_15_fn
FN:280,sub_test_16_fn
FNDA:0,sub_test_16_fn
FN:296,sub_test_17_fn
FNDA:0,sub_test_17_fn
FN:312,sub_test_18_fn
FNDA:0,sub_test_18_fn
FN:328,sub_test_19_fn
FNDA:0,sub_test_19_fn
FN:344,sub_test_20_fn
FNDA:0,sub_test_20_fn
FN:360,sub_test_21_fn
FNDA:0,sub_test_21_fn
FN:376,s21_sub_int_22_fn
FNDA:0,s21_sub_int_22_fn
FN:392,s21_sub_int_23_fn
FNDA:0,s21_sub_int_23_fn
FN:408,s21_sub_int_24_fn
FNDA:0,s21_sub_int_24_fn
FN:424,s21_sub_int_25_fn
FNDA:0,s21_sub_int_25_fn
FN:440,s21_sub_int_26_fn
FNDA:0,s21_sub_int_26_fn
FN:456,s21_sub_inf_27_fn
FNDA:0,s21_sub_inf_27_fn
FN:466,s21_sub_neg_inf_28_fn
FNDA:0,s21_sub_neg_inf_28_fn
FN:476,s21_sub_max_30_fn
FNDA:0,s21_sub_max_30_fn
FN:502,s21_sub_max_31_fn
FNDA:0,s21_sub_max_31_fn
FN:528,s21_sub_max_32_fn
FNDA:0,s21_sub_max_32_fn
FN:554,s21_sub_max_33_fn
FNDA:0,s21_sub_max_33_fn
FN:570,s21_sub_max_34_fn
FNDA:0,s21_sub_max_34_fn
FN:586,s21_sub_max_35_fn
FNDA:0,s21_sub_max_35_fn
FN:602,s21_subTest1_fn
FNDA:0,s21_subTest1_fn
FN:631,s21_subTest2_fn
FNDA:0,s21_subTest2_fn
FN:660,s21_subTest3_fn
FNDA:0,s21_subTest3_fn
FN:689,s21_subTest4_fn
FNDA:0,s21_subTest4_fn
FN:718,s21_subTest5_fn
FNDA:0,s21_subTest5_fn
FN:747,s21_subTest6_fn
FNDA:0,s21_subTest6_fn
FN:776,s21_subTest7_fn
FNDA:0,s21_subTest7_fn
FN:805,s21_subTest8_fn
FNDA:0,s21_subTest8_fn
FN:834,s21_subTest9_fn
FNDA:0,s21_subTest9_fn
FN:863,s21_subTest10_fn
FNDA:0,s21_subTest10_fn
FN:892,s21_subTest11_fn
FNDA:0,s21_subTest11_fn
FN:921,s21_subTest12_fn
FNDA:0,s21_subTest12_fn
FN:950,s21_subTest13_fn
FNDA:0,s21_subTest13_fn
FN:979,s21_subTest14_fn
FNDA:0,s21_subTest14_fn
FN:1008,s21_subTest15_fn
FNDA:0,s21_subTest15_fn
FN:1037,s21_subTest16_fn
FNDA:0,s21_subTest16_fn
FN:1066,s21_subTest17_fn
FNDA:0,s21_subTest17_fn
FN:1099,s21_subTest18_fn
FNDA:0,s21_subTest18_fn
FN:1128,s21_subTest19_fn
FNDA:0,s21_subTest19_fn
FN:1166,s21_subTest20_fn
FNDA:0,s21_subTest20_fn
FN:1195,s21_subTest21_fn
FNDA:0,s21_subTest21_fn
FN:1224,s21_subTest22_fn
FNDA:0,s21_subTest22_fn
FN:1253,s21_subTest23_fn
FNDA:0,s21_subTest23_fn
FN:1282,s21_subTest24_fn
FNDA:0,s21_subTest24_fn
FN:1311,s21_subTest25_fn
FNDA:0,s21_subTest25_fn
FN:1340,s21_subTest26_fn
FNDA:0,s21_subTest26_fn
FN:1369,s21_subTest27_fn
FNDA:0,s21_subTest27_fn
FN:1398,s21_subTest28_fn
FNDA:0,s21_subTest28_fn
FN:1427,s21_subTest29_fn
FNDA:0,s21_subTest29_fn
FN:1456,s21_subTest30_fn
FNDA:0,s21_subTest30_fn
FN:1485,s21_subTest31_fn
FNDA:0,s21_subTest31_fn
FN:1514,s21_subTest32_fn
FNDA:0,s21_subTest32_fn
FN:1543,s21_subTest33_fn
FNDA:0,s21_subTest33_fn
FN:1572,s21_test_decimal_sub_simple_0_fn
FNDA:0,s21_test_decimal_sub_simple_0_fn
FN:1587,s21_test_decimal_sub_simple_1_fn
FNDA:0,s21_test_decimal_sub_simple_1_fn
FN:1602,s21_test_decimal_sub_simple_2_fn
FNDA:0,s21_test_decimal_sub_simple_2_fn
FN:1615,s21_test_decimal_sub_simple_3_fn
FNDA:0,s21_test_decimal_sub_simple_3_fn
FN:1627,s21_test_decimal_sub_simple_7_fn
FNDA:0,s21_test_decimal_sub_simple_7_fn
FN:1640,s21_test_decimal_sub_simple_8_fn
FNDA:0,s21_test_decimal_sub_simple_8_fn
FN:1653,s21_test_decimal_sub_simple_10_fn
FNDA:0,s21_test_decimal_sub_simple_10_fn
FN:1666,s21_test_decimal_sub_simple_11_fn
FNDA:0,s21_test_decimal_sub_simple_11_fn
FN:1678,mul_test_1_fn
FNDA:0,mul_test_1_fn
FN:1694,mul_test_2_fn
FNDA:0,mul_test_2_fn
FN:1710,mul_test_3_fn
FNDA:0,mul_test_3_fn
FN:1726,mul_test_4_fn
FNDA:0,mul_test_4_fn
FN:1742,mul_test_5_fn
FNDA:0,mul_test_5_fn
FN:1758,mul_test_6_fn
FNDA:0,mul_test_6_fn
FN:1774,mul_test_7_fn
FNDA:0,mul_test_7_fn
FN:1790,mul_test_8_fn
FNDA:0,mul_test_8_fn
FN:1808,add_test_1_fn
FNDA:0,add_test_1_fn
FN:1824,add_test_2_fn
FNDA:0,add_test_2_fn
FN:1839,add_test_3_fn
FNDA:0,add_test_3_fn
FN:1854,add_test_4_fn
FNDA:0,add_test_4_fn
FN:1869,add_test_5_fn
FNDA:0,add_test_5_fn
FN:1884,add_test_6_fn
FNDA:0,add_test_6_fn
FN:1899,add_test_7_fn
FNDA:0,add_test_7_fn
FN:1914,add_test_8_fn
FNDA:0,add_test_8_fn
FN:1929,add_test_9_fn
FNDA:0,add_test_9_fn
FN:1944,add_test_10_fn
FNDA:0,add_test_10_fn
FN:1959,add_test_11_fn
FNDA:0,add_test_11_fn
FN:1974,add_test_12_fn
FNDA:0,add_test_12_fn
FN:1989,add_test_13_fn
FNDA:0,add_test_13_fn
FN:2004,add_test_14_fn
FNDA:0,add_test_14_fn
FN:2019,add_test_15_fn
FNDA:0,add_test_15_fn
FN:2034,add_test_16_fn
FNDA:0,add_test_16_fn
FN:2049,add_test_17_fn
FNDA:0,add_test_17_fn
FN:2064,add_test_18_fn
FNDA:0,add_test_18_fn
FN:2079,add_test_19_fn
FNDA:0,add_test_19_fn
FN:2094,add_test_20_fn
FNDA:0,add_test_20_fn
FN:2109,add_test_21_fn
FNDA:0,add_test_21_fn
FN:2124,add_test_22_fn
FNDA:0,add_test_22_fn
FN:2139,add_test_23_fn
FNDA:0,add_test_23_fn
FN:2154,add_test_24_fn
FNDA:0,add_test_24_fn
FN:2181,add_test_25_fn
FNDA:0,add_test_25_fn
FN:2196,add_test_26_fn
FNDA:0,add_test_26_fn
FN:2205,add_test_27_fn
FNDA:0,add_test_27_fn
FN:2215,add_test_28_fn
FNDA:0,add_test_28_fn
FN:2239,add_test_29_fn
FNDA:0,add_test_29_fn
FN:2250,add_test_30_fn
FNDA:0,add_test_30_fn
FN:2261,add_0_fn
FNDA:0,add_0_fn
FN:2269,add_1_fn
FNDA:0,add_1_fn
FN:2277,add_2_fn
FNDA:0,add_2_fn
FN:2285,add_3_fn
FNDA:0,add_3_fn
FN:2294,add_4_fn
FNDA:0,add_4_fn
FN:2302,add_5_fn
FNDA:0,add_5_fn
FN:2310,add_6_fn
FNDA:0,add_6_fn
FN:2318,add_7_fn
FNDA:0,add_7_fn
FN:2326,add_8_fn
FNDA:0,add_8_fn
FN:2334,add_9_fn
FNDA:0,add_9_fn
FN:2342,add_10_fn
FNDA:0,add_10_fn
FN:2350,add_11_fn
FNDA:0,add_11_fn
FN:2359,add_12_fn
FNDA:0,add_12_fn
FN:2368,add_13_fn
FNDA:0,add_13_fn
FN:2376,add_14_fn
FNDA:0,add_14_fn
FN:2385,add_15_fn
FNDA:0,add_15_fn
FN:2393,add_16_fn
FNDA:0,add_16_fn
FN:2402,s21_test_decimal_add_0_fn
FNDA:0,s21_test_decimal_add_0_fn
FN:2416,s21_test_decimal_add_1_fn
FNDA:0,s21_test_decimal_add_1_fn
FN:2430,s21_test_decimal_add_2_fn
FNDA:0,s21_test_decimal_add_2_fn
FN:2445,s21_test_decimal_add_3_fn
FNDA:0,s21_test_decimal_add_3_fn
FN:2460,s21_test_decimal_add_4_fn
FNDA:0,s21_test_decimal_add_4_fn
FN:2475,s21_test_decimal_add_5_fn
FNDA:0,s21_test_decimal_add_5_fn
FN:2490,s21_test_decimal_add_6_fn
FNDA:0,s21_test_decimal_add_6_fn
FN:2506,s21_test_decimal_add_7_fn
FNDA:0,s21_test_decimal_add_7_fn
FN:2522,s21_test_decimal_add_8_fn
FNDA:0,s21_test_decimal_add_8_fn
FN:2538,s21_test_decimal_add_8_1_fn
FNDA:0,s21_test_decimal_add_8_1_fn
FN:2554,s21_test_decimal_add_9_fn
FNDA:0,s21_test_decimal_add_9_fn
FN:2570,s21_test_decimal_add_10_fn
FNDA:0,s21_test_decimal_add_10_fn
FN:2591,s21_test_decimal_add_11_fn
FNDA:0,s21_test_decimal_add_11_fn
FN:2607,s21_test_decimal_add_12_fn
FNDA:0,s21_test_decimal_add_12_fn
FN:2623,s21_test_decimal_add_13_fn
FNDA:0,s21_test_decimal_add_13_fn
FN:2639,s21_test_decimal_add_14_fn
FNDA:0,s21_test_decimal_add_14_fn
FN:2655,s21_test_decimal_add_15_fn
FNDA:0,s21_test_decimal_add_15_fn
FN:2676,s21_test_decimal_add_16_fn
FNDA:0,s21_test_decimal_add_16_fn
FN:2692,s21_test_decimal_add_17_fn
FNDA:0,s21_test_decimal_add_17_fn
FN:2713,s21_test_decimal_add_18_fn
FNDA:0,s21_test_decimal_add_18_fn
FN:2734,s21_test_decimal_add_19_fn
FNDA:0,s21_test_decimal_add_19_fn
FN:2755,s21_test_decimal_add_20_fn
FNDA:0,s21_test_decimal_add_20_fn
FN:2783,s21_test_decimal_add_21_fn
FNDA:0,s21_test_decimal_add_21_fn
FN:2804,s21_test_decimal_add_25_fn
FNDA:0,s21_test_decimal_add_25_fn
FN:2820,s21_test_decimal_add_26_fn
FNDA:0,s21_test_decimal_add_26_fn
FN:2838,s21_test_decimal_add_27_fn
FNDA:0,s21_test_decimal_add_27_fn
FN:2854,s21_test_decimal_add_28_fn
FNDA:0,s21_test_decimal_add_28_fn
FN:2879,s21_test_decimal_add_29_fn
FNDA:0,s21_test_decimal_add_29_fn
FN:2903,s21_test_decimal_add_30_fn
FNDA:0,s21_test_decimal_add_30_fn
FN:2931,s21_test_decimal_add_simple_0_fn
FNDA:0,s21_test_decimal_add_simple_0_fn
FN:2947,s21_test_decimal_add_simple_1_fn
FNDA:0,s21_test_decimal_add_simple_1_fn
FN:2963,s21_test_decimal_add_simple_2_fn
FNDA:0,s21_test_decimal_add_simple_2_fn
FN:2977,s21_test_decimal_add_simple_3_fn
FNDA:0,s21_test_decimal_add_simple_3_fn
FN:2993,s21_test_decimal_add_simple_4_fn
FNDA:0,s21_test_decimal_add_simple_4_fn
FN:3009,s21_test_decimal_add_simple_5_fn
FNDA:0,s21_test_decimal_add_simple_5_fn
FN:3030,s21_test_decimal_add_simple_6_fn
FNDA:0,s21_test_decimal_add_simple_6_fn
FN:3046,s21_test_decimal_add_simple_7_fn
FNDA:0,s21_test_decimal_add_simple_7_fn
FN:3062,s21_test_decimal_add_simple_8_fn
FNDA:0,s21_test_decimal_add_simple_8_fn
FN:3078,s21_test_decimal_add_simple_9_fn
FNDA:0,s21_test_decimal_add_simple_9_fn
FN:3099,s21_test_decimal_add_simple_10_fn
FNDA:0,s21_test_decimal_add_simple_10_fn
FN:3119,s21_test_decimal_add_simple_11_fn
FNDA:0,s21_test_decimal_add_simple_11_fn
FN:3135,s21_test_decimal_add_simple_12_fn
FNDA:0,s21_test_decimal_add_simple_12_fn
FN:3151,s21_test_decimal_add_simple_13_fn
FNDA:0,s21_test_decimal_add_simple_13_fn
FN:3172,s21_test_decimal_add_simple_14_fn
FNDA:0,s21_test_decimal_add_simple_14_fn
FN:3192,s21_test_decimal_add_simple_20_fn
FNDA:0,s21_test_decimal_add_simple_20_fn
FN:3208,s21_test_decimal_add_simple_21_fn
FNDA:0,s21_test_decimal_add_simple_21_fn
FN:3225,s21_test_decimal_add_simple_22_fn
FNDA:0,s21_test_decimal_add_simple_22_fn
FN:3241,s21_test_decimal_add_simple_23_fn
FNDA:0,s21_test_decimal_add_simple_23_fn
FN:3262,s21_add_max_31_fn
FNDA:0,s21_add_max_31_fn
FN:3278,s21_add_max_32_fn
FNDA:0,s21_add_max_32_fn
FN:3294,s21_add_max_33_fn
FNDA:0,s21_add_max_33_fn
FN:3310,s21_add_max_34_fn
FNDA:0,s21_add_max_34_fn
FN:3336,s21_add_max_35_fn
FNDA:0,s21_add_max_35_fn
FN:3362,s21_add_max_36_fn
FNDA:0,s21_add_max_36_fn
FN:3388,add_test_37_fn
FNDA:0,add_test_37_fn
FN:3417,s21_div_box_1_3_0_0_fn
FNDA:1,s21_div_box_1_3_0_0_fn
FN:3432,s21_div_box_1_3_0_1_fn
FNDA:1,s21_div_box_1_3_0_1_fn
FN:3447,s21_div_box_1_3_1_0_fn
FNDA:1,s21_div_box_1_3_1_0_fn
FN:3462,s21_div_box_1_3_1_1_fn
FNDA:1,s21_div_box_1_3_1_1_fn
FN:3477,s21_div_box_1_3_10_10_fn
FNDA:1,s21_div_box_1_3_10_10_fn
FN:3492,s21_div_box_1_3_28_28_fn
FNDA:1,s21_div_box_1_3_28_28_fn
FN:3507,s21_div_box_1_3_28_0_fn
FNDA:1,s21_div_box_1_3_28_0_fn
FN:3522,s21_div_box_1_3_0_28_fn
FNDA:1,s21_div_box_1_3_0_28_fn
FN:3537,s21_div_box_1_3_5_15_fn
FNDA:1,s21_div_box_1_3_5_15_fn
FN:3552,s21_div_box_1_3_15_5_fn
FNDA:1,s21_div_box_1_3_15_5_fn
FN:3567,s21_div_box_1_3_5_0_fn
FNDA:1,s21_div_box_1_3_5_0_fn
FN:3582,s21_div_box_1_3_0_5_fn
FNDA:1,s21_div_box_1_3_0_5_fn
FN:3596,div_test_1_fn
FNDA:1,div_test_1_fn
FN:3612,div_test_2_fn
FNDA:1,div_test_2_fn
FN:3628,div_test_3_fn
FNDA:1,div_test_3_fn
FN:3644,div_test_4_fn
FNDA:1,div_test_4_fn
FN:3660,div_test_5_fn
FNDA:1,div_test_5_fn
FN:3682,div_test_6_fn
FNDA:1,div_test_6_fn
FN:3711,div_test_7_fn
FNDA:1,div_test_7_fn
FN:3741,div_test_8_fn
FNDA:1,div_test_8_fn
FN:3774,equal_1_fn
FNDA:1,equal_1_fn
FN:3785,equal_2_fn
FNDA:1,equal_2_fn
FN:3796,equal_3_fn
FNDA:1,equal_3_fn
FN:3807,equal_4_fn
FNDA:1,equal_4_fn
FN:3818,equal_5_fn
FNDA:1,equal_5_fn
FN:3829,equal_6_fn
FNDA:1,equal_6_fn
FN:3840,equal_7_fn
FNDA:1,equal_7_fn
FN:3851,equal_8_fn
FNDA:1,equal_8_fn
FN:3862,equal_9_fn
FNDA:1,equal_9_fn
FN:3873,equal_10_fn
FNDA:1,equal_10_fn
FN:3884,s21_equal_null_12_fn
FNDA:1,s21_equal_null_12_fn
FN:3893,s21_is_equalTest1_fn
FNDA:1,s21_is_equalTest1_fn
FN:3913,s21_is_equalTest2_fn
FNDA:1,s21_is_equalTest2_fn
FN:3934,s21_is_equalTest3_fn
FNDA:1,s21_is_equalTest3_fn
FN:3955,s21_is_equalTest4_fn
FNDA:1,s21_is_equalTest4_fn
FN:3976,s21_is_equalTest5_fn
FNDA:1,s21_is_equalTest5_fn
FN:3997,s21_is_equalTest6_fn
FNDA:1,s21_is_equalTest6_fn
FN:4018,s21_is_equalTest7_fn
FNDA:1,s21_is_equalTest7_fn
FN:4039,s21_is_equalTest8_fn
FNDA:1,s21_is_equalTest8_fn
FN:4060,s21_is_equalTest9_fn
FNDA:1,s21_is_equalTest9_fn
FN:4081,s21_is_equalTest10_fn
FNDA:1,s21_is_equalTest10_fn
FN:4102,s21_is_equalTest11_fn
FNDA:1,s21_is_equalTest11_fn
FN:4123,s21_is_equalTest12_fn
FNDA:1,s21_is_equalTest12_fn
FN:4144,s21_is_equalTest13_fn
FNDA:1,s21_is_equalTest13_fn
FN:4165,s21_is_equalTest14_fn
FNDA:1,s21_is_equalTest14_fn
FN:4186,s21_is_equalTest15_fn
FNDA:1,s21_is_equalTest15_fn
FN:4207,s21_is_equalTest16_fn
FNDA:1,s21_is_equalTest16_fn
FN:4228,s21_is_equalTest17_fn
FNDA:1,s21_is_equalTest17_fn
FN:4249,s21_is_equalTest18_fn
FNDA:1,s21_is_equalTest18_fn
FN:4270,s21_is_equalTest19_fn
FNDA:1,s21_is_equalTest19_fn
FN:4291,s21_is_equalTest20_fn
FNDA:1,s21_is_equalTest20_fn
FN:4312,s21_is_equalTest21_fn
FNDA:1,s21_is_equalTest21_fn
FN:4333,s21_is_equalTest22_fn
FNDA:1,s21_is_equalTest22_fn
FN:4354,s21_is_equalTest23_fn
FNDA:1,s21_is_equalTest23_fn
FN:4375,s21_is_equalTest24_fn
FNDA:1,s21_is_equalTest24_fn
FN:4396,s21_is_equalTest25_fn
FNDA:1,s21_is_equalTest25_fn
FN:4417,s21_is_equalTest26_fn
FNDA:1,s21_is_equalTest26_fn
FN:4438,s21_is_equalTest27_fn
FNDA:1,s21_is_equalTest27_fn
FN:4459,s21_is_equalTest28_fn
FNDA:1,s21_is_equalTest28_fn
FN:4480,s21_is_equalTest29_fn
FNDA:1,s21_is_equalTest29_fn
FN:4501,s21_is_equalTest30_fn
FNDA:1,s21_is_equalTest30_fn
FN:4522,s21_is_equalTest31_fn
FNDA:1,s21_is_equalTest31_fn
FN:4543,s21_is_equalTest32_fn
FNDA:1,s21_is_equalTest32_fn
FN:4564,s21_is_equalTest33_fn
FNDA:1,s21_is_equalTest33_fn
FN:4585,s21_is_equalTest34_fn
FNDA:1,s21_is_equalTest34_fn
FN:4606,s21_is_equalTest35_fn
FNDA:1,s21_is_equalTest35_fn
FN:4627,s21_is_equalTest36_fn
FNDA:1,s21_is_equalTest36_fn
FN:4650,not_equal_1_fn
FNDA:1,not_equal_1_fn
FN:4661,not_equal_2_fn
FNDA:1,not_equal_2_fn
FN:4672,not_equal_3_fn
FNDA:1,not_equal_3_fn
FN:4683,not_equal_4_fn
FNDA:1,not_equal_4_fn
FN:4694,not_equal_5_fn
FNDA:1,not_equal_5_fn
FN:4705,not_equal_6_fn
FNDA:1,not_equal_6_fn
FN:4716,s21_not_equal_7_fn
FNDA:1,s21_not_equal_7_fn
FN:4739,s21_floor_1_fn
FNDA:1,s21_floor_1_fn
FN:4759,s21_floor_2_fn
FNDA:1,s21_floor_2_fn
FN:4779,s21_floor_3_fn
FNDA:1,s21_floor_3_fn
FN:4799,s21_floor_4_fn
FNDA:1,s21_floor_4_fn
FN:4819,s21_floor_5_fn
FNDA:1,s21_floor_5_fn
FN:4840,s21_floor_6_fn
FNDA:1,s21_floor_6_fn
FN:4861,s21_floor_7_fn
FNDA:1,s21_floor_7_fn
FN:4882,s21_floor_8_fn
FNDA:1,s21_floor_8_fn
FN:4903,s21_floor_9_fn
FNDA:1,s21_floor_9_fn
FN:4924,s21_floor_10_fn
FNDA:1,s21_floor_10_fn
FN:4945,s21_floor_11_fn
FNDA:1,s21_floor_11_fn
FN:4966,s21_floor_01_fn
FNDA:1,s21_floor_01_fn
FN:4988,s21_floor_02_fn
FNDA:1,s21_floor_02_fn
FN:5011,s21_floorTest1_fn
FNDA:1,s21_floorTest1_fn
FN:5032,s21_floorTest2_fn
FNDA:1,s21_floorTest2_fn
FN:5053,s21_floorTest3_fn
FNDA:1,s21_floorTest3_fn
FN:5074,s21_floorTest4_fn
FNDA:1,s21_floorTest4_fn
FN:5095,s21_floorTest5_fn
FNDA:1,s21_floorTest5_fn
FN:5116,s21_floorTest6_fn
FNDA:1,s21_floorTest6_fn
FN:5137,s21_floorTest7_fn
FNDA:1,s21_floorTest7_fn
FN:5158,s21_floorTest8_fn
FNDA:1,s21_floorTest8_fn
FN:5179,s21_floorTest9_fn
FNDA:1,s21_floorTest9_fn
FN:5201,s21_floorTest10_fn
FNDA:1,s21_floorTest10_fn
FN:5222,s21_floorTest11_fn
FNDA:1,s21_floorTest11_fn
FN:5247,s21_trun_1_fn
FNDA:0,s21_trun_1_fn
FN:5267,s21_trun_2_fn
FNDA:0,s21_trun_2_fn
FN:5287,s21_trun_3_fn
FNDA:0,s21_trun_3_fn
FN:5308,s21_trun_4_fn
FNDA:0,s21_trun_4_fn
FN:5330,s21_truncate_1_fn
FNDA:0,s21_truncate_1_fn
FN:5351,s21_truncate_2_fn
FNDA:0,s21_truncate_2_fn
FN:5372,s21_truncate_3_fn
FNDA:0,s21_truncate_3_fn
FN:5393,s21_truncate_4_fn
FNDA:0,s21_truncate_4_fn
FN:5414,s21_truncate_5_fn
FNDA:0,s21_truncate_5_fn
FN:5435,s21_truncate_6_fn
FNDA:0,s21_truncate_6_fn
FN:5457,s21_truncate_7_fn
FNDA:0,s21_truncate_7_fn
FN:5478,s21_truncate_8_fn
FNDA:0,s21_truncate_8_fn
FN:5499,s21_truncateTest1_fn
FNDA:0,s21_truncateTest1_fn
FN:5522,s21_truncateTest2_fn
FNDA:0,s21_truncateTest2_fn
FN:5545,s21_truncateTest3_fn
FNDA:0,s21_truncateTest3_fn
FN:5568,s21_truncateTest4_fn
FNDA:0,s21_truncateTest4_fn
FN:5591,s21_truncateTest5_fn
FNDA:0,s21_truncateTest5_fn
FN:5614,s21_truncateTest6_fn
FNDA:0,s21_truncateTest6_fn
FN:5637,s21_truncateTest7_fn
FNDA:0,s21_truncateTest7_fn
FN:5660,s21_truncateTest8_fn
FNDA:0,s21_truncateTest8_fn
FN:5683,s21_truncateTest9_fn
FNDA:0,s21_truncateTest9_fn
FN:5706,s21_truncateTest10_fn
FNDA:0,s21_truncateTest10_fn
FN:5729,s21_truncateTest11_fn
FNDA:0,s21_truncateTest11_fn
FN:5754,s21_round_1_fn
FNDA:0,s21_round_1_fn
FN:5774,s21_round_2_fn
FNDA:0,s21_round_2_fn
FN:5794,s21_round_3_fn
FNDA:0,s21_round_3_fn
FN:5815,s21_round_4_fn
FNDA:0,s21_round_4_fn
FN:5835,s21_round_5_fn
FNDA:0,s21_round_5_fn
FN:5855,s21_round_6_fn
FNDA:0,s21_round_6_fn
FN:5875,s21_round_7_fn
FNDA:0,s21_round_7_fn
FN:5896,s21_round_8_fn
FNDA:0,s21_round_8_fn
FN:5917,s21_round_9_fn
FNDA:0,s21_round_9_fn
FN:5938,s21_round_10_fn
FNDA:0,s21_round_10_fn
FN:5959,s21_round_11_fn
FNDA:0,s21_round_11_fn
FN:5980,s21_round_12_fn
FNDA:0,s21_round_12_fn
FN:6001,s21_round_13_fn
FNDA:0,s21_round_13_fn
FN:6023,s21_roundTest1_fn
FNDA:0,s21_roundTest1_fn
FN:6045,s21_roundTest2_fn
FNDA:0,s21_roundTest2_fn
FN:6067,s21_roundTest3_fn
FNDA:0,s21_roundTest3_fn
FN:6089,s21_roundTest4_fn
FNDA:0,s21_roundTest4_fn
FN:6111,s21_roundTest5_fn
FNDA:0,s21_roundTest5_fn
FN:6133,s21_roundTest6_fn
FNDA:0,s21_roundTest6_fn
FN:6155,s21_roundTest7_fn
FNDA:0,s21_roundTest7_fn
FN:6177,s21_roundTest8_fn
FNDA:0,s21_roundTest8_fn
FN:6199,s21_roundTest9_fn
FNDA:0,s21_roundTest9_fn
FN:6221,s21_roundTest10_fn
FNDA:0,s21_roundTest10_fn
FN:6243,s21_roundTest11_fn
FNDA:0,s21_roundTest11_fn
FN:6265,s21_roundTest12_fn
FNDA:0,s21_roundTest12_fn
FN:6287,s21_roundTest13_fn
FNDA:0,s21_roundTest13_fn
FN:6309,s21_roundTest14_fn
FNDA:0,s21_roundTest14_fn
FN:6331,s21_roundTest15_fn
FNDA:0,s21_roundTest15_fn
FN:6355,s21_negate_1_fn
FNDA:0,s21_negate_1_fn
FN:6367,s21_negate_2_fn
FNDA:0,s21_negate_2_fn
FN:6379,s21_negate_3_fn
FNDA:0,s21_negate_3_fn
FN:6391,s21_negate_4_fn
FNDA:0,s21_negate_4_fn
FN:6403,s21_negate_5_fn
FNDA:0,s21_negate_5_fn
FN:6415,s21_test_negate_0_fn
FNDA:0,s21_test_negate_0_fn
FN:6423,s21_test_negate_1_fn
FNDA:0,s21_test_negate_1_fn
FN:6435,s21_test_negate_2_fn
FNDA:0,s21_test_negate_2_fn
FN:6447,s21_test_negate_3_fn
FNDA:0,s21_test_negate_3_fn
FN:6459,s21_test_negate_4_fn
FNDA:0,s21_test_negate_4_fn
FN:6471,s21_test_negate_5_fn
FNDA:0,s21_test_negate_5_fn
FN:6483,s21_test_negate_6_fn
FNDA:0,s21_test_negate_6_fn
FN:6495,s21_test_negate_7_fn
FNDA:0,s21_test_negate_7_fn
FN:6507,s21_test_negate_8_fn
FNDA:0,s21_test_negate_8_fn
FN:6519,negate_0_fn
FNDA:0,negate_0_fn
FN:6526,negate_1_fn
FNDA:0,negate_1_fn
FN:6533,negate_2_fn
FNDA:0,negate_2_fn
FN:6540,negate_3_fn
FNDA:0,negate_3_fn
FN:6549,mod_test_1_fn
FNDA:0,mod_test_1_fn
FN:6565,mod_test_2_fn
FNDA:0,mod_test_2_fn
FN:6581,mod_test_3_fn
FNDA:0,mod_test_3_fn
FN:6597,mod_test_4_fn
FNDA:0,mod_test_4_fn
FN:6614,mod_test_5_fn
FNDA:0,mod_test_5_fn
FN:6630,mod_test_6_fn
FNDA:0,mod_test_6_fn
FN:6646,mod_test_7_fn
FNDA:0,mod_test_7_fn
FN:6678,mod_test_8_fn
FNDA:0,mod_test_8_fn
FN:6710,mod_test_9_fn
FNDA:0,mod_test_9_fn
FN:6742,mod_test_10_fn
FNDA:0,mod_test_10_fn
FN:6774,mod_test_11_fn
FNDA:0,mod_test_11_fn
FN:6806,mod_test_12_fn
FNDA:0,mod_test_12_fn
FN:6838,mod_test_13_fn
FNDA:0,mod_test_13_fn
FN:6872,mod_test_14_fn
FNDA:0,mod_test_14_fn
FN:6901,mod_test_15_fn
FNDA:0,mod_test_15_fn
FN:6932,less_1_fn
FNDA:0,less_1_fn
FN:6943,less_2_fn
FNDA:0,less_2_fn
FN:6954,less_3_fn
FNDA:0,less_3_fn
FN:6965,less_4_fn
FNDA:0,less_4_fn
FN:6976,less_5_fn
FNDA:0,less_5_fn
FN:6987,less_6_fn
FNDA:0,less_6_fn
FN:6998,less_7_fn
FNDA:0,less_7_fn
FN:7009,s21_less_8_fn
FNDA:0,s21_less_8_fn
FN:7049,less_or_equal_1_fn
FNDA:0,less_or_equal_1_fn
FN:7060,less_or_equal_2_fn
FNDA:0,less_or_equal_2_fn
FN:7071,less_or_equal_3_fn
FNDA:0,less_or_equal_3_fn
FN:7082,less_or_equal_4_fn
FNDA:0,less_or_equal_4_fn
FN:7093,less_or_equal_5_fn
FNDA:0,less_or_equal_5_fn
FN:7104,less_or_equal_6_fn
FNDA:0,less_or_equal_6_fn
FN:7115,less_or_equal_7_fn
FNDA:0,less_or_equal_7_fn
FN:7126,less_or_equal_8_fn
FNDA:0,less_or_equal_8_fn
FN:7137,less_or_equal_9_fn
FNDA:0,less_or_equal_9_fn
FN:7148,less_or_equal_10_fn
FNDA:0,less_or_equal_10_fn
FN:7159,less_or_equal_11_fn
FNDA:0,less_or_equal_11_fn
FN:7170,less_or_equal_12_fn
FNDA:0,less_or_equal_12_fn
FN:7181,less_or_equal_13_fn
FNDA:0,less_or_equal_13_fn
FN:7192,less_or_equal_14_fn
FNDA:0,less_or_equal_14_fn
FN:7203,less_or_equal_15_fn
FNDA:0,less_or_equal_15_fn
FN:7214,less_or_equal_16_fn
FNDA:0,less_or_equal_16_fn
FN:7225,less_or_equal_17_fn
FNDA:0,less_or_equal_17_fn
FN:7236,less_or_equal_18_fn
FNDA:0,less_or_equal_18_fn
FN:7247,less_or_equal_19_fn
FNDA:0,less_or_equal_19_fn
FN:7258,less_or_equal_20_fn
FNDA:0,less_or_equal_20_fn
FN:7269,less_or_equal_21_fn
FNDA:0,less_or_equal_21_fn
FN:7280,less_or_equal_22_fn
FNDA:0,less_or_equal_22_fn
FN:7291,s21_less_or_equal_23_fn
FNDA:0,s21_less_or_equal_23_fn
FN:7329,s21_test_is_less_or_equal_1_fn
FNDA:0,s21_test_is_less_or_equal_1_fn
FN:7337,s21_test_is_less_or_equal_2_fn
FNDA:0,s21_test_is_less_or_equal_2_fn
FN:7344,s21_test_is_less_or_equal_2i_fn
FNDA:0,s21_test_is_less_or_equal_2i_fn
FN:7351,s21_test_is_less_or_equal_3_fn
FNDA:0,s21_test_is_less_or_equal_3_fn
FN:7358,s21_test_is_less_or_equal_4_fn
FNDA:0,s21_test_is_less_or_equal_4_fn
FN:7365,s21_test_is_less_or_equal_41_fn
FNDA:0,s21_test_is_less_or_equal_41_fn
FN:7372,s21_test_is_less_or_equal_5_fn
FNDA:0,s21_test_is_less_or_equal_5_fn
FN:7386,s21_test_is_less_or_equal_6_fn
FNDA:0,s21_test_is_less_or_equal_6_fn
FN:7393,s21_test_is_less_or_equal_7_fn
FNDA:0,s21_test_is_less_or_equal_7_fn
FN:7400,s21_test_is_less_or_equal_8_fn
FNDA:0,s21_test_is_less_or_equal_8_fn
FN:7407,s21_test_is_less_or_equal_9_fn
FNDA:0,s21_test_is_less_or_equal_9_fn
FN:7414,s21_test_is_less_or_equal_10_fn
FNDA:0,s21_test_is_less_or_equal_10_fn
FN:7421,s21_is_less_or_equalTest1_fn
FNDA:0,s21_is_less_or_equalTest1_fn
FN:7442,s21_is_less_or_equalTest2_fn
FNDA:0,s21_is_less_or_equalTest2_fn
FN:7463,s21_is_less_or_equalTest3_fn
FNDA:0,s21_is_less_or_equalTest3_fn
FN:7485,s21_is_less_or_equalTest4_fn
FNDA:0,s21_is_less_or_equalTest4_fn
FN:7506,s21_is_less_or_equalTest5_fn
FNDA:0,s21_is_less_or_equalTest5_fn
FN:7527,s21_is_less_or_equalTest6_fn
FNDA:0,s21_is_less_or_equalTest6_fn
FN:7548,s21_is_less_or_equalTest7_fn
FNDA:0,s21_is_less_or_equalTest7_fn
FN:7569,s21_is_less_or_equalTest8_fn
FNDA:0,s21_is_less_or_equalTest8_fn
FN:7590,s21_is_less_or_equalTest9_fn
FNDA:0,s21_is_less_or_equalTest9_fn
FN:7611,s21_is_less_or_equalTest10_fn
FNDA:0,s21_is_less_or_equalTest10_fn
FN:7632,s21_is_less_or_equalTest11_fn
FNDA:0,s21_is_less_or_equalTest11_fn
FN:7653,s21_is_less_or_equalTest12_fn
FNDA:0,s21_is_less_or_equalTest12_fn
FN:7675,s21_is_less_or_equalTest13_fn
FNDA:0,s21_is_less_or_equalTest13_fn
FN:7696,s21_is_less_or_equalTest14_fn
FNDA:0,s21_is_less_or_equalTest14_fn
FN:7717,s21_is_less_or_equalTest15_fn
FNDA:0,s21_is_less_or_equalTest15_fn
FN:7738,s21_is_less_or_equalTest16_fn
FNDA:0,s21_is_less_or_equalTest16_fn
FN:7758,s21_is_less_or_equalTest18_fn
FNDA:0,s21_is_less_or_equalTest18_fn
FN:7778,s21_is_less_or_equalTest19_fn
FNDA:0,s21_is_less_or_equalTest19_fn
FN:7799,s21_is_less_or_equalTest20_fn
FNDA:0,s21_is_less_or_equalTest20_fn
FN:7819,s21_is_less_or_equalTest21_fn
FNDA:0,s21_is_less_or_equalTest21_fn
FN:7839,s21_is_less_or_equalTest22_fn
FNDA:0,s21_is_less_or_equalTest22_fn
FN:7859,s21_is_less_or_equalTest23_fn
FNDA:0,s21_is_less_or_equalTest23_fn
FN:7879,s21_is_less_or_equalTest24_fn
FNDA:0,s21_is_less_or_equalTest24_fn
FN:7899,s21_is_less_or_equalTest25_fn
FNDA:0,s21_is_less_or_equalTest25_fn
FN:7919,s21_is_less_or_equalTest26_fn
FNDA:0,s21_is_less_or_equalTest26_fn
FN:7939,s21_is_less_or_equalTest27_fn
FNDA:0,s21_is_less_or_equalTest27_fn
FN:7959,s21_is_less_or_equalTest28_fn
FNDA:0,s21_is_less_or_equalTest28_fn
FN:7979,s21_is_less_or_equalTest29_fn
FNDA:0,s21_is_less_or_equalTest29_fn
FN:7999,s21_is_less_or_equalTest30_fn
FNDA:0,s21_is_less_or_equalTest30_fn
FN:8023,s21_is_less_or_equalTest31_fn
FNDA:0,s21_is_less_or_equalTest31_fn
FN:8043,s21_is_less_or_equalTest32_fn
FNDA:0,s21_is_less_or_equalTest32_fn
FN:8063,s21_is_less_or_equalTest33_fn
FNDA:0,s21_is_less_or_equalTest33_fn
FN:8083,s21_is_less_or_equalTest34_fn
FNDA:0,s21_is_less_or_equalTest34_fn
FN:8103,s21_is_less_or_equalTest35_fn
FNDA:0,s21_is_less_or_equalTest35_fn
FN:8123,s21_is_less_or_equalTest36_fn
FNDA:0,s21_is_less_or_equalTest36_fn
FN:8145,greater_1_fn
FNDA:0,greater_1_fn
FN:8156,greater_2_fn
FNDA:0,greater_2_fn
FN:8167,greater_3_fn
FNDA:0,greater_3_fn
FN:8178,greater_4_fn
FNDA:0,greater_4_fn
FN:8189,greater_5_fn
FNDA:0,greater_5_fn
FN:8200,greater_6_fn
FNDA:0,greater_6_fn
FN:8211,greater_7_fn
FNDA:0,greater_7_fn
FN:8222,greater_8_fn
FNDA:0,greater_8_fn
FN:8233,greater_9_fn
FNDA:0,greater_9_fn
FN:8244,greater_10_fn
FNDA:0,greater_10_fn
FN:8255,greater_11_fn
FNDA:0,greater_11_fn
FN:8284,greater_12_fn
FNDA:0,greater_12_fn
FN:8292,greater_13_fn
FNDA:0,greater_13_fn
FN:8299,greater_14_fn
FNDA:0,greater_14_fn
FN:8306,greater_15_fn
FNDA:0,greater_15_fn
FN:8313,greater_16_fn
FNDA:0,greater_16_fn
FN:8320,greater_17_fn
FNDA:0,greater_17_fn
FN:8327,greater_18_fn
FNDA:0,greater_18_fn
FN:8334,greater_19_fn
FNDA:0,greater_19_fn
FN:8341,greater_20_fn
FNDA:0,greater_20_fn
FN:8348,greater_21_fn
FNDA:0,greater_21_fn
FN:8355,greater_22_fn
FNDA:0,greater_22_fn
FN:8362,greater_23_fn
FNDA:0,greater_23_fn
FN:8369,greater_24_fn
FNDA:0,greater_24_fn
FN:8376,greater_25_fn
FNDA:0,greater_25_fn
FN:8396,greater_26_fn
FNDA:0,greater_26_fn
FN:8416,greater_27_fn
FNDA:0,greater_27_fn
FN:8436,greater_28_fn
FNDA:0,greater_28_fn
FN:8456,greater_29_fn
FNDA:0,greater_29_fn
FN:8476,greater_30_fn
FNDA:0,greater_30_fn
FN:8496,greater_31_fn
FNDA:0,greater_31_fn
FN:8516,greater_32_fn
FNDA:0,greater_32_fn
FN:8536,greater_33_fn
FNDA:0,greater_33_fn
FN:8556,greater_34_fn
FNDA:0,greater_34_fn
FN:8576,greater_35_fn
FNDA:0,greater_35_fn
FN:8596,greater_36_fn
FNDA:0,greater_36_fn
FN:8616,greater_37_fn
FNDA:0,greater_37_fn
FN:8636,greater_38_fn
FNDA:0,greater_38_fn
FN:8656,greater_39_fn
FNDA:0,greater_39_fn
FN:8676,greater_40_fn
FNDA:0,greater_40_fn
FN:8696,greater_41_fn
FNDA:0,greater_41_fn
FN:8716,greater_42_fn
FNDA:0,greater_42_fn
FN:8736,greater_43_fn
FNDA:0,greater_43_fn
FN:8756,greater_44_fn
FNDA:0,greater_44_fn
FN:8776,greater_45_fn
FNDA:0,greater_45_fn
FN:8796,greater_46_fn
FNDA:0,greater_46_fn
FN:8816,greater_47_fn
FNDA:0,greater_47_fn
FN:8836,greater_48_fn
FNDA:0,greater_48_fn
FN:8856,greater_49_fn
FNDA:0,greater_49_fn
FN:8876,greater_50_fn
FNDA:0,greater_50_fn
FN:8896,greater_51_fn
FNDA:0,greater_51_fn
FN:8916,greater_52_fn
FNDA:0,greater_52_fn
FN:8936,greater_53_fn
FNDA:0,greater_53_fn
FN:8956,greater_54_fn
FNDA:0,greater_54_fn
FN:8976,greater_55_fn
FNDA:0,greater_55_fn
FN:8996,greater_56_fn
FNDA:0,greater_56_fn
FN:9016,greater_57_fn
FNDA:0,greater_57_fn
FN:9036,greater_58_fn
FNDA:0,greater_58_fn
FN:9056,greater_59_fn
FNDA:0,greater_59_fn
FN:9076,greater_60_fn
FNDA:0,greater_60_fn
FN:9098,greater_or_equal_1_fn
FNDA:0,greater_or_equal_1_fn
FN:9109,greater_or_equal_2_fn
FNDA:0,greater_or_equal_2_fn
FN:9120,greater_or_equal_3_fn
FNDA:0,greater_or_equal_3_fn
FN:9131,greater_or_equal_4_fn
FNDA:0,greater_or_equal_4_fn
FN:9142,greater_or_equal_5_fn
FNDA:0,greater_or_equal_5_fn
FN:9153,greater_or_equal_6_fn
FNDA:0,greater_or_equal_6_fn
FN:9164,greater_or_equal_7_fn
FNDA:0,greater_or_equal_7_fn
FN:9175,greater_or_equal_8_fn
FNDA:0,greater_or_equal_8_fn
FN:9186,greater_or_equal_9_fn
FNDA:0,greater_or_equal_9_fn
FN:9197,greater_or_equal_10_fn
FNDA:0,greater_or_equal_10_fn
FN:9208,greater_or_equal_11_fn
FNDA:0,greater_or_equal_11_fn
FN:9219,greater_or_equal_12_fn
FNDA:0,greater_or_equal_12_fn
FN:9230,greater_or_equal_13_fn
FNDA:0,greater_or_equal_13_fn
FN:9270,s21_from_decimal_to_int_1_fn
FNDA:0,s21_from_decimal_to_int_1_fn
FN:9283,s21_from_decimal_to_int_2_fn
FNDA:0,s21_from_decimal_to_int_2_fn
FN:9296,s21_from_decimal_to_int_4_fn
FNDA:0,s21_from_decimal_to_int_4_fn
FN:9310,s21_from_decimal_to_int_5_fn
FNDA:0,s21_from_decimal_to_int_5_fn
FN:9324,s21_from_decimal_to_int_6_fn
FNDA:0,s21_from_decimal_to_int_6_fn
FN:9340,s21_test_from_decimal_to_int_0_fn
FNDA:0,s21_test_from_decimal_to_int_0_fn
FN:9349,s21_test_from_decimal_to_int_1_fn
FNDA:0,s21_test_from_decimal_to_int_1_fn
FN:9358,s21_test_from_decimal_to_int_3_fn
FNDA:0,s21_test_from_decimal_to_int_3_fn
FN:9366,s21_test_from_decimal_to_int_4_fn
FNDA:0,s21_test_from_decimal_to_int_4_fn
FN:9374,s21_test_from_decimal_to_int_6_fn
FNDA:0,s21_test_from_decimal_to_int_6_fn
FN:9381,s21_test_from_decimal_to_int_7_fn
FNDA:0,s21_test_from_decimal_to_int_7_fn
FN:9389,s21_test_from_decimal_to_int_8_fn
FNDA:0,s21_test_from_decimal_to_int_8_fn
FN:9397,s21_test_from_decimal_to_int_9_fn
FNDA:0,s21_test_from_decimal_to_int_9_fn
FN:9406,s21_test_from_decimal_to_int_10_fn
FNDA:0,s21_test_from_decimal_to_int_10_fn
FN:9415,s21_test_from_decimal_to_int_11_fn
FNDA:0,s21_test_from_decimal_to_int_11_fn
FN:9424,s21_test_from_decimal_to_int_12_fn
FNDA:0,s21_test_from_decimal_to_int_12_fn
FN:9433,s21_test_from_decimal_to_int_14_fn
FNDA:0,s21_test_from_decimal_to_int_14_fn
FN:9442,s21_test_from_decimal_to_int_15_fn
FNDA:0,s21_test_from_decimal_to_int_15_fn
FN:9455,s21_test_from_decimal_to_int_16_fn
FNDA:0,s21_test_from_decimal_to_int_16_fn
FN:9468,s21_test_from_decimal_to_int_17_fn
FNDA:0,s21_test_from_decimal_to_int_17_fn
FN:9481,s21_from_decimal_to_intTest1_fn
FNDA:0,s21_from_decimal_to_intTest1_fn
FN:9497,s21_from_decimal_to_intTest2_fn
FNDA:0,s21_from_decimal_to_intTest2_fn
FN:9513,s21_from_decimal_to_intTest3_fn
FNDA:0,s21_from_decimal_to_intTest3_fn
FN:9529,s21_from_decimal_to_intTest4_fn
FNDA:0,s21_from_decimal_to_intTest4_fn
FN:9545,s21_from_decimal_to_intTest5_fn
FNDA:0,s21_from_decimal_to_intTest5_fn
FN:9561,s21_from_decimal_to_intTest6_fn
FNDA:0,s21_from_decimal_to_intTest6_fn
FN:9580,s21_from_decimal_to_intTest7_fn
FNDA:0,s21_from_decimal_to_intTest7_fn
FN:9596,s21_from_decimal_to_intTest8_fn
FNDA:0,s21_from_decimal_to_intTest8_fn
FN:9612,s21_from_decimal_to_intTest9_fn
FNDA:0,s21_from_decimal_to_intTest9_fn
FN:9628,s21_from_decimal_to_intTest10_fn
FNDA:0,s21_from_decimal_to_intTest10_fn
FN:9644,s21_from_decimal_to_intTest11_fn
FNDA:0,s21_from_decimal_to_intTest11_fn
FN:9660,s21_from_decimal_to_intTest12_fn
FNDA:0,s21_from_decimal_to_intTest12_fn
FN:9676,s21_from_decimal_to_intTest13_fn
FNDA:0,s21_from_decimal_to_intTest13_fn
FN:9692,s21_from_decimal_to_intTest14_fn
FNDA:0,s21_from_decimal_to_intTest14_fn
FN:9708,s21_from_decimal_to_intTest15_fn
FNDA:0,s21_from_decimal_to_intTest15_fn
FN:9726,s21_from_int_to_decimal_1_fn
FNDA:0,s21_from_int_to_decimal_1_fn
FN:9764,s21_test_from_int_to_decimal_0_fn
FNDA:0,s21_test_from_int_to_decimal_0_fn
FN:9777,s21_test_from_int_to_decimal_1_fn
FNDA:0,s21_test_from_int_to_decimal_1_fn
FN:9790,s21_test_from_int_to_decimal_2_fn
FNDA:0,s21_test_from_int_to_decimal_2_fn
FN:9802,s21_test_from_int_to_decimal_3_fn
FNDA:0,s21_test_from_int_to_decimal_3_fn
FN:9814,s21_test_from_int_to_decimal_4_fn
FNDA:0,s21_test_from_int_to_decimal_4_fn
FN:9826,s21_test_from_int_to_decimal_5_fn
FNDA:0,s21_test_from_int_to_decimal_5_fn
FN:9838,from_int_to_decimal_0_fn
FNDA:0,from_int_to_decimal_0_fn
FN:9848,from_int_to_decimal_1_fn
FNDA:0,from_int_to_decimal_1_fn
FN:9858,s21_from_int_to_decimalTest1_fn
FNDA:0,s21_from_int_to_decimalTest1_fn
FN:9875,s21_from_int_to_decimalTest2_fn
FNDA:0,s21_from_int_to_decimalTest2_fn
FN:9892,s21_from_int_to_decimalTest3_fn
FNDA:0,s21_from_int_to_decimalTest3_fn
FN:9909,s21_from_int_to_decimalTest4_fn
FNDA:0,s21_from_int_to_decimalTest4_fn
FN:9926,s21_from_int_to_decimalTest5_fn
FNDA:0,s21_from_int_to_decimalTest5_fn
FN:9944,s21_from_int_to_decimalTest6_fn
FNDA:0,s21_from_int_to_decimalTest6_fn
FN:9962,s21_from_int_to_decimalTest7_fn
FNDA:0,s21_from_int_to_decimalTest7_fn
FN:9980,s21_from_int_to_decimalTest8_fn
FNDA:0,s21_from_int_to_decimalTest8_fn
FN:9998,s21_from_int_to_decimalTest9_fn
FNDA:0,s21_from_int_to_decimalTest9_fn
FN:10017,s21_from_float_to_decimal_1_fn
FNDA:0,s21_from_float_to_decimal_1_fn
FN:10032,s21_from_float_to_decimal_2_fn
FNDA:0,s21_from_float_to_decimal_2_fn
FN:10046,s21_from_float_to_decimal_3_fn
FNDA:0,s21_from_float_to_decimal_3_fn
FN:10057,s21_from_float_to_decimal_4_fn
FNDA:0,s21_from_float_to_decimal_4_fn
FN:10074,s21_from_float_to_decimal_5_fn
FNDA:0,s21_from_float_to_decimal_5_fn
FN:10084,s21_from_float_to_decimal_6_fn
FNDA:0,s21_from_float_to_decimal_6_fn
FN:10101,s21_from_float_to_decimal_7_fn
FNDA:0,s21_from_float_to_decimal_7_fn
FN:10112,s21_from_float_to_decimal_8_fn
FNDA:0,s21_from_float_to_decimal_8_fn
FN:10123,s21_from_float_to_decimal_10_fn
FNDA:0,s21_from_float_to_decimal_10_fn
FN:10134,s21_from_float_to_decimal_11_fn
FNDA:0,s21_from_float_to_decimal_11_fn
FN:10144,s21_from_float_to_decimal_12_fn
FNDA:0,s21_from_float_to_decimal_12_fn
FN:10153,s21_from_float_to_decimal_13_fn
FNDA:0,s21_from_float_to_decimal_13_fn
FN:10162,s21_from_float_to_decimal_14_fn
FNDA:0,s21_from_float_to_decimal_14_fn
FN:10171,s21_from_float_to_decimal_15_fn
FNDA:0,s21_from_float_to_decimal_15_fn
FN:10180,s21_from_float_to_decimal_16_fn
FNDA:0,s21_from_float_to_decimal_16_fn
FN:10189,s21_from_float_to_decimal_17_fn
FNDA:0,s21_from_float_to_decimal_17_fn
FN:10197,s21_from_float_to_decimal_18_fn
FNDA:0,s21_from_float_to_decimal_18_fn
FN:10210,s21_from_decimal_to_float_1_fn
FNDA:0,s21_from_decimal_to_float_1_fn
FN:10226,s21_from_decimal_to_float_2_fn
FNDA:0,s21_from_decimal_to_float_2_fn
FN:10241,s21_from_decimal_to_float_3_fn
FNDA:0,s21_from_decimal_to_float_3_fn
FN:10255,s21_from_decimal_to_float_4_fn
FNDA:0,s21_from_decimal_to_float_4_fn
FN:10270,s21_from_decimal_to_float_5_fn
FNDA:0,s21_from_decimal_to_float_5_fn
FN:10285,s21_from_decimal_to_float_7_fn
FNDA:0,s21_from_decimal_to_float_7_fn
FN:10300,s21_from_decimal_to_float_8_fn
FNDA:0,s21_from_decimal_to_float_8_fn
FN:10315,s21_from_decimal_to_float_9_fn
FNDA:0,s21_from_decimal_to_float_9_fn
FN:10330,s21_from_decimal_to_float_10_fn
FNDA:0,s21_from_decimal_to_float_10_fn
FN:10345,s21_from_decimal_to_floatTest1_fn
FNDA:0,s21_from_decimal_to_floatTest1_fn
FN:10366,s21_from_decimal_to_floatTest2_fn
FNDA:0,s21_from_decimal_to_floatTest2_fn
FN:10387,s21_from_decimal_to_floatTest3_fn
FNDA:0,s21_from_decimal_to_floatTest3_fn
FN:10408,s21_from_decimal_to_floatTest4_fn
FNDA:0,s21_from_decimal_to_floatTest4_fn
FN:10429,s21_from_decimal_to_floatTest5_fn
FNDA:0,s21_from_decimal_to_floatTest5_fn
FN:10450,s21_from_decimal_to_floatTest6_fn
FNDA:0,s21_from_decimal_to_floatTest6_fn
FN:10471,s21_from_decimal_to_floatTest7_fn
FNDA:0,s21_from_decimal_to_floatTest7_fn
FN:10492,main
FNDA:99,main
FNF:605
FNH:99
DA:40,0
DA:41,0
DA:42,0
DA:43,0
DA:44,0
DA:45,0
DA:46,0
DA:47,0
DA:48,0
DA:49,0
DA:50,0
DA:51,0
DA:52,0
DA:53,0
DA:56,0
DA:57,0
DA:58,0
DA:59,0
DA:60,0
DA:61,0
DA:62,0
DA:63,0
DA:64,0
DA:65,0
DA:66,0
DA:67,0
DA:68,0
DA:69,0
DA:72,0
DA:73,0
DA:74,0
DA:75,0
DA:76,0
DA:77,0
DA:78,0
DA:79,0
DA:80,0
DA:81,0
DA:82,0
DA:83,0
DA:84,0
DA:85,0
DA:88,0
DA:89,0
DA:90,0
DA:91,0
DA:92,0
DA:93,0
DA:94,0
DA:95,0
DA:96,0
DA:97,0
DA:98,0
DA:99,0
DA:100,0
DA:101,0
DA:104,0
DA:105,0
DA:106,0
DA:107,0
DA:108,0
DA:109,0
DA:110,0
DA:111,0
DA:112,0
DA:113,0
DA:114,0
DA:115,0
DA:116,0
DA:117,0
DA:120,0
DA:121,0
DA:122,0
DA:123,0
DA:124,0
DA:125,0
DA:126,0
DA:127,0
DA:128,0
DA:129,0
DA:130,0
DA:131,0
DA:132,0
DA:133,0
DA:136,0
DA:137,0
DA:138,0
DA:139,0
DA:140,0
DA:141,0
DA:142,0
DA:143,0
DA:144,0
DA:145,0
DA:146,0
DA:147,0
DA:148,0
DA:149,0
DA:152,0
DA:153,0
DA:154,0
DA:155,0
DA:156,0
DA:157,0
DA:158,0
DA:159,0
DA:160,0
DA:161,0
DA:162,0
DA:163,0
DA:164,0
DA:165,0
DA:168,0
DA:169,0
DA:170,0
DA:171,0
DA:172,0
DA:173,0
DA:174,0
DA:175,0
DA:176,0
DA:177,0
DA:178,0
DA:179,0
DA:180,0
DA:181,0
DA:184,0
DA:185,0
DA:186,0
DA:187,0
DA:188,0
DA:189,0
DA:190,0
DA:191,0
DA:192,0
DA:193,0
DA:194,0
DA:195,0
DA:196,0
DA:197,0
DA:200,0
DA:201,0
DA:202,0
DA:203,0
DA:204,0
DA:205,0
DA:206,0
DA:207,0
DA:208,0
DA:209,0
DA:210,0
DA:211,0
DA:212,0
DA:213,0
DA:216,0
DA:217,0
DA:218,0
DA:219,0
DA:220,0
DA:221,0
DA:222,0
DA:223,0
DA:224,0
DA:225,0
DA:226,0
DA:227,0
DA:228,0
DA:229,0
DA:232,0
DA:233,0
DA:234,0
DA:235,0
DA:236,0
DA:237,0
DA:238,0
DA:239,0
DA:240,0
DA:241,0
DA:242,0
DA:243,0
DA:244,0
DA:245,0
DA:248,0
DA:249,0
DA:250,0
DA:251,0
DA:252,0
DA:253,0
DA:254,0
DA:255,0
DA:256,0
DA:257,0
DA:258,0
DA:259,0
DA:260,0
DA:261,0
DA:264,0
DA:265,0
DA:266,0
DA:267,0
DA:268,0
DA:269,0
DA:270,0
DA:271,0
DA:272,0
DA:273,0
DA:274,0
DA:275,0
DA:276,0
DA:277,0
DA:280,0
DA:281,0
DA:282,0
DA:283,0
DA:284,0
DA:285,0
DA:286,0
DA:287,0
DA:288,0
DA:289,0
DA:290,0
DA:291,0
DA:292,0
DA:293,0
DA:296,0
DA:297,0
DA:298,0
DA:299,0
DA:300,0
DA:301,0
DA:302,0
DA:303,0
DA:304,0
DA:305,0
DA:306,0
DA:307,0
DA:308,0
DA:309,0
DA:312,0
DA:313,0
DA:314,0
DA:315,0
DA:316,0
DA:317,0
DA:318,0
DA:319,0
DA:320,0
DA:321,0
DA:322,0
DA:323,0
DA:324,0
DA:325,0
DA:328,0
DA:329,0
DA:330,0
DA:331,0
DA:332,0
DA:333,0
DA:334,0
DA:335,0
DA:336,0
DA:337,0
DA:338,0
DA:339,0
DA:340,0
DA:341,0
DA:344,0
DA:345,0
DA:346,0
DA:347,0
DA:348,0
DA:349,0
DA:350,0
DA:351,0
DA:352,0
DA:353,0
DA:354,0
DA:355,0
DA:356,0
DA:357,0
DA:360,0
DA:361,0
DA:362,0
DA:363,0
DA:364,0
DA:365,0
DA:366,0
DA:367,0
DA:368,0
DA:369,0
DA:370,0
DA:371,0
DA:372,0
DA:373,0
DA:376,0
DA:379,0
DA:380,0
DA:381,0
DA:382,0
DA:384,0
DA:385,0
DA:386,0
DA:387,0
DA:388,0
DA:389,0
DA:392,0
DA:395,0
DA:396,0
DA:397,0
DA:398,0
DA:400,0
DA:401,0
DA:402,0
DA:403,0
DA:404,0
DA:405,0
DA:408,0
DA:411,0
DA:412,0
DA:413,0
DA:414,0
DA:415,0
DA:416,0
DA:418,0
DA:419,0
DA:420,0
DA:421,0
DA:424,0
DA:427,0
DA:428,0
DA:429,0
DA:430,0
DA:431,0
DA:432,0
DA:434,0
DA:435,0
DA:436,0
DA:437,0
DA:440,0
DA:443,0
DA:444,0
DA:445,0
DA:446,0
DA:447,0
DA:448,0
DA:450,0
DA:451,0
DA:452,0
DA:453,0
DA:456,0
DA:457,0
DA:458,0
DA:459,0
DA:461,0
DA:462,0
DA:463,0
DA:466,0
DA:467,0
DA:468,0
DA:469,0
DA:471,0
DA:472,0
DA:473,0
DA:476,0
DA:477,0
DA:478,0
DA:479,0
DA:480,0
DA:481,0
DA:482,0
DA:483,0
DA:484,0
DA:485,0
DA:486,0
DA:487,0
DA:488,0
DA:489,0
DA:490,0
DA:491,0
DA:492,0
DA:493,0
DA:494,0
DA:495,0
DA:496,0
DA:497,0
DA:498,0
DA:499,0
DA:502,0
DA:503,0
DA:504,0
DA:505,0
DA:506,0
DA:507,0
DA:508,0
DA:509,0
DA:510,0
DA:511,0
DA:512,0
DA:513,0
DA:514,0
DA:515,0
DA:516,0
DA:517,0
DA:518,0
DA:519,0
DA:520,0
DA:521,0
DA:522,0
DA:523,0
DA:524,0
DA:525,0
DA:528,0
DA:529,0
DA:530,0
DA:531,0
DA:532,0
DA:533,0
DA:534,0
DA:535,0
DA:536,0
DA:537,0
DA:538,0
DA:539,0
DA:540,0
DA:541,0
DA:542,0
DA:543,0
DA:544,0
DA:545,0
DA:546,0
DA:547,0
DA:548,0
DA:549,0
DA:550,0
DA:551,0
DA:554,0
DA:555,0
DA:556,0
DA:557,0
DA:558,0
DA:559,0
DA:560,0
DA:561,0
DA:562,0
DA:563,0
DA:564,0
DA:565,0
DA:566,0
DA:567,0
DA:570,0
DA:571,0
DA:572,0
DA:573,0
DA:574,0
DA:575,0
DA:576,0
DA:577,0
DA:578,0
DA:579,0
DA:580,0
DA:581,0
DA:582,0
DA:583,0
DA:586,0
DA:587,0
DA:588,0
DA:589,0
DA:590,0
DA:591,0
DA:592,0
DA:593,0
DA:594,0
DA:595,0
DA:596,0
DA:597,0
DA:598,0
DA:599,0
DA:602,0
DA:608,0
DA:609,0
DA:610,0
DA:611,0
DA:613,0
DA:614,0
DA:615,0
DA:616,0
DA:617,0
DA:618,0
DA:620,0
DA:621,0
DA:622,0
DA:623,0
DA:624,0
DA:625,0
DA:626,0
DA:627,0
DA:628,0
DA:631,0
DA:637,0
DA:638,0
DA:639,0
DA:640,0
DA:642,0
DA:643,0
DA:644,0
DA:645,0
DA:646,0
DA:647,0
DA:649,0
DA:650,0
DA:651,0
DA:652,0
DA:653,0
DA:654,0
DA:655,0
DA:656,0
DA:657,0
DA:660,0
DA:666,0
DA:667,0
DA:668,0
DA:669,0
DA:671,0
DA:672,0
DA:673,0
DA:674,0
DA:675,0
DA:676,0
DA:678,0
DA:679,0
DA:680,0
DA:681,0
DA:682,0
DA:683,0
DA:684,0
DA:685,0
DA:686,0
DA:689,0
DA:695,0
DA:696,0
DA:697,0
DA:698,0
DA:700,0
DA:701,0
DA:702,0
DA:703,0
DA:704,0
DA:705,0
DA:707,0
DA:708,0
DA:709,0
DA:710,0
DA:711,0
DA:712,0
DA:713,0
DA:714,0
DA:715,0
DA:718,0
DA:724,0
DA:725,0
DA:726,0
DA:727,0
DA:729,0
DA:730,0
DA:731,0
DA:732,0
DA:733,0
DA:734,0
DA:736,0
DA:737,0
DA:738,0
DA:739,0
DA:740,0
DA:741,0
DA:742,0
DA:743,0
DA:744,0
DA:747,0
DA:753,0
DA:754,0
DA:755,0
DA:756,0
DA:758,0
DA:759,0
DA:760,0
DA:761,0
DA:762,0
DA:763,0
DA:765,0
DA:766,0
DA:767,0
DA:768,0
DA:769,0
DA:770,0
DA:771,0
DA:772,0
DA:773,0
DA:776,0
DA:782,0
DA:783,0
DA:784,0
DA:785,0
DA:787,0
DA:788,0
DA:789,0
DA:790,0
DA:791,0
DA:792,0
DA:794,0
DA:795,0
DA:796,0
DA:797,0
DA:798,0
DA:799,0
DA:800,0
DA:801,0
DA:802,0
DA:805,0
DA:811,0
DA:812,0
DA:813,0
DA:814,0
DA:816,0
DA:817,0
DA:818,0
DA:819,0
DA:820,0
DA:821,0
DA:823,0
DA:824,0
DA:825,0
DA:826,0
DA:827,0
DA:828,0
DA:829,0
DA:830,0
DA:831,0
DA:834,0
DA:840,0
DA:841,0
DA:842,0
DA:843,0
DA:845,0
DA:846,0
DA:847,0
DA:848,0
DA:849,0
DA:850,0
DA:852,0
DA:853,0
DA:854,0
DA:855,0
DA:856,0
DA:857,0
DA:858,0
DA:859,0
DA:860,0
DA:863,0
DA:869,0
DA:870,0
DA:871,0
DA:872,0
DA:874,0
DA:875,0
DA:876,0
DA:877,0
DA:878,0
DA:879,0
DA:881,0
DA:882,0
DA:883,0
DA:884,0
DA:885,0
DA:886,0
DA:887,0
DA:888,0
DA:889,0
DA:892,0
DA:898,0
DA:899,0
DA:900,0
DA:901,0
DA:903,0
DA:904,0
DA:905,0
DA:906,0
DA:907,0
DA:908,0
DA:910,0
DA:911,0
DA:912,0
DA:913,0
DA:914,0
DA:915,0
DA:916,0
DA:917,0
DA:918,0
DA:921,0
DA:927,0
DA:928,0
DA:929,0
DA:930,0
DA:932,0
DA:933,0
DA:934,0
DA:935,0
DA:936,0
DA:937,0
DA:939,0
DA:940,0
DA:941,0
DA:942,0
DA:943,0
DA:944,0
DA:945,0
DA:946,0
DA:947,0
DA:950,0
DA:956,0
DA:957,0
DA:958,0
DA:959,0
DA:961,0
DA:962,0
DA:963,0
DA:964,0
DA:965,0
DA:966,0
DA:968,0
DA:969,0
DA:970,0
DA:971,0
DA:972,0
DA:973,0
DA:974,0
DA:975,0
DA:976,0
DA:979,0
DA:985,0
DA:986,0
DA:987,0
DA:988,0
DA:990,0
DA:991,0
DA:992,0
DA:993,0
DA:994,0
DA:995,0
DA:997,0
DA:998,0
DA:999,0
DA:1000,0
DA:1001,0
DA:1002,0
DA:1003,0
DA:1004,0
DA:1005,0
DA:1008,0
DA:1014,0
DA:1015,0
DA:1016,0
DA:1017,0
DA:1019,0
DA:1020,0
DA:1021,0
DA:1022,0
DA:1023,0
DA:1024,0
DA:1026,0
DA:1027,0
DA:1028,0
DA:1029,0
DA:1030,0
DA:1031,0
DA:1032,0
DA:1033,0
DA:1034,0
DA:1037,0
DA:1043,0
DA:1044,0
DA:1045,0
DA:1046,0
DA:1048,0
DA:1049,0
DA:1050,0
DA:1051,0
DA:1052,0
DA:1053,0
DA:1055,0
DA:1056,0
DA:1057,0
DA:1058,0
DA:1059,0
DA:1060,0
DA:1061,0
DA:1062,0
DA:1063,0
DA:1066,0
DA:1073,0
DA:1074,0
DA:1075,0
DA:1076,0
DA:1079,0
DA:1080,0
DA:1081,0
DA:1082,0
DA:1083,0
DA:1085,0
DA:1088,0
DA:1089,0
DA:1090,0
DA:1091,0
DA:1092,0
DA:1093,0
DA:1094,0
DA:1095,0
DA:1096,0
DA:1099,0
DA:1105,0
DA:1106,0
DA:1107,0
DA:1108,0
DA:1110,0
DA:1111,0
DA:1112,0
DA:1113,0
DA:1114,0
DA:1115,0
DA:1117,0
DA:1118,0
DA:1119,0
DA:1120,0
DA:1121,0
DA:1122,0
DA:1123,0
DA:1124,0
DA:1125,0
DA:1128,0
DA:1137,0
DA:1138,0
DA:1139,0
DA:1140,0
DA:1142,0
DA:1143,0
DA:1144,0
DA:1145,0
DA:1146,0
DA:1147,0
DA:1150,0
DA:1151,0
DA:1152,0
DA:1153,0
DA:1159,0
DA:1160,0
DA:1161,0
DA:1162,0
DA:1163,0
DA:1166,0
DA:1172,0
DA:1173,0
DA:1174,0
DA:1175,0
DA:1177,0
DA:1178,0
DA:1179,0
DA:1180,0
DA:1181,0
DA:1182,0
DA:1184,0
DA:1185,0
DA:1186,0
DA:1187,0
DA:1188,0
DA:1189,0
DA:1190,0
DA:1191,0
DA:1192,0
DA:1195,0
DA:1201,0
DA:1202,0
DA:1203,0
DA:1204,0
DA:1206,0
DA:1207,0
DA:1208,0
DA:1209,0
DA:1210,0
DA:1211,0
DA:1213,0
DA:1214,0
DA:1215,0
DA:1216,0
DA:1217,0
DA:1218,0
DA:1219,0
DA:1220,0
DA:1221,0
DA:1224,0
DA:1230,0
DA:1231,0
DA:1232,0
DA:1233,0
DA:1235,0
DA:1236,0
DA:1237,0
DA:1238,0
DA:1239,0
DA:1240,0
DA:1242,0
DA:1243,0
DA:1244,0
DA:1245,0
DA:1246,0
DA:1247,0
DA:1248,0
DA:1249,0
DA:1250,0
DA:1253,0
DA:1259,0
DA:1260,0
DA:1261,0
DA:1262,0
DA:1264,0
DA:1265,0
DA:1266,0
DA:1267,0
DA:1268,0
DA:1269,0
DA:1271,0
DA:1272,0
DA:1273,0
DA:1274,0
DA:1275,0
DA:1276,0
DA:1277,0
DA:1278,0
DA:1279,0
DA:1282,0
DA:1288,0
DA:1289,0
DA:1290,0
DA:1291,0
DA:1293,0
DA:1294,0
DA:1295,0
DA:1296,0
DA:1297,0
DA:1298,0
DA:1300,0
DA:1301,0
DA:1302,0
DA:1303,0
DA:1304,0
DA:1305,0
DA:1306,0
DA:1307,0
DA:1308,0
DA:1311,0
DA:1317,0
DA:1318,0
DA:1319,0
DA:1320,0
DA:1322,0
DA:1323,0
DA:1324,0
DA:1325,0
DA:1326,0
DA:1327,0
DA:1329,0
DA:1330,0
DA:1331,0
DA:1332,0
DA:1333,0
DA:1334,0
DA:1335,0
DA:1336,0
DA:1337,0
DA:1340,0
DA:1346,0
DA:1347,0
DA:1348,0
DA:1349,0
DA:1351,0
DA:1352,0
DA:1353,0
DA:1354,0
DA:1355,0
DA:1356,0
DA:1358,0
DA:1359,0
DA:1360,0
DA:1361,0
DA:1362,0
DA:1363,0
DA:1364,0
DA:1365,0
DA:1366,0
DA:1369,0
DA:1375,0
DA:1376,0
DA:1377,0
DA:1378,0
DA:1380,0
DA:1381,0
DA:1382,0
DA:1383,0
DA:1384,0
DA:1385,0
DA:1387,0
DA:1388,0
DA:1389,0
DA:1390,0
DA:1391,0
DA:1392,0
DA:1393,0
DA:1394,0
DA:1395,0
DA:1398,0
DA:1404,0
DA:1405,0
DA:1406,0
DA:1407,0
DA:1409,0
DA:1410,0
DA:1411,0
DA:1412,0
DA:1413,0
DA:1414,0
DA:1416,0
DA:1417,0
DA:1418,0
DA:1419,0
DA:1420,0
DA:1421,0
DA:1422,0
DA:1423,0
DA:1424,0
DA:1427,0
DA:1433,0
DA:1434,0
DA:1435,0
DA:1436,0
DA:1438,0
DA:1439,0
DA:1440,0
DA:1441,0
DA:1442,0
DA:1443,0
DA:1445,0
DA:1446,0
DA:1447,0
DA:1448,0
DA:1449,0
DA:1450,0
DA:1451,0
DA:1452,0
DA:1453,0
DA:1456,0
DA:1462,0
DA:1463,0
DA:1464,0
DA:1465,0
DA:1467,0
DA:1468,0
DA:1469,0
DA:1470,0
DA:1471,0
DA:1472,0
DA:1474,0
DA:1475,0
DA:1476,0
DA:1477,0
DA:1478,0
DA:1479,0
DA:1480,0
DA:1481,0
DA:1482,0
DA:1485,0
DA:1491,0
DA:1492,0
DA:1493,0
DA:1494,0
DA:1496,0
DA:1497,0
DA:1498,0
DA:1499,0
DA:1500,0
DA:1501,0
DA:1503,0
DA:1504,0
DA:1505,0
DA:1506,0
DA:1507,0
DA:1508,0
DA:1509,0
DA:1510,0
DA:1511,0
DA:1514,0
DA:1520,0
DA:1521,0
DA:1522,0
DA:1523,0
DA:1525,0
DA:1526,0
DA:1527,0
DA:1528,0
DA:1529,0
DA:1530,0
DA:1532,0
DA:1533,0
DA:1534,0
DA:1535,0
DA:1536,0
DA:1537,0
DA:1538,0
DA:1539,0
DA:1540,0
DA:1543,0
DA:1549,0
DA:1550,0
DA:1551,0
DA:1552,0
DA:1554,0
DA:1555,0
DA:1556,0
DA:1557,0
DA:1558,0
DA:1559,0
DA:1561,0
DA:1562,0
DA:1563,0
DA:1564,0
DA:1565,0
DA:1566,0
DA:1567,0
DA:1568,0
DA:1569,0
DA:1572,0
DA:1573,0
DA:1574,0
DA:1575,0
DA:1577,0
DA:1578,0
DA:1579,0
DA:1580,0
DA:1582,0
DA:1583,0
DA:1584,0
DA:1587,0
DA:1588,0
DA:1589,0
DA:1590,0
DA:1592,0
DA:1593,0
DA:1594,0
DA:1595,0
DA:1597,0
DA:1598,0
DA:1599,0
DA:1602,0
DA:1603,0
DA:1604,0
DA:1605,0
DA:1606,0
DA:1607,0
DA:1608,0
DA:1609,0
DA:1610,0
DA:1611,0
DA:1612,0
DA:1615,0
DA:1616,0
DA:1617,0
DA:1618,0
DA:1619,0
DA:1620,0
DA:1621,0
DA:1622,0
DA:1623,0
DA:1624,0
DA:1625,0
DA:1627,0
DA:1628,0
DA:1629,0
DA:1630,0
DA:1631,0
DA:1632,0
DA:1633,0
DA:1634,0
DA:1635,0
DA:1636,0
DA:1637,0
DA:1640,0
DA:1641,0
DA:1642,0
DA:1643,0
DA:1644,0
DA:1645,0
DA:1646,0
DA:1647,0
DA:1648,0
DA:1649,0
DA:1650,0
DA:1653,0
DA:1654,0
DA:1655,0
DA:1656,0
DA:1657,0
DA:1658,0
DA:1659,0
DA:1660,0
DA:1661,0
DA:1662,0
DA:1663,0
DA:1666,0
DA:1667,0
DA:1668,0
DA:1669,0
DA:1670,0
DA:1671,0
DA:1672,0
DA:1673,0
DA:1678,0
DA:1679,0
DA:1680,0
DA:1681,0
DA:1682,0
DA:1683,0
DA:1684,0
DA:1685,0
DA:1686,0
DA:1687,0
DA:1688,0
DA:1689,0
DA:1690,0
DA:1691,0
DA:1694,0
DA:1695,0
DA:1696,0
DA:1697,0
DA:1698,0
DA:1699,0
DA:1700,0
DA:1701,0
DA:1702,0
DA:1703,0
DA:1704,0
DA:1705,0
DA:1706,0
DA:1707,0
DA:1710,0
DA:1711,0
DA:1712,0
DA:1713,0
DA:1714,0
DA:1715,0
DA:1716,0
DA:1717,0
DA:1718,0
DA:1719,0
DA:1720,0
DA:1721,0
DA:1722,0
DA:1723,0
DA:1726,0
DA:1727,0
DA:1728,0
DA:1729,0
DA:1730,0
DA:1731,0
DA:1732,0
DA:1733,0
DA:1734,0
DA:1735,0
DA:1736,0
DA:1737,0
DA:1738,0
DA:1739,0
DA:1742,0
DA:1743,0
DA:1744,0
DA:1745,0
DA:1746,0
DA:1747,0
DA:1748,0
DA:1749,0
DA:1750,0
DA:1751,0
DA:1752,0
DA:1753,0
DA:1754,0
DA:1755,0
DA:1758,0
DA:1759,0
DA:1760,0
DA:1761,0
DA:1762,0
DA:1763,0
DA:1764,0
DA:1765,0
DA:1766,0
DA:1767,0
DA:1768,0
DA:1769,0
DA:1770,0
DA:1771,0
DA:1774,0
DA:1775,0
DA:1776,0
DA:1777,0
DA:1778,0
DA:1779,0
DA:1780,0
DA:1781,0
DA:1782,0
DA:1783,0
DA:1784,0
DA:1785,0
DA:1786,0
DA:1787,0
DA:1790,0
DA:1791,0
DA:1792,0
DA:1793,0
DA:1794,0
DA:1795,0
DA:1796,0
DA:1797,0
DA:1798,0
DA:1799,0
DA:1800,0
DA:1801,0
DA:1802,0
DA:1803,0
DA:1808,0
DA:1809,0
DA:1810,0
DA:1811,0
DA:1813,0
DA:1814,0
DA:1815,0
DA:1816,0
DA:1817,0
DA:1818,0
DA:1819,0
DA:1820,0
DA:1821,0
DA:1824,0
DA:1825,0
DA:1826,0
DA:1827,0
DA:1829,0
DA:1830,0
DA:1831,0
DA:1832,0
DA:1833,0
DA:1834,0
DA:1835,0
DA:1836,0
DA:1839,0
DA:1840,0
DA:1841,0
DA:1842,0
DA:1844,0
DA:1845,0
DA:1846,0
DA:1847,0
DA:1848,0
DA:1849,0
DA:1850,0
DA:1851,0
DA:1854,0
DA:1855,0
DA:1856,0
DA:1857,0
DA:1859,0
DA:1860,0
DA:1861,0
DA:1862,0
DA:1863,0
DA:1864,0
DA:1865,0
DA:1866,0
DA:1869,0
DA:1870,0
DA:1871,0
DA:1872,0
DA:1874,0
DA:1875,0
DA:1876,0
DA:1877,0
DA:1878,0
DA:1879,0
DA:1880,0
DA:1881,0
DA:1884,0
DA:1885,0
DA:1886,0
DA:1887,0
DA:1889,0
DA:1890,0
DA:1891,0
DA:1892,0
DA:1893,0
DA:1894,0
DA:1895,0
DA:1896,0
DA:1899,0
DA:1901,0
DA:1902,0
DA:1903,0
DA:1904,0
DA:1905,0
DA:1906,0
DA:1907,0
DA:1908,0
DA:1909,0
DA:1910,0
DA:1911,0
DA:1914,0
DA:1916,0
DA:1917,0
DA:1918,0
DA:1919,0
DA:1920,0
DA:1921,0
DA:1922,0
DA:1923,0
DA:1924,0
DA:1925,0
DA:1926,0
DA:1929,0
DA:1931,0
DA:1932,0
DA:1933,0
DA:1934,0
DA:1935,0
DA:1936,0
DA:1937,0
DA:1938,0
DA:1939,0
DA:1940,0
DA:1941,0
DA:1944,0
DA:1946,0
DA:1947,0
DA:1948,0
DA:1949,0
DA:1950,0
DA:1951,0
DA:1952,0
DA:1953,0
DA:1954,0
DA:1955,0
DA:1956,0
DA:1959,0
DA:1961,0
DA:1962,0
DA:1963,0
DA:1964,0
DA:1965,0
DA:1966,0
DA:1967,0
DA:1968,0
DA:1969,0
DA:1970,0
DA:1971,0
DA:1974,0
DA:1976,0
DA:1977,0
DA:1978,0
DA:1979,0
DA:1980,0
DA:1981,0
DA:1982,0
DA:1983,0
DA:1984,0
DA:1985,0
DA:1986,0
DA:1989,0
DA:1991,0
DA:1992,0
DA:1993,0
DA:1994,0
DA:1995,0
DA:1996,0
DA:1997,0
DA:1998,0
DA:1999,0
DA:2000,0
DA:2001,0
DA:2004,0
DA:2006,0
DA:2007,0
DA:2008,0
DA:2009,0
DA:2010,0
DA:2011,0
DA:2013,0
DA:2014,0
DA:2015,0
DA:2016,0
DA:2019,0
DA:2021,0
DA:2022,0
DA:2023,0
DA:2024,0
DA:2025,0
DA:2026,0
DA:2027,0
DA:2028,0
DA:2029,0
DA:2030,0
DA:2031,0
DA:2034,0
DA:2036,0
DA:2037,0
DA:2038,0
DA:2039,0
DA:2040,0
DA:2041,0
DA:2042,0
DA:2043,0
DA:2044,0
DA:2045,0
DA:2046,0
DA:2049,0
DA:2051,0
DA:2052,0
DA:2053,0
DA:2054,0
DA:2055,0
DA:2056,0
DA:2057,0
DA:2058,0
DA:2059,0
DA:2060,0
DA:2061,0
DA:2064,0
DA:2066,0
DA:2067,0
DA:2068,0
DA:2069,0
DA:2070,0
DA:2071,0
DA:2072,0
DA:2073,0
DA:2074,0
DA:2075,0
DA:2076,0
DA:2079,0
DA:2081,0
DA:2082,0
DA:2083,0
DA:2084,0
DA:2085,0
DA:2086,0
DA:2087,0
DA:2088,0
DA:2089,0
DA:2090,0
DA:2091,0
DA:2094,0
DA:2096,0
DA:2097,0
DA:2098,0
DA:2099,0
DA:2100,0
DA:2101,0
DA:2102,0
DA:2103,0
DA:2104,0
DA:2105,0
DA:2106,0
DA:2109,0
DA:2111,0
DA:2112,0
DA:2113,0
DA:2114,0
DA:2116,0
DA:2117,0
DA:2118,0
DA:2119,0
DA:2120,0
DA:2121,0
DA:2124,0
DA:2126,0
DA:2127,0
DA:2128,0
DA:2129,0
DA:2131,0
DA:2132,0
DA:2133,0
DA:2134,0
DA:2135,0
DA:2136,0
DA:2139,0
DA:2141,0
DA:2142,0
DA:2143,0
DA:2144,0
DA:2146,0
DA:2147,0
DA:2148,0
DA:2149,0
DA:2150,0
DA:2151,0
DA:2154,0
DA:2156,0
DA:2157,0
DA:2158,0
DA:2159,0
DA:2161,0
DA:2162,0
DA:2163,0
DA:2164,0
DA:2167,0
DA:2168,0
DA:2169,0
DA:2170,0
DA:2173,0
DA:2174,0
DA:2175,0
DA:2176,0
DA:2177,0
DA:2178,0
DA:2181,0
DA:2183,0
DA:2184,0
DA:2185,0
DA:2186,0
DA:2188,0
DA:2189,0
DA:2190,0
DA:2191,0
DA:2192,0
DA:2193,0
DA:2196,0
DA:2197,0
DA:2198,0
DA:2200,0
DA:2201,0
DA:2202,0
DA:2205,0
DA:2206,0
DA:2207,0
DA:2208,0
DA:2210,0
DA:2211,0
DA:2212,0
DA:2215,0
DA:2216,0
DA:2217,0
DA:2219,0
DA:2221,0
DA:2222,0
DA:2224,0
DA:2225,0
DA:2226,0
DA:2227,0
DA:2229,0
DA:2230,0
DA:2232,0
DA:2233,0
DA:2235,0
DA:2236,0
DA:2237,0
DA:2239,0
DA:2240,0
DA:2241,0
DA:2242,0
DA:2243,0
DA:2244,0
DA:2245,0
DA:2246,0
DA:2247,0
DA:2250,0
DA:2251,0
DA:2252,0
DA:2253,0
DA:2254,0
DA:2255,0
DA:2256,0
DA:2257,0
DA:2258,0
DA:2261,0
DA:2262,0
DA:2263,0
DA:2264,0
DA:2265,0
DA:2266,0
DA:2269,0
DA:2270,0
DA:2271,0
DA:2272,0
DA:2273,0
DA:2274,0
DA:2277,0
DA:2278,0
DA:2279,0
DA:2280,0
DA:2281,0
DA:2282,0
DA:2285,0
DA:2286,0
DA:2288,0
DA:2289,0
DA:2290,0
DA:2291,0
DA:2294,0
DA:2295,0
DA:2296,0
DA:2297,0
DA:2298,0
DA:2299,0
DA:2302,0
DA:2303,0
DA:2304,0
DA:2305,0
DA:2306,0
DA:2307,0
DA:2310,0
DA:2311,0
DA:2312,0
DA:2313,0
DA:2314,0
DA:2315,0
DA:2318,0
DA:2319,0
DA:2320,0
DA:2321,0
DA:2322,0
DA:2323,0
DA:2326,0
DA:2327,0
DA:2328,0
DA:2329,0
DA:2330,0
DA:2331,0
DA:2334,0
DA:2335,0
DA:2336,0
DA:2337,0
DA:2338,0
DA:2339,0
DA:2342,0
DA:2343,0
DA:2344,0
DA:2345,0
DA:2346,0
DA:2347,0
DA:2350,0
DA:2351,0
DA:2353,0
DA:2354,0
DA:2355,0
DA:2356,0
DA:2359,0
DA:2360,0
DA:2362,0
DA:2363,0
DA:2364,0
DA:2365,0
DA:2368,0
DA:2369,0
DA:2370,0
DA:2371,0
DA:2372,0
DA:2373,0
DA:2376,0
DA:2377,0
DA:2378,0
DA:2380,0
DA:2381,0
DA:2382,0
DA:2385,0
DA:2386,0
DA:2387,0
DA:2388,0
DA:2389,0
DA:2390,0
DA:2393,0
DA:2394,0
DA:2395,0
DA:2397,0
DA:2398,0
DA:2399,0
DA:2402,0
DA:2403,0
DA:2404,0
DA:2405,0
DA:2406,0
DA:2407,0
DA:2409,0
DA:2410,0
DA:2411,0
DA:2412,0
DA:2413,0
DA:2416,0
DA:2417,0
DA:2418,0
DA:2419,0
DA:2420,0
DA:2421,0
DA:2422,0
DA:2424,0
DA:2425,0
DA:2426,0
DA:2427,0
DA:2430,0
DA:2431,0
DA:2432,0
DA:2433,0
DA:2434,0
DA:2435,0
DA:2437,0
DA:2438,0
DA:2440,0
DA:2441,0
DA:2442,0
DA:2445,0
DA:2446,0
DA:2447,0
DA:2448,0
DA:2449,0
DA:2450,0
DA:2452,0
DA:2453,0
DA:2455,0
DA:2456,0
DA:2457,0
DA:2460,0
DA:2461,0
DA:2462,0
DA:2463,0
DA:2464,0
DA:2465,0
DA:2467,0
DA:2468,0
DA:2470,0
DA:2471,0
DA:2472,0
DA:2475,0
DA:2476,0
DA:2477,0
DA:2478,0
DA:2479,0
DA:2480,0
DA:2482,0
DA:2483,0
DA:2485,0
DA:2486,0
DA:2487,0
DA:2490,0
DA:2491,0
DA:2492,0
DA:2493,0
DA:2495,0
DA:2496,0
DA:2498,0
DA:2499,0
DA:2501,0
DA:2502,0
DA:2503,0
DA:2506,0
DA:2507,0
DA:2508,0
DA:2509,0
DA:2511,0
DA:2512,0
DA:2514,0
DA:2515,0
DA:2517,0
DA:2518,0
DA:2519,0
DA:2522,0
DA:2523,0
DA:2524,0
DA:2525,0
DA:2527,0
DA:2528,0
DA:2530,0
DA:2531,0
DA:2533,0
DA:2534,0
DA:2535,0
DA:2538,0
DA:2539,0
DA:2540,0
DA:2541,0
DA:2543,0
DA:2544,0
DA:2546,0
DA:2547,0
DA:2549,0
DA:2550,0
DA:2551,0
DA:2554,0
DA:2555,0
DA:2556,0
DA:2557,0
DA:2559,0
DA:2560,0
DA:2562,0
DA:2563,0
DA:2565,0
DA:2566,0
DA:2567,0
DA:2570,0
DA:2571,0
DA:2572,0
DA:2573,0
DA:2575,0
DA:2576,0
DA:2578,0
DA:2579,0
DA:2581,0
DA:2582,0
DA:2583,0
DA:2584,0
DA:2586,0
DA:2587,0
DA:2588,0
DA:2591,0
DA:2592,0
DA:2593,0
DA:2594,0
DA:2596,0
DA:2597,0
DA:2599,0
DA:2600,0
DA:2602,0
DA:2603,0
DA:2604,0
DA:2607,0
DA:2608,0
DA:2609,0
DA:2610,0
DA:2612,0
DA:2613,0
DA:2615,0
DA:2616,0
DA:2618,0
DA:2619,0
DA:2620,0
DA:2623,0
DA:2624,0
DA:2625,0
DA:2626,0
DA:2628,0
DA:2629,0
DA:2631,0
DA:2632,0
DA:2634,0
DA:2635,0
DA:2636,0
DA:2639,0
DA:2640,0
DA:2641,0
DA:2642,0
DA:2644,0
DA:2645,0
DA:2647,0
DA:2648,0
DA:2650,0
DA:2651,0
DA:2652,0
DA:2655,0
DA:2656,0
DA:2657,0
DA:2658,0
DA:2660,0
DA:2661,0
DA:2663,0
DA:2664,0
DA:2666,0
DA:2667,0
DA:2668,0
DA:2669,0
DA:2671,0
DA:2672,0
DA:2673,0
DA:2676,0
DA:2677,0
DA:2678,0
DA:2679,0
DA:2681,0
DA:2682,0
DA:2684,0
DA:2685,0
DA:2687,0
DA:2688,0
DA:2689,0
DA:2692,0
DA:2693,0
DA:2694,0
DA:2695,0
DA:2697,0
DA:2698,0
DA:2700,0
DA:2701,0
DA:2703,0
DA:2704,0
DA:2705,0
DA:2706,0
DA:2708,0
DA:2709,0
DA:2710,0
DA:2713,0
DA:2714,0
DA:2715,0
DA:2716,0
DA:2718,0
DA:2719,0
DA:2721,0
DA:2722,0
DA:2724,0
DA:2725,0
DA:2726,0
DA:2727,0
DA:2729,0
DA:2730,0
DA:2731,0
DA:2734,0
DA:2735,0
DA:2736,0
DA:2737,0
DA:2739,0
DA:2740,0
DA:2742,0
DA:2743,0
DA:2745,0
DA:2746,0
DA:2747,0
DA:2748,0
DA:2750,0
DA:2751,0
DA:2752,0
DA:2755,0
DA:2756,0
DA:2757,0
DA:2758,0
DA:2759,0
DA:2760,0
DA:2761,0
DA:2762,0
DA:2763,0
DA:2764,0
DA:2765,0
DA:2766,0
DA:2767,0
DA:2768,0
DA:2770,0
DA:2771,0
DA:2773,0
DA:2774,0
DA:2775,0
DA:2776,0
DA:2778,0
DA:2779,0
DA:2780,0
DA:2783,0
DA:2784,0
DA:2785,0
DA:2786,0
DA:2788,0
DA:2789,0
DA:2791,0
DA:2792,0
DA:2794,0
DA:2795,0
DA:2796,0
DA:2797,0
DA:2799,0
DA:2800,0
DA:2801,0
DA:2804,0
DA:2805,0
DA:2806,0
DA:2807,0
DA:2809,0
DA:2810,0
DA:2812,0
DA:2813,0
DA:2815,0
DA:2816,0
DA:2817,0
DA:2820,0
DA:2821,0
DA:2823,0
DA:2824,0
DA:2827,0
DA:2828,0
DA:2830,0
DA:2831,0
DA:2833,0
DA:2834,0
DA:2835,0
DA:2838,0
DA:2839,0
DA:2840,0
DA:2841,0
DA:2843,0
DA:2844,0
DA:2846,0
DA:2847,0
DA:2849,0
DA:2850,0
DA:2851,0
DA:2854,0
DA:2855,0
DA:2858,0
DA:2859,0
DA:2863,0
DA:2864,0
DA:2866,0
DA:2867,0
DA:2869,0
DA:2870,0
DA:2871,0
DA:2872,0
DA:2874,0
DA:2875,0
DA:2876,0
DA:2879,0
DA:2880,0
DA:2883,0
DA:2886,0
DA:2889,0
DA:2890,0
DA:2891,0
DA:2892,0
DA:2893,0
DA:2894,0
DA:2895,0
DA:2896,0
DA:2898,0
DA:2899,0
DA:2900,0
DA:2903,0
DA:2905,0
DA:2906,0
DA:2907,0
DA:2908,0
DA:2909,0
DA:2910,0
DA:2911,0
DA:2912,0
DA:2913,0
DA:2914,0
DA:2915,0
DA:2916,0
DA:2917,0
DA:2918,0
DA:2919,0
DA:2920,0
DA:2921,0
DA:2922,0
DA:2923,0
DA:2924,0
DA:2926,0
DA:2927,0
DA:2928,0
DA:2931,0
DA:2932,0
DA:2933,0
DA:2934,0
DA:2936,0
DA:2937,0
DA:2939,0
DA:2940,0
DA:2942,0
DA:2943,0
DA:2944,0
DA:2947,0
DA:2948,0
DA:2949,0
DA:2950,0
DA:2952,0
DA:2953,0
DA:2955,0
DA:2956,0
DA:2958,0
DA:2959,0
DA:2960,0
DA:2963,0
DA:2964,0
DA:2965,0
DA:2966,0
DA:2968,0
DA:2969,0
DA:2970,0
DA:2971,0
DA:2972,0
DA:2973,0
DA:2974,0
DA:2977,0
DA:2978,0
DA:2979,0
DA:2980,0
DA:2982,0
DA:2983,0
DA:2985,0
DA:2986,0
DA:2988,0
DA:2989,0
DA:2990,0
DA:2993,0
DA:2994,0
DA:2995,0
DA:2996,0
DA:2998,0
DA:2999,0
DA:3001,0
DA:3002,0
DA:3004,0
DA:3005,0
DA:3006,0
DA:3009,0
DA:3010,0
DA:3011,0
DA:3012,0
DA:3014,0
DA:3015,0
DA:3017,0
DA:3018,0
DA:3020,0
DA:3021,0
DA:3022,0
DA:3023,0
DA:3025,0
DA:3026,0
DA:3027,0
DA:3030,0
DA:3031,0
DA:3032,0
DA:3033,0
DA:3035,0
DA:3036,0
DA:3038,0
DA:3039,0
DA:3041,0
DA:3042,0
DA:3043,0
DA:3046,0
DA:3047,0
DA:3048,0
DA:3049,0
DA:3051,0
DA:3052,0
DA:3054,0
DA:3055,0
DA:3057,0
DA:3058,0
DA:3059,0
DA:3062,0
DA:3063,0
DA:3064,0
DA:3065,0
DA:3067,0
DA:3068,0
DA:3070,0
DA:3071,0
DA:3073,0
DA:3074,0
DA:3075,0
DA:3078,0
DA:3079,0
DA:3080,0
DA:3081,0
DA:3083,0
DA:3084,0
DA:3086,0
DA:3087,0
DA:3089,0
DA:3090,0
DA:3091,0
DA:3092,0
DA:3094,0
DA:3095,0
DA:3096,0
DA:3099,0
DA:3100,0
DA:3101,0
DA:3102,0
DA:3104,0
DA:3105,0
DA:3106,0
DA:3107,0
DA:3109,0
DA:3110,0
DA:3111,0
DA:3112,0
DA:3114,0
DA:3115,0
DA:3116,0
DA:3119,0
DA:3120,0
DA:3121,0
DA:3122,0
DA:3124,0
DA:3125,0
DA:3127,0
DA:3128,0
DA:3130,0
DA:3131,0
DA:3132,0
DA:3135,0
DA:3136,0
DA:3137,0
DA:3138,0
DA:3140,0
DA:3141,0
DA:3143,0
DA:3144,0
DA:3146,0
DA:3147,0
DA:3148,0
DA:3151,0
DA:3152,0
DA:3153,0
DA:3154,0
DA:3156,0
DA:3157,0
DA:3159,0
DA:3160,0
DA:3162,0
DA:3163,0
DA:3164,0
DA:3165,0
DA:3167,0
DA:3168,0
DA:3169,0
DA:3172,0
DA:3173,0
DA:3174,0
DA:3175,0
DA:3177,0
DA:3178,0
DA:3180,0
DA:3181,0
DA:3182,0
DA:3183,0
DA:3184,0
DA:3185,0
DA:3187,0
DA:3188,0
DA:3189,0
DA:3192,0
DA:3193,0
DA:3194,0
DA:3195,0
DA:3197,0
DA:3198,0
DA:3200,0
DA:3201,0
DA:3203,0
DA:3204,0
DA:3205,0
DA:3208,0
DA:3209,0
DA:3211,0
DA:3212,0
DA:3215,0
DA:3216,0
DA:3217,0
DA:3218,0
DA:3220,0
DA:3221,0
DA:3222,0
DA:3225,0
DA:3226,0
DA:3227,0
DA:3228,0
DA:3230,0
DA:3231,0
DA:3233,0
DA:3234,0
DA:3236,0
DA:3237,0
DA:3238,0
DA:3241,0
DA:3242,0
DA:3245,0
DA:3246,0
DA:3249,0
DA:3250,0
DA:3251,0
DA:3252,0
DA:3253,0
DA:3254,0
DA:3255,0
DA:3256,0
DA:3257,0
DA:3258,0
DA:3259,0
DA:3262,0
DA:3263,0
DA:3264,0
DA:3265,0
DA:3266,0
DA:3267,0
DA:3268,0
DA:3269,0
DA:3270,0
DA:3271,0
DA:3272,0
DA:3273,0
DA:3274,0
DA:3275,0
DA:3278,0
DA:3279,0
DA:3280,0
DA:3281,0
DA:3282,0
DA:3283,0
DA:3284,0
DA:3285,0
DA:3286,0
DA:3287,0
DA:3288,0
DA:3289,0
DA:3290,0
DA:3291,0
DA:3294,0
DA:3295,0
DA:3296,0
DA:3297,0
DA:3298,0
DA:3299,0
DA:3300,0
DA:3301,0
DA:3302,0
DA:3303,0
DA:3304,0
DA:3305,0
DA:3306,0
DA:3307,0
DA:3310,0
DA:3311,0
DA:3312,0
DA:3313,0
DA:3314,0
DA:3315,0
DA:3316,0
DA:3317,0
DA:3318,0
DA:3319,0
DA:3320,0
DA:3321,0
DA:3322,0
DA:3323,0
DA:3324,0
DA:3325,0
DA:3326,0
DA:3327,0
DA:3328,0
DA:3329,0
DA:3330,0
DA:3331,0
DA:3332,0
DA:3333,0
DA:3336,0
DA:3337,0
DA:3338,0
DA:3339,0
DA:3340,0
DA:3341,0
DA:3342,0
DA:3343,0
DA:3344,0
DA:3345,0
DA:3346,0
DA:3347,0
DA:3348,0
DA:3349,0
DA:3350,0
DA:3351,0
DA:3352,0
DA:3353,0
DA:3354,0
DA:3355,0
DA:3356,0
DA:3357,0
DA:3358,0
DA:3359,0
DA:3362,0
DA:3363,0
DA:3364,0
DA:3365,0
DA:3366,0
DA:3367,0
DA:3368,0
DA:3369,0
DA:3370,0
DA:3371,0
DA:3372,0
DA:3373,0
DA:3374,0
DA:3375,0
DA:3376,0
DA:3377,0
DA:3378,0
DA:3379,0
DA:3380,0
DA:3381,0
DA:3382,0
DA:3383,0
DA:3384,0
DA:3385,0
DA:3388,0
DA:3389,0
DA:3390,0
DA:3391,0
DA:3392,0
DA:3393,0
DA:3394,0
DA:3395,0
DA:3396,0
DA:3397,0
DA:3398,0
DA:3399,0
DA:3400,0
DA:3401,0
DA:3402,0
DA:3403,0
DA:3404,0
DA:3405,0
DA:3406,0
DA:3407,0
DA:3408,0
DA:3409,0
DA:3410,0
DA:3411,0
DA:3417,1
DA:3418,1
DA:3419,1
DA:3420,1
DA:3421,1
DA:3422,1
DA:3423,1
DA:3424,1
DA:3426,5
DA:3427,1
DA:3428,1
DA:3432,1
DA:3433,1
DA:3434,1
DA:3435,1
DA:3436,1
DA:3437,1
DA:3438,1
DA:3439,1
DA:3441,5
DA:3442,1
DA:3443,1
DA:3447,1
DA:3448,1
DA:3449,1
DA:3450,1
DA:3451,1
DA:3452,1
DA:3453,1
DA:3454,1
DA:3456,5
DA:3457,1
DA:3458,1
DA:3462,1
DA:3463,1
DA:3464,1
DA:3465,1
DA:3466,1
DA:3467,1
DA:3468,1
DA:3469,1
DA:3471,5
DA:3472,1
DA:3473,1
DA:3477,1
DA:3478,1
DA:3479,1
DA:3480,1
DA:3481,1
DA:3482,1
DA:3483,1
DA:3484,1
DA:3486,5
DA:3487,1
DA:3488,1
DA:3492,1
DA:3493,1
DA:3494,1
DA:3495,1
DA:3496,1
DA:3497,1
DA:3498,1
DA:3499,1
DA:3501,5
DA:3502,1
DA:3503,1
DA:3507,1
DA:3508,1
DA:3509,1
DA:3510,1
DA:3511,1
DA:3512,1
DA:3513,1
DA:3514,1
DA:3516,5
DA:3517,1
DA:3518,1
DA:3522,1
DA:3523,1
DA:3524,1
DA:3525,1
DA:3526,1
DA:3527,1
DA:3528,1
DA:3529,1
DA:3531,5
DA:3532,1
DA:3533,1
DA:3537,1
DA:3538,1
DA:3539,1
DA:3540,1
DA:3541,1
DA:3542,1
DA:3543,1
DA:3544,1
DA:3546,5
DA:3547,1
DA:3548,1
DA:3552,1
DA:3553,1
DA:3554,1
DA:3555,1
DA:3556,1
DA:3557,1
DA:3558,1
DA:3559,1
DA:3561,5
DA:3562,1
DA:3563,1
DA:3567,1
DA:3568,1
DA:3569,1
DA:3570,1
DA:3571,1
DA:3572,1
DA:3573,1
DA:3574,1
DA:3576,5
DA:3577,1
DA:3578,1
DA:3582,1
DA:3583,1
DA:3584,1
DA:3585,1
DA:3586,1
DA:3587,1
DA:3588,1
DA:3589,1
DA:3591,5
DA:3592,1
DA:3593,1
DA:3596,1
DA:3597,1
DA:3598,1
DA:3599,1
DA:3600,1
DA:3601,1
DA:3602,1
DA:3603,1
DA:3604,1
DA:3605,1
DA:3606,1
DA:3607,1
DA:3608,1
DA:3609,1
DA:3612,1
DA:3613,1
DA:3614,1
DA:3615,1
DA:3616,1
DA:3617,1
DA:3618,1
DA:3619,1
DA:3620,1
DA:3621,1
DA:3622,1
DA:3623,1
DA:3624,1
DA:3625,1
DA:3628,1
DA:3629,1
DA:3630,1
DA:3631,1
DA:3632,1
DA:3633,1
DA:3634,1
DA:3635,1
DA:3636,1
DA:3637,1
DA:3638,1
DA:3639,1
DA:3640,1
DA:3641,1
DA:3644,1
DA:3645,1
DA:3646,1
DA:3647,1
DA:3648,1
DA:3649,1
DA:3650,1
DA:3651,1
DA:3652,1
DA:3653,1
DA:3654,1
DA:3655,1
DA:3656,1
DA:3657,1
DA:3660,1
DA:3662,1
DA:3663,1
DA:3664,1
DA:3665,1
DA:3667,1
DA:3668,1
DA:3669,1
DA:3670,1
DA:3672,1
DA:3673,1
DA:3674,1
DA:3675,1
DA:3677,1
DA:3678,1
DA:3679,1
DA:3682,1
DA:3684,1
DA:3685,1
DA:3686,1
DA:3687,1
DA:3688,1
DA:3690,1
DA:3691,1
DA:3692,1
DA:3693,1
DA:3695,1
DA:3696,1
DA:3697,1
DA:3698,1
DA:3700,1
DA:3701,1
DA:3702,1
DA:3703,1
DA:3705,1
DA:3706,1
DA:3707,1
DA:3708,1
DA:3711,1
DA:3713,1
DA:3714,1
DA:3715,1
DA:3716,1
DA:3717,1
DA:3719,1
DA:3720,1
DA:3721,1
DA:3722,1
DA:3724,1
DA:3725,1
DA:3726,1
DA:3727,1
DA:3728,1
DA:3730,1
DA:3731,1
DA:3732,1
DA:3733,1
DA:3735,1
DA:3736,1
DA:3737,1
DA:3738,1
DA:3741,1
DA:3743,1
DA:3744,1
DA:3745,1
DA:3746,1
DA:3747,1
DA:3749,1
DA:3750,1
DA:3751,1
DA:3752,1
DA:3754,1
DA:3755,1
DA:3756,1
DA:3757,1
DA:3758,1
DA:3760,1
DA:3761,1
DA:3762,1
DA:3763,1
DA:3765,1
DA:3767,1
DA:3768,1
DA:3769,1
DA:3774,1
DA:3775,1
DA:3776,1
DA:3778,1
DA:3779,1
DA:3780,1
DA:3781,1
DA:3782,1
DA:3785,1
DA:3786,1
DA:3787,1
DA:3789,1
DA:3790,1
DA:3791,1
DA:3792,1
DA:3793,1
DA:3796,1
DA:3797,1
DA:3798,1
DA:3800,1
DA:3801,1
DA:3802,1
DA:3803,1
DA:3804,1
DA:3807,1
DA:3808,1
DA:3809,1
DA:3811,1
DA:3812,1
DA:3813,1
DA:3814,1
DA:3815,1
DA:3818,1
DA:3819,1
DA:3820,1
DA:3822,1
DA:3823,1
DA:3824,1
DA:3825,1
DA:3826,1
DA:3829,1
DA:3830,1
DA:3831,1
DA:3833,1
DA:3834,1
DA:3835,1
DA:3836,1
DA:3837,1
DA:3840,1
DA:3841,1
DA:3842,1
DA:3844,1
DA:3845,1
DA:3846,1
DA:3847,1
DA:3848,1
DA:3851,1
DA:3852,1
DA:3853,1
DA:3855,1
DA:3856,1
DA:3857,1
DA:3858,1
DA:3859,1
DA:3862,1
DA:3863,1
DA:3864,1
DA:3866,1
DA:3867,1
DA:3868,1
DA:3869,1
DA:3870,1
DA:3873,1
DA:3874,1
DA:3875,1
DA:3877,1
DA:3878,1
DA:3879,1
DA:3880,1
DA:3881,1
DA:3884,1
DA:3886,1
DA:3887,1
DA:3888,1
DA:3889,1
DA:3890,1
DA:3893,1
DA:3899,1
DA:3900,1
DA:3901,1
DA:3902,1
DA:3903,1
DA:3904,1
DA:3905,1
DA:3906,1
DA:3907,1
DA:3908,1
DA:3909,1
DA:3910,1
DA:3913,1
DA:3919,1
DA:3920,1
DA:3921,1
DA:3922,1
DA:3924,1
DA:3925,1
DA:3926,1
DA:3927,1
DA:3928,1
DA:3929,1
DA:3930,1
DA:3931,1
DA:3934,1
DA:3940,1
DA:3941,1
DA:3942,1
DA:3943,1
DA:3945,1
DA:3946,1
DA:3947,1
DA:3948,1
DA:3949,1
DA:3950,1
DA:3951,1
DA:3952,1
DA:3955,1
DA:3961,1
DA:3962,1
DA:3963,1
DA:3964,1
DA:3966,1
DA:3967,1
DA:3968,1
DA:3969,1
DA:3970,1
DA:3971,1
DA:3972,1
DA:3973,1
DA:3976,1
DA:3982,1
DA:3983,1
DA:3984,1
DA:3985,1
DA:3987,1
DA:3988,1
DA:3989,1
DA:3990,1
DA:3991,1
DA:3992,1
DA:3993,1
DA:3994,1
DA:3997,1
DA:4003,1
DA:4004,1
DA:4005,1
DA:4006,1
DA:4008,1
DA:4009,1
DA:4010,1
DA:4011,1
DA:4012,1
DA:4013,1
DA:4014,1
DA:4015,1
DA:4018,1
DA:4024,1
DA:4025,1
DA:4026,1
DA:4027,1
DA:4029,1
DA:4030,1
DA:4031,1
DA:4032,1
DA:4033,1
DA:4034,1
DA:4035,1
DA:4036,1
DA:4039,1
DA:4045,1
DA:4046,1
DA:4047,1
DA:4048,1
DA:4050,1
DA:4051,1
DA:4052,1
DA:4053,1
DA:4054,1
DA:4055,1
DA:4056,1
DA:4057,1
DA:4060,1
DA:4066,1
DA:4067,1
DA:4068,1
DA:4069,1
DA:4071,1
[...]
DA:8330,0
DA:8331,0
DA:8334,0
DA:8335,0
DA:8336,0
DA:8337,0
DA:8338,0
DA:8341,0
DA:8342,0
DA:8343,0
DA:8344,0
DA:8345,0
DA:8348,0
DA:8349,0
DA:8350,0
DA:8351,0
DA:8352,0
DA:8355,0
DA:8356,0
DA:8357,0
DA:8358,0
DA:8359,0
DA:8362,0
DA:8363,0
DA:8364,0
DA:8365,0
DA:8366,0
DA:8369,0
DA:8370,0
DA:8371,0
DA:8372,0
DA:8373,0
DA:8376,0
DA:8382,0
DA:8383,0
DA:8384,0
DA:8385,0
DA:8386,0
DA:8387,0
DA:8388,0
DA:8389,0
DA:8390,0
DA:8391,0
DA:8392,0
DA:8393,0
DA:8396,0
DA:8402,0
DA:8403,0
DA:8404,0
DA:8405,0
DA:8406,0
DA:8407,0
DA:8408,0
DA:8409,0
DA:8410,0
DA:8411,0
DA:8412,0
DA:8413,0
DA:8416,0
DA:8422,0
DA:8423,0
DA:8424,0
DA:8425,0
DA:8426,0
DA:8427,0
DA:8428,0
DA:8429,0
DA:8430,0
DA:8431,0
DA:8432,0
DA:8433,0
DA:8436,0
DA:8442,0
DA:8443,0
DA:8444,0
DA:8445,0
DA:8446,0
DA:8447,0
DA:8448,0
DA:8449,0
DA:8450,0
DA:8451,0
DA:8452,0
DA:8453,0
DA:8456,0
DA:8462,0
DA:8463,0
DA:8464,0
DA:8465,0
DA:8466,0
DA:8467,0
DA:8468,0
DA:8469,0
DA:8470,0
DA:8471,0
DA:8472,0
DA:8473,0
DA:8476,0
DA:8482,0
DA:8483,0
DA:8484,0
DA:8485,0
DA:8486,0
DA:8487,0
DA:8488,0
DA:8489,0
DA:8490,0
DA:8491,0
DA:8492,0
DA:8493,0
DA:8496,0
DA:8502,0
DA:8503,0
DA:8504,0
DA:8505,0
DA:8506,0
DA:8507,0
DA:8508,0
DA:8509,0
DA:8510,0
DA:8511,0
DA:8512,0
DA:8513,0
DA:8516,0
DA:8522,0
DA:8523,0
DA:8524,0
DA:8525,0
DA:8526,0
DA:8527,0
DA:8528,0
DA:8529,0
DA:8530,0
DA:8531,0
DA:8532,0
DA:8533,0
DA:8536,0
DA:8542,0
DA:8543,0
DA:8544,0
DA:8545,0
DA:8546,0
DA:8547,0
DA:8548,0
DA:8549,0
DA:8550,0
DA:8551,0
DA:8552,0
DA:8553,0
DA:8556,0
DA:8562,0
DA:8563,0
DA:8564,0
DA:8565,0
DA:8566,0
DA:8567,0
DA:8568,0
DA:8569,0
DA:8570,0
DA:8571,0
DA:8572,0
DA:8573,0
DA:8576,0
DA:8582,0
DA:8583,0
DA:8584,0
DA:8585,0
DA:8586,0
DA:8587,0
DA:8588,0
DA:8589,0
DA:8590,0
DA:8591,0
DA:8592,0
DA:8593,0
DA:8596,0
DA:8602,0
DA:8603,0
DA:8604,0
DA:8605,0
DA:8606,0
DA:8607,0
DA:8608,0
DA:8609,0
DA:8610,0
DA:8611,0
DA:8612,0
DA:8613,0
DA:8616,0
DA:8622,0
DA:8623,0
DA:8624,0
DA:8625,0
DA:8626,0
DA:8627,0
DA:8628,0
DA:8629,0
DA:8630,0
DA:8631,0
DA:8632,0
DA:8633,0
DA:8636,0
DA:8642,0
DA:8643,0
DA:8644,0
DA:8645,0
DA:8646,0
DA:8647,0
DA:8648,0
DA:8649,0
DA:8650,0
DA:8651,0
DA:8652,0
DA:8653,0
DA:8656,0
DA:8662,0
DA:8663,0
DA:8664,0
DA:8665,0
DA:8666,0
DA:8667,0
DA:8668,0
DA:8669,0
DA:8670,0
DA:8671,0
DA:8672,0
DA:8673,0
DA:8676,0
DA:8682,0
DA:8683,0
DA:8684,0
DA:8685,0
DA:8686,0
DA:8687,0
DA:8688,0
DA:8689,0
DA:8690,0
DA:8691,0
DA:8692,0
DA:8693,0
DA:8696,0
DA:8702,0
DA:8703,0
DA:8704,0
DA:8705,0
DA:8706,0
DA:8707,0
DA:8708,0
DA:8709,0
DA:8710,0
DA:8711,0
DA:8712,0
DA:8713,0
DA:8716,0
DA:8722,0
DA:8723,0
DA:8724,0
DA:8725,0
DA:8726,0
DA:8727,0
DA:8728,0
DA:8729,0
DA:8730,0
DA:8731,0
DA:8732,0
DA:8733,0
DA:8736,0
DA:8742,0
DA:8743,0
DA:8744,0
DA:8745,0
DA:8746,0
DA:8747,0
DA:8748,0
DA:8749,0
DA:8750,0
DA:8751,0
DA:8752,0
DA:8753,0
DA:8756,0
DA:8762,0
DA:8763,0
DA:8764,0
DA:8765,0
DA:8766,0
DA:8767,0
DA:8768,0
DA:8769,0
DA:8770,0
DA:8771,0
DA:8772,0
DA:8773,0
DA:8776,0
DA:8782,0
DA:8783,0
DA:8784,0
DA:8785,0
DA:8786,0
DA:8787,0
DA:8788,0
DA:8789,0
DA:8790,0
DA:8791,0
DA:8792,0
DA:8793,0
DA:8796,0
DA:8802,0
DA:8803,0
DA:8804,0
DA:8805,0
DA:8806,0
DA:8807,0
DA:8808,0
DA:8809,0
DA:8810,0
DA:8811,0
DA:8812,0
DA:8813,0
DA:8816,0
DA:8822,0
DA:8823,0
DA:8824,0
DA:8825,0
DA:8826,0
DA:8827,0
DA:8828,0
DA:8829,0
DA:8830,0
DA:8831,0
DA:8832,0
DA:8833,0
DA:8836,0
DA:8842,0
DA:8843,0
DA:8844,0
DA:8845,0
DA:8846,0
DA:8847,0
DA:8848,0
DA:8849,0
DA:8850,0
DA:8851,0
DA:8852,0
DA:8853,0
DA:8856,0
DA:8862,0
DA:8863,0
DA:8864,0
DA:8865,0
DA:8866,0
DA:8867,0
DA:8868,0
DA:8869,0
DA:8870,0
DA:8871,0
DA:8872,0
DA:8873,0
DA:8876,0
DA:8882,0
DA:8883,0
DA:8884,0
DA:8885,0
DA:8886,0
DA:8887,0
DA:8888,0
DA:8889,0
DA:8890,0
DA:8891,0
DA:8892,0
DA:8893,0
DA:8896,0
DA:8902,0
DA:8903,0
DA:8904,0
DA:8905,0
DA:8906,0
DA:8907,0
DA:8908,0
DA:8909,0
DA:8910,0
DA:8911,0
DA:8912,0
DA:8913,0
DA:8916,0
DA:8922,0
DA:8923,0
DA:8924,0
DA:8925,0
DA:8926,0
DA:8927,0
DA:8928,0
DA:8929,0
DA:8930,0
DA:8931,0
DA:8932,0
DA:8933,0
DA:8936,0
DA:8942,0
DA:8943,0
DA:8944,0
DA:8945,0
DA:8946,0
DA:8947,0
DA:8948,0
DA:8949,0
DA:8950,0
DA:8951,0
DA:8952,0
DA:8953,0
DA:8956,0
DA:8962,0
DA:8963,0
DA:8964,0
DA:8965,0
DA:8966,0
DA:8967,0
DA:8968,0
DA:8969,0
DA:8970,0
DA:8971,0
DA:8972,0
DA:8973,0
DA:8976,0
DA:8982,0
DA:8983,0
DA:8984,0
DA:8985,0
DA:8986,0
DA:8987,0
DA:8988,0
DA:8989,0
DA:8990,0
DA:8991,0
DA:8992,0
DA:8993,0
DA:8996,0
DA:9002,0
DA:9003,0
DA:9004,0
DA:9005,0
DA:9006,0
DA:9007,0
DA:9008,0
DA:9009,0
DA:9010,0
DA:9011,0
DA:9012,0
DA:9013,0
DA:9016,0
DA:9022,0
DA:9023,0
DA:9024,0
DA:9025,0
DA:9026,0
DA:9027,0
DA:9028,0
DA:9029,0
DA:9030,0
DA:9031,0
DA:9032,0
DA:9033,0
DA:9036,0
DA:9042,0
DA:9043,0
DA:9044,0
DA:9045,0
DA:9046,0
DA:9047,0
DA:9048,0
DA:9049,0
DA:9050,0
DA:9051,0
DA:9052,0
DA:9053,0
DA:9056,0
DA:9062,0
DA:9063,0
DA:9064,0
DA:9065,0
DA:9066,0
DA:9067,0
DA:9068,0
DA:9069,0
DA:9070,0
DA:9071,0
DA:9072,0
DA:9073,0
DA:9076,0
DA:9082,0
DA:9083,0
DA:9084,0
DA:9085,0
DA:9086,0
DA:9087,0
DA:9088,0
DA:9089,0
DA:9090,0
DA:9091,0
DA:9092,0
DA:9093,0
DA:9098,0
DA:9099,0
DA:9100,0
DA:9102,0
DA:9103,0
DA:9104,0
DA:9105,0
DA:9106,0
DA:9109,0
DA:9110,0
DA:9111,0
DA:9113,0
DA:9114,0
DA:9115,0
DA:9116,0
DA:9117,0
DA:9120,0
DA:9121,0
DA:9122,0
DA:9124,0
DA:9125,0
DA:9126,0
DA:9127,0
DA:9128,0
DA:9131,0
DA:9132,0
DA:9133,0
DA:9135,0
DA:9136,0
DA:9137,0
DA:9138,0
DA:9139,0
DA:9142,0
DA:9143,0
DA:9144,0
DA:9146,0
DA:9147,0
DA:9148,0
DA:9149,0
DA:9150,0
DA:9153,0
DA:9154,0
DA:9155,0
DA:9157,0
DA:9158,0
DA:9159,0
DA:9160,0
DA:9161,0
DA:9164,0
DA:9165,0
DA:9166,0
DA:9168,0
DA:9169,0
DA:9170,0
DA:9171,0
DA:9172,0
DA:9175,0
DA:9176,0
DA:9177,0
DA:9179,0
DA:9180,0
DA:9181,0
DA:9182,0
DA:9183,0
DA:9186,0
DA:9187,0
DA:9188,0
DA:9190,0
DA:9191,0
DA:9192,0
DA:9193,0
DA:9194,0
DA:9197,0
DA:9198,0
DA:9199,0
DA:9201,0
DA:9202,0
DA:9203,0
DA:9204,0
DA:9205,0
DA:9208,0
DA:9209,0
DA:9210,0
DA:9212,0
DA:9213,0
DA:9214,0
DA:9215,0
DA:9216,0
DA:9219,0
DA:9220,0
DA:9221,0
DA:9223,0
DA:9224,0
DA:9225,0
DA:9226,0
DA:9227,0
DA:9230,0
DA:9231,0
DA:9233,0
DA:9234,0
DA:9235,0
DA:9237,0
DA:9239,0
DA:9240,0
DA:9241,0
DA:9243,0
DA:9245,0
DA:9246,0
DA:9247,0
DA:9249,0
DA:9251,0
DA:9253,0
DA:9254,0
DA:9256,0
DA:9257,0
DA:9258,0
DA:9259,0
DA:9261,0
DA:9262,0
DA:9263,0
DA:9264,0
DA:9265,0
DA:9270,0
DA:9272,0
DA:9273,0
DA:9274,0
DA:9275,0
DA:9276,0
DA:9277,0
DA:9278,0
DA:9279,0
DA:9280,0
DA:9283,0
DA:9285,0
DA:9286,0
DA:9287,0
DA:9288,0
DA:9289,0
DA:9290,0
DA:9291,0
DA:9292,0
DA:9293,0
DA:9296,0
DA:9298,0
DA:9299,0
DA:9300,0
DA:9301,0
DA:9302,0
DA:9303,0
DA:9304,0
DA:9305,0
DA:9306,0
DA:9307,0
DA:9310,0
DA:9312,0
DA:9313,0
DA:9314,0
DA:9315,0
DA:9316,0
DA:9317,0
DA:9318,0
DA:9319,0
DA:9320,0
DA:9321,0
DA:9324,0
DA:9326,0
DA:9327,0
DA:9328,0
DA:9329,0
DA:9330,0
DA:9331,0
DA:9332,0
DA:9333,0
DA:9334,0
DA:9335,0
DA:9340,0
DA:9341,0
DA:9342,0
DA:9343,0
DA:9344,0
DA:9345,0
DA:9346,0
DA:9349,0
DA:9350,0
DA:9351,0
DA:9352,0
DA:9353,0
DA:9354,0
DA:9355,0
DA:9358,0
DA:9359,0
DA:9360,0
DA:9361,0
DA:9362,0
DA:9363,0
DA:9366,0
DA:9367,0
DA:9368,0
DA:9369,0
DA:9370,0
DA:9371,0
DA:9374,0
DA:9375,0
DA:9376,0
DA:9377,0
DA:9378,0
DA:9379,0
DA:9381,0
DA:9382,0
DA:9383,0
DA:9384,0
DA:9385,0
DA:9386,0
DA:9389,0
DA:9390,0
DA:9391,0
DA:9392,0
DA:9393,0
DA:9394,0
DA:9397,0
DA:9398,0
DA:9399,0
DA:9400,0
DA:9401,0
DA:9402,0
DA:9403,0
DA:9406,0
DA:9407,0
DA:9408,0
DA:9409,0
DA:9410,0
DA:9411,0
DA:9412,0
DA:9415,0
DA:9416,0
DA:9417,0
DA:9418,0
DA:9419,0
DA:9420,0
DA:9421,0
DA:9424,0
DA:9425,0
DA:9426,0
DA:9427,0
DA:9428,0
DA:9429,0
DA:9430,0
DA:9433,0
DA:9434,0
DA:9435,0
DA:9436,0
DA:9437,0
DA:9438,0
DA:9439,0
DA:9442,0
DA:9444,0
DA:9445,0
DA:9446,0
DA:9447,0
DA:9448,0
DA:9449,0
DA:9450,0
DA:9451,0
DA:9452,0
DA:9455,0
DA:9457,0
DA:9458,0
DA:9459,0
DA:9460,0
DA:9461,0
DA:9462,0
DA:9463,0
DA:9464,0
DA:9465,0
DA:9468,0
DA:9470,0
DA:9471,0
DA:9472,0
DA:9473,0
DA:9474,0
DA:9475,0
DA:9476,0
DA:9477,0
DA:9478,0
DA:9481,0
DA:9486,0
DA:9487,0
DA:9488,0
DA:9489,0
DA:9491,0
DA:9492,0
DA:9493,0
DA:9494,0
DA:9497,0
DA:9502,0
DA:9503,0
DA:9504,0
DA:9505,0
DA:9507,0
DA:9508,0
DA:9509,0
DA:9510,0
DA:9513,0
DA:9518,0
DA:9519,0
DA:9520,0
DA:9521,0
DA:9523,0
DA:9524,0
DA:9525,0
DA:9526,0
DA:9529,0
DA:9534,0
DA:9535,0
DA:9536,0
DA:9537,0
DA:9539,0
DA:9540,0
DA:9541,0
DA:9542,0
DA:9545,0
DA:9550,0
DA:9551,0
DA:9552,0
DA:9553,0
DA:9555,0
DA:9556,0
DA:9557,0
DA:9558,0
DA:9561,0
DA:9564,0
DA:9567,0
DA:9568,0
DA:9569,0
DA:9570,0
DA:9574,0
DA:9575,0
DA:9576,0
DA:9577,0
DA:9580,0
DA:9585,0
DA:9586,0
DA:9587,0
DA:9588,0
DA:9590,0
DA:9591,0
DA:9592,0
DA:9593,0
DA:9596,0
DA:9601,0
DA:9602,0
DA:9603,0
DA:9604,0
DA:9606,0
DA:9607,0
DA:9608,0
DA:9609,0
DA:9612,0
DA:9617,0
DA:9618,0
DA:9619,0
DA:9620,0
DA:9622,0
DA:9623,0
DA:9624,0
DA:9625,0
DA:9628,0
DA:9633,0
DA:9634,0
DA:9635,0
DA:9636,0
DA:9638,0
DA:9639,0
DA:9640,0
DA:9641,0
DA:9644,0
DA:9649,0
DA:9650,0
DA:9651,0
DA:9652,0
DA:9654,0
DA:9655,0
DA:9656,0
DA:9657,0
DA:9660,0
DA:9665,0
DA:9666,0
DA:9667,0
DA:9668,0
DA:9670,0
DA:9671,0
DA:9672,0
DA:9673,0
DA:9676,0
DA:9681,0
DA:9682,0
DA:9683,0
DA:9684,0
DA:9686,0
DA:9687,0
DA:9688,0
DA:9689,0
DA:9692,0
DA:9697,0
DA:9698,0
DA:9699,0
DA:9700,0
DA:9702,0
DA:9703,0
DA:9704,0
DA:9705,0
DA:9708,0
DA:9713,0
DA:9714,0
DA:9715,0
DA:9716,0
DA:9718,0
DA:9719,0
DA:9720,0
DA:9721,0
DA:9726,0
DA:9728,0
DA:9730,0
DA:9731,0
DA:9732,0
DA:9733,0
DA:9734,0
DA:9736,0
DA:9737,0
DA:9738,0
DA:9739,0
DA:9740,0
DA:9742,0
DA:9743,0
DA:9744,0
DA:9745,0
DA:9746,0
DA:9748,0
DA:9749,0
DA:9750,0
DA:9751,0
DA:9752,0
DA:9754,0
DA:9755,0
DA:9756,0
DA:9757,0
DA:9758,0
DA:9759,0
DA:9764,0
DA:9765,0
DA:9766,0
DA:9767,0
DA:9769,0
DA:9770,0
DA:9771,0
DA:9772,0
DA:9773,0
DA:9774,0
DA:9777,0
DA:9778,0
DA:9779,0
DA:9780,0
DA:9782,0
DA:9783,0
DA:9784,0
DA:9785,0
DA:9786,0
DA:9787,0
DA:9790,0
DA:9791,0
DA:9792,0
DA:9793,0
DA:9794,0
DA:9795,0
DA:9796,0
DA:9797,0
DA:9798,0
DA:9799,0
DA:9802,0
DA:9803,0
DA:9804,0
DA:9805,0
DA:9806,0
DA:9807,0
DA:9808,0
DA:9809,0
DA:9810,0
DA:9811,0
DA:9814,0
DA:9815,0
DA:9816,0
DA:9817,0
DA:9818,0
DA:9819,0
DA:9820,0
DA:9821,0
DA:9822,0
DA:9823,0
DA:9826,0
DA:9827,0
DA:9828,0
DA:9829,0
DA:9830,0
DA:9831,0
DA:9832,0
DA:9833,0
DA:9834,0
DA:9835,0
DA:9838,0
DA:9839,0
DA:9840,0
DA:9841,0
DA:9842,0
DA:9843,0
DA:9844,0
DA:9845,0
DA:9848,0
DA:9849,0
DA:9850,0
DA:9851,0
DA:9852,0
DA:9853,0
DA:9854,0
DA:9855,0
DA:9858,0
DA:9860,0
DA:9862,0
DA:9863,0
DA:9864,0
DA:9865,0
DA:9866,0
DA:9867,0
DA:9868,0
DA:9869,0
DA:9870,0
DA:9871,0
DA:9872,0
DA:9875,0
DA:9877,0
DA:9879,0
DA:9880,0
DA:9881,0
DA:9882,0
DA:9883,0
DA:9884,0
DA:9885,0
DA:9886,0
DA:9887,0
DA:9888,0
DA:9889,0
DA:9892,0
DA:9894,0
DA:9896,0
DA:9897,0
DA:9898,0
DA:9899,0
DA:9900,0
DA:9901,0
DA:9902,0
DA:9903,0
DA:9904,0
DA:9905,0
DA:9906,0
DA:9909,0
DA:9911,0
DA:9913,0
DA:9914,0
DA:9915,0
DA:9916,0
DA:9917,0
DA:9918,0
DA:9919,0
DA:9920,0
DA:9921,0
DA:9922,0
DA:9923,0
DA:9926,0
DA:9928,0
DA:9930,0
DA:9931,0
DA:9933,0
DA:9934,0
DA:9935,0
DA:9936,0
DA:9937,0
DA:9938,0
DA:9939,0
DA:9940,0
DA:9941,0
DA:9944,0
DA:9946,0
DA:9948,0
DA:9949,0
DA:9951,0
DA:9952,0
DA:9953,0
DA:9954,0
DA:9955,0
DA:9956,0
DA:9957,0
DA:9958,0
DA:9959,0
DA:9962,0
DA:9964,0
DA:9966,0
DA:9967,0
DA:9969,0
DA:9970,0
DA:9971,0
DA:9972,0
DA:9973,0
DA:9974,0
DA:9975,0
DA:9976,0
DA:9977,0
DA:9980,0
DA:9982,0
DA:9984,0
DA:9985,0
DA:9987,0
DA:9988,0
DA:9989,0
DA:9990,0
DA:9991,0
DA:9992,0
DA:9993,0
DA:9994,0
DA:9995,0
DA:9998,0
DA:10000,0
DA:10002,0
DA:10003,0
DA:10004,0
DA:10005,0
DA:10006,0
DA:10007,0
DA:10008,0
DA:10009,0
DA:10010,0
DA:10011,0
DA:10012,0
DA:10017,0
DA:10019,0
DA:10020,0
DA:10021,0
DA:10022,0
DA:10023,0
DA:10024,0
DA:10025,0
DA:10026,0
DA:10027,0
DA:10028,0
DA:10029,0
DA:10032,0
DA:10034,0
DA:10035,0
DA:10036,0
DA:10037,0
DA:10038,0
DA:10039,0
DA:10040,0
DA:10041,0
DA:10042,0
DA:10043,0
DA:10044,0
DA:10046,0
DA:10048,0
DA:10049,0
DA:10050,0
DA:10051,0
DA:10052,0
DA:10053,0
DA:10054,0
DA:10057,0
DA:10059,0
DA:10060,0
DA:10061,0
DA:10062,0
DA:10064,0
DA:10065,0
DA:10066,0
DA:10068,0
DA:10069,0
DA:10070,0
DA:10071,0
DA:10074,0
DA:10076,0
DA:10077,0
DA:10078,0
DA:10079,0
DA:10080,0
DA:10081,0
DA:10084,0
DA:10086,0
DA:10087,0
DA:10088,0
DA:10089,0
DA:10091,0
DA:10092,0
DA:10093,0
DA:10095,0
DA:10096,0
DA:10097,0
DA:10098,0
DA:10101,0
DA:10103,0
DA:10104,0
DA:10105,0
DA:10106,0
DA:10107,0
DA:10108,0
DA:10109,0
DA:10112,0
DA:10114,0
DA:10115,0
DA:10116,0
DA:10117,0
DA:10118,0
DA:10119,0
DA:10120,0
DA:10123,0
DA:10125,0
DA:10126,0
DA:10127,0
DA:10128,0
DA:10129,0
DA:10130,0
DA:10131,0
DA:10134,0
DA:10136,0
DA:10137,0
DA:10138,0
DA:10139,0
DA:10140,0
DA:10141,0
DA:10144,0
DA:10146,0
DA:10147,0
DA:10148,0
DA:10149,0
DA:10150,0
DA:10153,0
DA:10155,0
DA:10156,0
DA:10157,0
DA:10158,0
DA:10159,0
DA:10162,0
DA:10164,0
DA:10165,0
DA:10166,0
DA:10167,0
DA:10168,0
DA:10171,0
DA:10173,0
DA:10174,0
DA:10175,0
DA:10176,0
DA:10177,0
DA:10180,0
DA:10182,0
DA:10183,0
DA:10184,0
DA:10185,0
DA:10186,0
DA:10189,0
DA:10191,0
DA:10192,0
DA:10193,0
DA:10194,0
DA:10197,0
DA:10199,0
DA:10200,0
DA:10201,0
DA:10202,0
DA:10203,0
DA:10204,0
DA:10205,0
DA:10210,0
DA:10212,0
DA:10213,0
DA:10214,0
DA:10215,0
DA:10216,0
DA:10217,0
DA:10218,0
DA:10220,0
DA:10221,0
DA:10222,0
DA:10223,0
DA:10226,0
DA:10228,0
DA:10229,0
DA:10230,0
DA:10231,0
DA:10232,0
DA:10233,0
DA:10234,0
DA:10235,0
DA:10236,0
DA:10237,0
DA:10238,0
DA:10241,0
DA:10243,0
DA:10244,0
DA:10245,0
DA:10246,0
DA:10247,0
DA:10248,0
DA:10249,0
DA:10250,0
DA:10251,0
DA:10252,0
DA:10255,0
DA:10257,0
DA:10258,0
DA:10259,0
DA:10260,0
DA:10261,0
DA:10262,0
DA:10263,0
DA:10264,0
DA:10265,0
DA:10266,0
DA:10267,0
DA:10270,0
DA:10272,0
DA:10273,0
DA:10274,0
DA:10275,0
DA:10276,0
DA:10277,0
DA:10278,0
DA:10279,0
DA:10280,0
DA:10281,0
DA:10282,0
DA:10285,0
DA:10287,0
DA:10288,0
DA:10289,0
DA:10290,0
DA:10291,0
DA:10292,0
DA:10293,0
DA:10294,0
DA:10295,0
DA:10296,0
DA:10297,0
DA:10300,0
DA:10302,0
DA:10303,0
DA:10305,0
DA:10306,0
DA:10307,0
DA:10308,0
DA:10309,0
DA:10310,0
DA:10311,0
DA:10312,0
DA:10315,0
DA:10317,0
DA:10318,0
DA:10319,0
DA:10320,0
DA:10321,0
DA:10322,0
DA:10323,0
DA:10324,0
DA:10325,0
DA:10326,0
DA:10327,0
DA:10330,0
DA:10332,0
DA:10333,0
DA:10334,0
DA:10335,0
DA:10336,0
DA:10337,0
DA:10338,0
DA:10339,0
DA:10340,0
DA:10341,0
DA:10342,0
DA:10345,0
DA:10350,0
DA:10353,0
DA:10354,0
DA:10355,0
DA:10356,0
DA:10357,0
DA:10360,0
DA:10361,0
DA:10362,0
DA:10363,0
DA:10366,0
DA:10371,0
DA:10374,0
DA:10375,0
DA:10376,0
DA:10377,0
DA:10378,0
DA:10381,0
DA:10382,0
DA:10383,0
DA:10384,0
DA:10387,0
DA:10392,0
DA:10395,0
DA:10396,0
DA:10397,0
DA:10398,0
DA:10399,0
DA:10402,0
DA:10403,0
DA:10404,0
DA:10405,0
DA:10408,0
DA:10413,0
DA:10416,0
DA:10417,0
DA:10418,0
DA:10419,0
DA:10420,0
DA:10423,0
DA:10424,0
DA:10425,0
DA:10426,0
DA:10429,0
DA:10434,0
DA:10437,0
DA:10438,0
DA:10439,0
DA:10440,0
DA:10441,0
DA:10444,0
DA:10445,0
DA:10446,0
DA:10447,0
DA:10450,0
DA:10455,0
DA:10458,0
DA:10459,0
DA:10460,0
DA:10461,0
DA:10462,0
DA:10465,0
DA:10466,0
DA:10467,0
DA:10468,0
DA:10471,0
DA:10476,0
DA:10479,0
DA:10480,0
DA:10481,0
DA:10482,0
DA:10483,0
DA:10486,0
DA:10487,0
DA:10488,0
DA:10489,0
DA:10492,99
DA:10493,99
DA:10494,99
DA:10495,99
DA:10498,99
DA:10696,99
DA:10697,99
DA:10698,99
DA:10699,99
DA:10700,99
DA:10701,99
DA:10702,99
DA:10703,99
DA:10704,99
DA:10705,99
DA:10706,99
DA:10707,99
DA:10709,99
DA:10711,99
DA:10712,99
DA:10713,99
DA:10714,99
DA:10715,99
DA:10716,99
DA:10717,99
DA:10718,99
DA:10722,99
DA:10723,99
DA:10724,99
DA:10725,99
DA:10726,99
DA:10727,99
DA:10728,99
DA:10729,99
DA:10730,99
DA:10731,99
DA:10732,99
DA:10733,99
DA:10734,99
DA:10735,99
DA:10736,99
DA:10737,99
DA:10738,99
DA:10739,99
DA:10740,99
DA:10741,99
DA:10742,99
DA:10743,99
DA:10744,99
DA:10745,99
DA:10746,99
DA:10747,99
DA:10748,99
DA:10749,99
DA:10750,99
DA:10751,99
DA:10752,99
DA:10753,99
DA:10754,99
DA:10755,99
DA:10756,99
DA:10757,99
DA:10758,99
DA:10759,99
DA:10760,99
DA:10761,99
DA:10762,99
DA:10763,99
DA:10764,99
DA:10765,99
DA:10766,99
DA:10767,99
DA:10768,99
DA:10772,99
DA:10773,99
DA:10774,99
DA:10775,99
DA:10776,99
DA:10777,99
DA:10778,99
DA:10782,99
DA:10783,99
DA:10784,99
DA:10785,99
DA:10786,99
DA:10787,99
DA:10788,99
DA:10789,99
DA:10790,99
DA:10791,99
DA:10792,99
DA:10793,99
DA:10794,99
DA:10795,99
DA:10796,99
DA:10797,99
DA:10798,99
DA:10799,99
DA:10800,99
DA:10801,99
DA:10802,99
DA:10803,99
DA:10804,99
DA:10805,99
DA:11167,99
DA:11168,1
DA:11169,1
DA:11171,1
LF:7569
LH:1371
end_of_record
TN:s21_test_out
SF:/Users/thalassa/C5_s21_decimal-1/src/main_functions/Another_functions/s21_truncate.c
FN:3,s21_truncate
FNDA:28,s21_truncate
FNF:1
FNH:1
DA:3,28
DA:5,28
DA:6,28
DA:7,28
DA:8,234
DA:9,206
DA:11,28
DA:12,28
LF:8
LH:8
end_of_record
TN:s21_test_out
SF:/Users/thalassa/C5_s21_decimal-1/src/secondary_functions/Bit_operations/set_decimal_bit.c
FN:3,set_decimal_bit
FNDA:140,set_decimal_bit
FNF:1
FNH:1
DA:3,140
DA:5,140
DA:6,62
DA:7,62
DA:8,62
DA:9,62
DA:11,78
DA:12,78
DA:13,0
DA:14,0
DA:15,0
DA:16,0
DA:19,140
LF:13
LH:9
end_of_record
TN:s21_test_out
SF:/Users/thalassa/C5_s21_decimal-1/src/extended_decimal/set_extdec_bit.c
FN:3,set_extdec_bit
FNDA:1242187782,set_extdec_bit
FNF:1
FNH:1
DA:3,1242187782
DA:4,1242187782
DA:5,28758867
DA:6,14645935
DA:7,14645935
DA:8,14645935
DA:10,1213428915
DA:11,1213428915
DA:12,13378972
DA:13,13378972
DA:14,13378972
DA:15,13378972
DA:18,1242187782
LF:13
LH:13
end_of_record
TN:s21_test_out
SF:/Users/thalassa/C5_s21_decimal-1/src/secondary_functions/Bit_operations/setBit.c
FN:3,setBit
FNDA:1267464,setBit
FNF:1
FNH:1
DA:3,1267464
DA:4,1267464
DA:5,1267464
DA:6,64395
DA:7,64395
DA:9,1267464
LF:6
LH:6
end_of_record
TN:s21_test_out
SF:/Users/thalassa/C5_s21_decimal-1/src/extended_decimal/setExtScale.c
FN:3,setExtScale
FNDA:158448,setExtScale
FNF:1
FNH:1
DA:3,158448
DA:4,158448
DA:5,158448
DA:6,54
DA:8,1425546
DA:9,1267152
DA:10,1267152
DA:11,70976
DA:13,1196176
DA:17,158448
LF:10
LH:10
end_of_record
TN:s21_test_out
SF:/Users/thalassa/C5_s21_decimal-1/src/extended_decimal/setExtSign.c
FN:3,setExtSign
FNDA:127512,setExtSign
FNF:1
FNH:1
DA:3,127512
DA:4,127512
DA:5,127512
DA:6,1584
DA:7,1584
DA:9,127512
LF:6
LH:6
end_of_record
TN:s21_test_out
SF:/Users/thalassa/C5_s21_decimal-1/src/secondary_functions/GetSet_SignScale/setScale.c
FN:3,setScale
FNDA:38,setScale
FNF:1
FNH:1
DA:3,38
DA:4,38
DA:5,342
DA:6,304
DA:7,304
DA:8,54
DA:10,250
DA:14,38
LF:8
LH:8
end_of_record
TN:s21_test_out
SF:/Users/thalassa/C5_s21_decimal-1/src/secondary_functions/GetSet_SignScale/setSign.c
FN:3,setSign
FNDA:24,setSign
FNF:1
FNH:1
DA:3,24
DA:4,24
DA:5,24
DA:6,14
DA:7,14
DA:9,24
LF:6
LH:6
end_of_record
TN:s21_test_out
SF:/Users/thalassa/C5_s21_decimal-1/src/secondary_functions/shifts/shift_left.c
FN:3,shift_left
FNDA:49414,shift_left
FNF:1
FNH:1
DA:3,49414
DA:4,49414
DA:5,26168473
DA:6,26119059
DA:7,26028224
DA:9,26119059
DA:10,90835
DA:12,26028224
DA:14,26119059
DA:15,90835
DA:16,90835
DA:19,49414
LF:12
LH:12
end_of_record
TN:s21_test_out
SF:/Users/thalassa/C5_s21_decimal-1/src/secondary_functions/shifts/shift_right.c
FN:3,shift_right
FNDA:79930,shift_right
FNF:1
FNH:1
DA:3,79930
DA:5,79930
DA:6,79930
DA:7,79930
DA:8,1183299706
DA:9,1183219776
DA:10,1179111374
DA:12,1183219776
DA:13,4108402
DA:15,1179111374
DA:17,1183219776
DA:18,4028472
DA:19,4028472
DA:22,79930
DA:23,79930
LF:15
LH:15
end_of_record
TN:s21_test_out
SF:/Users/thalassa/C5_s21_decimal-1/src/secondary_functions/NoSE/sub_no_equote.c
FN:3,sub_no_equote
FNDA:17810,sub_no_equote
FNF:1
FNH:1
DA:3,17810
DA:5,17810
DA:6,17810
DA:7,17810
DA:8,17810
DA:9,17515
DA:10,17515
DA:11,0
DA:13,295
DA:14,295
DA:15,295
DA:16,0
DA:18,295
DA:21,17810
LF:14
LH:12
end_of_record
TN:s21_test_out
SF:/Users/thalassa/C5_s21_decimal-1/src/secondary_functions/NoSE/subtraction_no_sign.c
FN:3,subtraction_no_sign
FNDA:17811,subtraction_no_sign
FNF:1
FNH:1
DA:3,17811
DA:4,17811
DA:5,5165190
DA:6,5147379
DA:7,5147379
DA:8,5147379
DA:9,5084501
DA:10,10773
DA:11,5073728
DA:12,10059
DA:13,10059
DA:14,5063669
DA:15,4807519
DA:16,256150
DA:17,256150
DA:19,62878
DA:20,10059
DA:21,10059
DA:22,52819
DA:23,44869
DA:24,44869
DA:25,7950
DA:26,5144
DA:27,5144
DA:28,2806
DA:29,2806
DA:30,2806
DA:33,17811
DA:34,17811
LF:29
LH:29
end_of_record
