TN:s21_test_out
SF:/Users/thalassa/C5_s21_decimal-1/src/secondary_functions/NoSE/add_no_equote.c
FN:3,add_no_equote
FNDA:155618,add_no_equote
FNF:1
FNH:1
DA:3,155618
DA:4,155618
DA:5,155618
DA:6,155618
DA:7,155618
DA:8,155618
DA:10,155618
DA:11,44868695
DA:12,44713440
DA:13,44713440
DA:14,44713440
DA:15,43326645
DA:16,41571997
DA:17,1989773
DA:18,41336872
DA:19,41027652
DA:20,309220
DA:21,309220
DA:22,309220
DA:24,1386795
DA:25,636955
DA:26,671855
DA:27,671855
DA:28,714940
DA:29,309220
DA:30,309220
DA:31,405720
DA:32,405720
DA:33,405720
DA:36,155255
DA:37,155255
DA:38,155255
DA:39,363
DA:40,0
DA:42,363
DA:43,359
DA:44,359
DA:45,359
DA:46,4
DA:47,0
DA:48,0
DA:49,0
DA:50,4
DA:51,4
DA:52,4
DA:53,4
DA:54,0
DA:55,0
DA:56,0
DA:57,0
DA:60,155618
LF:51
LH:43
end_of_record
TN:s21_test_out
SF:/Users/thalassa/C5_s21_decimal-1/src/secondary_functions/tmp/alt_add.c
FN:3,alt_add
FNDA:0,alt_add
FNF:1
FNH:0
DA:3,0
DA:4,0
DA:5,0
DA:6,0
DA:7,0
DA:8,0
DA:9,0
DA:10,0
DA:11,0
DA:12,0
DA:13,0
DA:14,0
DA:15,0
DA:16,0
DA:17,0
DA:18,0
DA:19,0
DA:20,0
DA:21,0
DA:24,0
DA:25,0
DA:26,0
DA:27,0
DA:28,0
DA:29,0
DA:31,0
DA:32,0
DA:33,0
DA:34,0
DA:35,0
DA:36,0
DA:37,0
DA:38,0
DA:42,0
LF:34
LH:0
end_of_record
TN:s21_test_out
SF:/Users/thalassa/C5_s21_decimal-1/src/secondary_functions/tmp/alt_sub.c
FN:3,alt_sub
FNDA:0,alt_sub
FNF:1
FNH:0
DA:3,0
DA:4,0
DA:5,0
DA:6,0
DA:7,0
DA:8,0
DA:9,0
DA:10,0
DA:11,0
DA:12,0
DA:13,0
DA:14,0
DA:15,0
DA:16,0
DA:17,0
DA:18,0
DA:19,0
DA:21,0
DA:22,0
DA:23,0
DA:24,0
DA:25,0
DA:26,0
DA:27,0
DA:28,0
DA:29,0
DA:30,0
DA:31,0
DA:32,0
DA:35,0
LF:30
LH:0
end_of_record
TN:s21_test_out
SF:/Users/thalassa/C5_s21_decimal-1/src/secondary_functions/Print/decimal_to_binary_mass.c
FN:3,decimal_to_binary_mass
FNDA:0,decimal_to_binary_mass
FNF:1
FNH:0
DA:3,0
DA:4,0
DA:5,0
DA:7,0
LF:4
LH:0
end_of_record
TN:s21_test_out
SF:/Users/thalassa/C5_s21_decimal-1/src/secondary_functions/dec_to_back_string/decimal_to_string.c
FN:3,decimal_to_string
FNDA:0,decimal_to_string
FNF:1
FNH:0
DA:3,0
DA:4,0
DA:5,0
DA:6,0
DA:7,0
DA:8,0
DA:10,0
DA:11,0
DA:13,0
DA:14,0
DA:16,0
DA:17,0
DA:18,0
LF:13
LH:0
end_of_record
TN:s21_test_out
SF:/Users/thalassa/C5_s21_decimal-1/src/extended_decimal/division_by_ten.c
FN:3,division_by_ten
FNDA:13699,division_by_ten
FNF:1
FNH:1
DA:3,13699
DA:5,13699
DA:7,13699
DA:8,13699
DA:11,13699
DA:12,13699
DA:13,13699
DA:14,13699
DA:15,13699
DA:17,13699
DA:18,13699
DA:19,13699
DA:23,13699
DA:24,13699
DA:25,13699
DA:26,13699
DA:29,13699
DA:30,13699
DA:31,13699
DA:34,13699
DA:35,13699
DA:36,13699
DA:38,13699
DA:39,13699
DA:40,13699
DA:42,13699
DA:43,13699
DA:44,13699
DA:46,13699
DA:47,13699
DA:48,13699
DA:50,13699
DA:51,13699
DA:52,13699
DA:55,13699
DA:59,13699
DA:60,13699
DA:62,13699
DA:63,13699
DA:64,13699
DA:65,13699
DA:66,13699
DA:69,13699
DA:70,6926
DA:71,6926
DA:72,6773
DA:73,6773
DA:74,6773
DA:75,6773
DA:76,6773
DA:78,6926
DA:80,13699
DA:81,13699
DA:82,13699
DA:83,7975
DA:89,13699
DA:90,13699
DA:91,13699
DA:93,13699
DA:95,13699
DA:98,13699
DA:99,13699
DA:101,13699
LF:63
LH:63
end_of_record
TN:s21_test_out
SF:/Users/thalassa/C5_s21_decimal-1/src/extended_decimal/equate_dec_to_extdec.c
FN:3,equate_dec_to_extdec
FNDA:3420,equate_dec_to_extdec
FNF:1
FNH:1
DA:3,3420
DA:4,3420
DA:5,3420
DA:6,3420
DA:7,3420
DA:8,3420
DA:9,3420
LF:7
LH:7
end_of_record
TN:s21_test_out
SF:/Users/thalassa/C5_s21_decimal-1/src/secondary_functions/convert_dec/equate_decimal.c
FN:3,equate_decimal
FNDA:55,equate_decimal
FNF:1
FNH:1
DA:3,55
DA:4,55
DA:5,275
DA:6,220
DA:8,55
LF:5
LH:5
end_of_record
TN:s21_test_out
SF:/Users/thalassa/C5_s21_decimal-1/src/extended_decimal/equate_ext_scale.c
FN:3,equate_ext_scale
FNDA:43367,equate_ext_scale
FNF:1
FNH:1
DA:3,43367
DA:4,43367
DA:5,43367
DA:6,43367
DA:7,43367
DA:9,43367
DA:10,1009
DA:11,858
DA:14,49727
DA:15,6511
DA:19,43367
LF:11
LH:11
end_of_record
TN:s21_test_out
SF:/Users/thalassa/C5_s21_decimal-1/src/extended_decimal/equate_extdec.c
FN:3,equate_extdec
FNDA:538697,equate_extdec
FNF:1
FNH:1
DA:3,538697
DA:4,538697
DA:5,5925667
DA:6,5386970
DA:8,538697
LF:5
LH:5
end_of_record
TN:s21_test_out
SF:/Users/thalassa/C5_s21_decimal-1/src/extended_decimal/equate_extdec_to_dec.c
FN:3,equate_extdec_to_dec
FNDA:1047,equate_extdec_to_dec
FNF:1
FNH:1
DA:3,1047
DA:4,1047
DA:5,1047
DA:8,1047
DA:9,1047
DA:10,7214
DA:11,6167
DA:14,1047
DA:15,1047
DA:16,1047
DA:17,10
DA:20,1047
DA:21,1047
DA:22,1057
DA:23,10
DA:24,6
DA:26,1047
DA:27,1037
DA:30,1037
DA:31,1037
DA:32,1037
DA:34,1037
DA:35,1037
DA:36,1169
DA:37,132
DA:38,132
DA:39,132
DA:41,1037
DA:44,1037
DA:45,1037
DA:46,1037
DA:47,1037
DA:48,1037
DA:49,1037
DA:50,0
DA:51,1037
DA:53,681
DA:54,2
DA:55,679
DA:56,0
DA:57,0
DA:59,0
DA:65,1037
DA:66,1035
DA:67,1037
DA:68,2
DA:69,1
DA:70,1036
DA:71,1035
DA:72,1036
DA:73,1
DA:74,1
DA:77,1037
DA:78,1037
DA:79,1037
DA:80,1037
DA:84,1037
DA:85,1037
DA:86,45
DA:89,1047
LF:60
LH:56
end_of_record
TN:s21_test_out
SF:/Users/thalassa/C5_s21_decimal-1/src/extended_decimal/ext_is_less.c
FN:3,ext_is_less
FNDA:30175,ext_is_less
FNF:1
FNH:1
DA:3,30175
DA:4,30175
DA:5,30175
DA:6,30175
DA:7,30175
DA:8,30175
DA:9,30175
DA:10,0
DA:11,30175
DA:12,0
DA:14,30175
DA:15,8371469
DA:16,8367698
DA:17,8367698
DA:18,8367698
DA:19,26404
DA:20,26404
DA:21,8341294
DA:22,0
DA:23,0
DA:25,8341294
DA:26,0
DA:30,30175
LF:23
LH:18
end_of_record
TN:s21_test_out
SF:/Users/thalassa/C5_s21_decimal-1/src/extended_decimal/extdec_to_binary_mass.c
FN:3,extdec_to_binary_mass
FNDA:0,extdec_to_binary_mass
FNF:1
FNH:0
DA:3,0
DA:4,0
DA:5,0
DA:7,0
LF:4
LH:0
end_of_record
TN:s21_test_out
SF:/Users/thalassa/C5_s21_decimal-1/src/secondary_functions/Bit_operations/get_decimal_bit.c
FN:3,get_decimal_bit
FNDA:7362,get_decimal_bit
FNF:1
FNH:1
DA:3,7362
DA:4,7362
DA:5,7362
DA:6,7362
LF:4
LH:4
end_of_record
TN:s21_test_out
SF:/Users/thalassa/C5_s21_decimal-1/src/extended_decimal/get_extdec_bit.c
FN:3,get_extdec_bit
FNDA:4328773487,get_extdec_bit
FNF:1
FNH:1
DA:3,4328773487
DA:4,4328773487
DA:5,4328773487
DA:6,4328773487
LF:4
LH:4
end_of_record
TN:s21_test_out
SF:/Users/thalassa/C5_s21_decimal-1/src/secondary_functions/Bit_operations/get_first_non_zero_bit.c
FN:3,get_first_non_zero_extBit
FNDA:0,get_first_non_zero_extBit
FNF:1
FNH:0
DA:3,0
DA:4,0
DA:5,0
DA:6,0
DA:7,0
DA:8,0
DA:11,0
DA:12,0
LF:8
LH:0
end_of_record
TN:s21_test_out
SF:/Users/thalassa/C5_s21_decimal-1/src/secondary_functions/Bit_operations/get_float_bit.c
FN:3,get_float_bit
FNDA:0,get_float_bit
FNF:1
FNH:0
DA:3,0
DA:4,0
DA:5,0
DA:6,0
DA:8,0
DA:9,0
LF:6
LH:0
end_of_record
TN:s21_test_out
SF:/Users/thalassa/C5_s21_decimal-1/src/secondary_functions/float_functions/getBinaryExp.c
FN:3,getBinaryExp
FNDA:235,getBinaryExp
FNF:1
FNH:1
DA:3,235
DA:4,235
DA:5,235
DA:6,235
DA:7,2115
DA:8,1880
DA:9,1880
DA:11,235
DA:12,235
DA:13,235
LF:10
LH:10
end_of_record
TN:s21_test_out
SF:/Users/thalassa/C5_s21_decimal-1/src/secondary_functions/Bit_operations/getBit.c
FN:3,getBit
FNDA:4334232024,getBit
FNF:1
FNH:1
DA:3,4334232024
DA:4,4334232024
DA:5,4334232024
DA:6,4334232024
DA:7,77058814
DA:9,4334232024
LF:6
LH:6
end_of_record
TN:s21_test_out
SF:/Users/thalassa/C5_s21_decimal-1/src/extended_decimal/getExtScale.c
FN:3,getExtScale
FNDA:364717,getExtScale
FNF:1
FNH:1
DA:3,364717
DA:4,364717
DA:5,3282453
DA:6,2917736
DA:7,364553
DA:10,364717
LF:6
LH:6
end_of_record
TN:s21_test_out
SF:/Users/thalassa/C5_s21_decimal-1/src/extended_decimal/getExtSign.c
FN:3,getExtSign
FNDA:479680,getExtSign
FNF:1
FNH:1
DA:3,479680
DA:4,479680
LF:2
LH:2
end_of_record
TN:s21_test_out
SF:/Users/thalassa/C5_s21_decimal-1/src/secondary_functions/GetSet_SignScale/getScale.c
FN:3,getScale
FNDA:297,getScale
FNF:1
FNH:1
DA:3,297
DA:4,297
DA:5,2673
DA:6,2376
DA:7,422
DA:10,297
LF:6
LH:6
end_of_record
TN:s21_test_out
SF:/Users/thalassa/C5_s21_decimal-1/src/secondary_functions/GetSet_SignScale/getSign.c
FN:3,getSign
FNDA:72,getSign
FNF:1
FNH:1
DA:3,72
DA:4,72
LF:2
LH:2
end_of_record
TN:s21_test_out
SF:/Users/thalassa/C5_s21_decimal-1/src/secondary_functions/convert_dec/init_decimal.c
FN:3,init_decimal
FNDA:2659,init_decimal
FNF:1
FNH:1
DA:3,2659
DA:4,2659
DA:5,2659
DA:6,2659
DA:7,2659
DA:8,2659
LF:6
LH:6
end_of_record
TN:s21_test_out
SF:/Users/thalassa/C5_s21_decimal-1/src/extended_decimal/init_extended_decimal.c
FN:3,init_extended_decimal
FNDA:1042498,init_extended_decimal
FNF:1
FNH:1
DA:3,1042498
DA:4,1042498
DA:5,1042498
DA:6,1042498
DA:7,1042498
DA:8,1042498
DA:9,1042498
DA:10,1042498
DA:11,1042498
DA:12,1042498
DA:13,1042498
DA:14,1042498
LF:12
LH:12
end_of_record
TN:s21_test_out
SF:/Users/thalassa/C5_s21_decimal-1/src/secondary_functions/Bit_operations/inversBit.c
FN:3,inversBit
FNDA:0,inversBit
FNF:1
FNH:0
DA:3,0
DA:4,0
DA:5,0
DA:6,0
DA:7,0
LF:5
LH:0
end_of_record
TN:s21_test_out
SF:/Users/thalassa/C5_s21_decimal-1/src/secondary_functions/NoSE/is_equal_no_sign.c
FN:3,is_equal_no_sign
FNDA:8922,is_equal_no_sign
FNF:1
FNH:1
DA:3,8922
DA:4,8922
DA:5,8922
DA:6,8922
DA:7,8922
DA:8,2410313
DA:9,2409322
DA:10,2409322
DA:11,2409322
DA:12,7567
DA:13,7567
DA:14,2401755
DA:15,364
DA:16,364
DA:19,8922
LF:15
LH:15
end_of_record
TN:s21_test_out
SF:/Users/thalassa/C5_s21_decimal-1/src/secondary_functions/NoSE/is_less_no_sign.c
FN:3,is_less_no_sign
FNDA:2988,is_less_no_sign
FNF:1
FNH:1
DA:3,2988
DA:4,2988
DA:5,2988
DA:6,2988
DA:7,2988
DA:8,816094
DA:9,816071
DA:10,816071
DA:11,816071
DA:12,2074
DA:13,2074
DA:14,813997
DA:15,891
DA:16,891
DA:19,2988
LF:15
LH:15
end_of_record
TN:s21_test_out
SF:/Users/thalassa/C5_s21_decimal-1/src/secondary_functions/NoSE/is_less_signed.c
FN:3,is_less_signed
FNDA:0,is_less_signed
FNF:1
FNH:0
DA:3,0
DA:4,0
DA:5,0
DA:6,0
DA:7,0
DA:8,0
DA:9,0
DA:10,0
DA:11,0
DA:12,0
DA:14,0
DA:15,0
DA:16,0
DA:17,0
DA:18,0
DA:19,0
DA:20,0
DA:21,0
DA:22,0
DA:23,0
DA:26,0
DA:27,0
DA:28,0
DA:29,0
DA:31,0
DA:33,0
LF:26
LH:0
end_of_record
TN:s21_test_out
SF:/Users/thalassa/C5_s21_decimal-1/src/extended_decimal/multiply_extdec_by_ten.c
FN:3,multiply_extdec_by_ten
FNDA:23345,multiply_extdec_by_ten
FNF:1
FNH:1
DA:3,23345
DA:5,23345
DA:6,23345
DA:7,23345
DA:8,23345
DA:9,23345
DA:10,23345
DA:11,23345
DA:12,23345
DA:14,23345
DA:15,23345
DA:17,23345
DA:18,23345
DA:19,23345
DA:20,23345
DA:21,23345
LF:16
LH:16
end_of_record
TN:s21_test_out
SF:/Users/thalassa/C5_s21_decimal-1/src/secondary_functions/Print/print_binary_decimal.c
FN:3,print_binary_decimal
FNDA:0,print_binary_decimal
FNF:1
FNH:0
DA:3,0
DA:4,0
DA:5,0
DA:6,0
DA:8,0
DA:10,0
DA:11,0
LF:7
LH:0
end_of_record
TN:s21_test_out
SF:/Users/thalassa/C5_s21_decimal-1/src/secondary_functions/Print/print_binery_extdec.c
FN:3,print_binary_extdec
FNDA:0,print_binary_extdec
FNF:1
FNH:0
DA:3,0
DA:4,0
DA:5,0
DA:6,0
DA:7,0
DA:9,0
DA:12,0
DA:14,0
DA:15,0
LF:9
LH:0
end_of_record
TN:s21_test_out
SF:/Users/thalassa/C5_s21_decimal-1/src/main_functions/Arithmetic_Operators/s21_add.c
FN:3,s21_add
FNDA:105,s21_add
FNF:1
FNH:1
DA:3,105
DA:5,105
DA:7,105
DA:8,105
DA:9,105
DA:10,105
DA:11,105
DA:12,105
DA:13,105
DA:14,105
DA:15,105
DA:16,105
DA:18,105
DA:19,21675
DA:20,21600
DA:21,21600
DA:22,21600
DA:23,20315
DA:24,19678
DA:25,609
DA:26,19706
DA:27,19622
DA:28,84
DA:29,84
DA:30,84
DA:32,1285
DA:33,223
DA:34,991
DA:35,991
DA:36,294
DA:37,84
DA:38,84
DA:39,210
DA:40,210
DA:41,210
DA:44,75
DA:45,75
DA:46,75
DA:47,30
DA:50,6
DA:52,29
DA:53,5
DA:54,3
DA:55,3
DA:56,3
DA:57,23
DA:58,2
DA:59,2
DA:60,2
DA:61,2
DA:62,38
DA:63,19
DA:64,17
DA:65,17
DA:66,17
DA:67,4
DA:68,2
DA:69,2
DA:70,2
DA:71,2
DA:73,24
DA:76,105
DA:78,105
LF:63
LH:63
end_of_record
TN:s21_test_out
SF:/Users/thalassa/C5_s21_decimal-1/src/main_functions/Arithmetic_Operators/s21_div.c
FN:9,s21_div
FNDA:16,s21_div
FN:129,compare_scale_for_div
FNDA:16,compare_scale_for_div
FN:146,get_width
FNDA:957,get_width
FN:156,get_needed_value_from_devinded
FNDA:15,get_needed_value_from_devinded
FN:192,subtraction_for_div
FNDA:443,subtraction_for_div
FN:215,set_next_digit
FNDA:44,set_next_digit
FNF:6
FNH:6
DA:9,16
DA:10,16
DA:12,16
DA:13,16
DA:14,16
DA:16,16
DA:17,16
DA:18,16
DA:19,16
DA:20,16
DA:21,16
DA:23,16
DA:24,16
DA:25,16
DA:27,16
DA:28,16
DA:29,16
DA:30,16
DA:31,16
DA:33,16
DA:35,16
DA:37,16
DA:38,0
DA:39,16
DA:40,1
DA:41,15
DA:42,0
DA:43,0
DA:44,0
DA:45,0
DA:47,0
DA:48,0
DA:49,0
DA:51,15
DA:52,48
DA:53,44
DA:54,44
DA:55,44
DA:57,4
DA:58,4
DA:60,15
DA:61,15
DA:62,15
DA:63,15
DA:64,15
DA:66,443
DA:67,443
DA:68,443
DA:69,44
DA:70,44
DA:71,44
DA:72,399
DA:73,396
DA:74,396
DA:76,443
DA:77,0
DA:78,0
DA:79,0
DA:80,0
DA:81,0
DA:82,0
DA:84,443
DA:85,0
DA:86,0
DA:87,0
DA:88,0
DA:89,0
DA:90,0
DA:93,443
DA:94,443
DA:97,443
DA:98,440
DA:99,440
DA:100,440
DA:101,428
DA:102,0
DA:103,0
DA:106,428
DA:107,428
DA:111,16
DA:112,16
DA:113,16
DA:114,60
DA:115,44
DA:116,44
DA:117,44
DA:119,16
DA:121,16
DA:122,1
DA:123,15
DA:124,0
DA:126,16
DA:129,16
DA:130,16
DA:131,109
DA:132,93
DA:133,93
DA:134,93
DA:135,44
DA:136,44
DA:138,93
DA:139,0
DA:140,0
DA:142,93
DA:144,16
DA:146,957
DA:147,957
DA:148,957
DA:149,5454
DA:150,4497
DA:151,4497
DA:153,957
DA:156,15
DA:158,15
DA:159,15
DA:160,15
DA:161,15
DA:162,52
DA:163,48
DA:164,48
DA:165,48
DA:167,11
DA:168,55
DA:169,49
DA:170,49
DA:172,6
DA:173,6
DA:174,6
DA:175,5
DA:176,5
DA:177,45
DA:178,40
DA:179,40
DA:183,5
DA:184,4
DA:185,4
DA:186,4
DA:189,15
DA:192,443
DA:193,443
DA:194,443
DA:195,443
DA:196,443
DA:197,443
DA:198,443
DA:199,1338
DA:200,1333
DA:201,1333
DA:202,1333
DA:203,438
DA:206,443
DA:207,443
DA:208,5
DA:210,438
DA:212,443
DA:215,44
DA:216,44
DA:217,44
DA:218,44
DA:219,443
DA:220,399
DA:221,399
DA:222,399
DA:224,44
DA:225,44
DA:226,44
DA:227,44
DA:229,44
LF:168
LH:143
end_of_record
TN:s21_test_out
SF:/Users/thalassa/C5_s21_decimal-1/src/main_functions/Another_functions/s21_floor.c
FN:3,s21_floor
FNDA:24,s21_floor
FNF:1
FNH:1
DA:3,24
DA:4,24
DA:5,24
DA:6,15
DA:9,9
DA:10,9
DA:11,9
DA:12,9
DA:14,9
DA:15,9
DA:16,9
DA:17,9
DA:19,0
DA:22,24
LF:14
LH:13
end_of_record
TN:s21_test_out
SF:/Users/thalassa/C5_s21_decimal-1/src/main_functions/Convertors_and_parsers/s21_from_decimal_to_float.c
FN:3,s21_from_decimal_to_float
FNDA:48,s21_from_decimal_to_float
FNF:1
FNH:1
DA:3,48
DA:4,48
DA:5,48
DA:6,48
DA:7,48
DA:8,4656
DA:9,4608
DA:10,590
DA:13,48
DA:14,48
DA:15,48
DA:16,177
DA:18,48
DA:20,0
DA:22,48
LF:15
LH:14
end_of_record
TN:s21_test_out
SF:/Users/thalassa/C5_s21_decimal-1/src/main_functions/Convertors_and_parsers/s21_from_decimal_to_int.c
FN:3,s21_from_decimal_to_int
FNDA:72,s21_from_decimal_to_int
FNF:1
FNH:1
DA:3,72
DA:5,72
DA:6,72
DA:7,72
DA:8,72
DA:9,72
DA:10,28
DA:13,0
DA:15,72
LF:9
LH:8
end_of_record
TN:s21_test_out
SF:/Users/thalassa/C5_s21_decimal-1/src/main_functions/Convertors_and_parsers/s21_from_float_to_decimal.c
FN:3,s21_from_float_to_decimal
FNDA:121,s21_from_float_to_decimal
FNF:1
FNH:1
DA:3,121
DA:4,121
DA:5,121
DA:6,121
DA:7,121
DA:8,121
DA:9,121
DA:10,121
DA:11,349
DA:12,7
DA:14,713
DA:15,114
DA:16,403
DA:17,289
DA:18,289
DA:20,114
DA:21,114
DA:22,114
DA:23,114
DA:24,114
DA:25,114
DA:26,114
DA:27,114
DA:28,114
DA:29,2101
DA:30,1987
DA:31,1987
DA:32,1987
DA:33,1987
DA:34,1987
DA:38,114
DA:39,114
DA:42,0
DA:44,121
LF:34
LH:33
end_of_record
SF:/usr/local/lib/gcc/10/gcc/x86_64-apple-darwin20/10.3.0/include-fixed/math.h
DA:215,114
DA:224,114
LF:2
LH:2
end_of_record
TN:s21_test_out
SF:/Users/thalassa/C5_s21_decimal-1/src/main_functions/Convertors_and_parsers/s21_from_int_to_decimal.c
FN:3,s21_from_int_to_decimal
FNDA:167,s21_from_int_to_decimal
FNF:1
FNH:1
DA:3,167
DA:4,167
DA:5,167
DA:6,167
DA:7,167
DA:8,63
DA:9,63
DA:11,167
DA:13,0
DA:15,167
LF:10
LH:9
end_of_record
TN:s21_test_out
SF:/Users/thalassa/C5_s21_decimal-1/src/main_functions/Comparison_Operators/s21_is_equal.c
FN:3,s21_is_equal
FNDA:683,s21_is_equal
FNF:1
FNH:1
DA:3,683
DA:5,683
DA:6,683
DA:8,683
DA:9,683
DA:10,683
DA:11,683
DA:12,683
DA:13,683
DA:14,60
DA:16,623
DA:17,172742
DA:18,172586
DA:19,172586
DA:20,172586
DA:21,309
DA:22,309
DA:23,172277
DA:24,158
DA:25,158
DA:29,683
LF:21
LH:21
end_of_record
TN:s21_test_out
SF:/Users/thalassa/C5_s21_decimal-1/src/main_functions/Comparison_Operators/s21_is_greater.c
FN:3,s21_is_greater
FNDA:265,s21_is_greater
FNF:1
FNH:1
DA:3,265
DA:4,265
DA:5,265
DA:6,36
DA:8,229
DA:10,265
LF:6
LH:6
end_of_record
TN:s21_test_out
SF:/Users/thalassa/C5_s21_decimal-1/src/main_functions/Comparison_Operators/s21_is_greater_or_equal.c
FN:3,s21_is_greater_or_equal
FNDA:197,s21_is_greater_or_equal
FNF:1
FNH:1
DA:3,197
DA:4,197
DA:5,197
DA:6,197
DA:7,197
DA:8,197
LF:6
LH:6
end_of_record
TN:s21_test_out
SF:/Users/thalassa/C5_s21_decimal-1/src/main_functions/Comparison_Operators/s21_is_less.c
FN:3,s21_is_less
FNDA:329,s21_is_less
FNF:1
FNH:1
DA:3,329
DA:5,329
DA:6,329
DA:7,329
DA:8,329
DA:9,329
DA:10,329
DA:11,329
DA:12,329
DA:13,329
DA:15,329
DA:16,22
DA:17,307
DA:18,18
DA:20,289
DA:21,78728
DA:22,78700
DA:23,78700
DA:24,78700
DA:25,171
DA:26,171
DA:27,78529
DA:28,90
DA:29,90
DA:32,289
DA:33,14
DA:34,275
DA:35,12
DA:37,289
DA:39,329
LF:30
LH:30
end_of_record
TN:s21_test_out
SF:/Users/thalassa/C5_s21_decimal-1/src/main_functions/Comparison_Operators/s21_is_less_or_equal.c
FN:3,s21_is_less_or_equal
FNDA:81,s21_is_less_or_equal
FNF:1
FNH:1
DA:3,81
DA:4,81
DA:5,81
DA:6,81
DA:7,81
DA:8,81
LF:6
LH:6
end_of_record
TN:s21_test_out
SF:/Users/thalassa/C5_s21_decimal-1/src/main_functions/Comparison_Operators/s21_is_not_equal.c
FN:3,s21_is_not_equal
FNDA:27,s21_is_not_equal
FNF:1
FNH:1
DA:3,27
DA:4,27
DA:5,27
LF:3
LH:3
end_of_record
TN:s21_test_out
SF:/Users/thalassa/C5_s21_decimal-1/src/main_functions/Arithmetic_Operators/s21_mod.c
FN:3,s21_mod
FNDA:0,s21_mod
FNF:1
FNH:0
DA:3,0
DA:6,0
DA:7,0
DA:8,0
DA:10,0
DA:11,0
DA:12,0
DA:13,0
DA:14,0
DA:15,0
DA:16,0
DA:17,0
DA:18,0
DA:19,0
DA:20,0
DA:22,0
DA:25,0
DA:26,0
DA:27,0
DA:28,0
DA:29,0
DA:30,0
DA:31,0
DA:32,0
DA:34,0
DA:35,0
DA:36,0
DA:37,0
DA:40,0
DA:41,0
DA:42,0
DA:43,0
DA:44,0
DA:45,0
DA:46,0
DA:47,0
DA:48,0
DA:49,0
DA:51,0
DA:52,0
DA:53,0
DA:54,0
DA:56,0
DA:57,0
DA:58,0
DA:59,0
DA:62,0
DA:63,0
DA:66,0
LF:49
LH:0
end_of_record
TN:s21_test_out
SF:/Users/thalassa/C5_s21_decimal-1/src/main_functions/Arithmetic_Operators/s21_mul.c
FN:3,s21_mul
FNDA:7,s21_mul
FN:39,create_mask
FNDA:672,create_mask
FNF:2
FNH:2
DA:3,7
DA:4,7
DA:6,7
DA:7,7
DA:8,7
DA:10,7
DA:11,7
DA:12,7
DA:14,7
DA:15,7
DA:18,7
DA:19,7
DA:21,7
DA:22,679
DA:23,672
DA:25,672
DA:26,672
DA:28,7
DA:29,7
DA:30,1
DA:31,6
DA:32,3
DA:34,7
DA:36,7
DA:39,672
DA:42,672
DA:43,672
DA:44,16
DA:46,656
DA:48,32592
DA:49,31920
DA:51,672
DA:52,672
LF:33
LH:33
end_of_record
TN:s21_test_out
SF:/Users/thalassa/C5_s21_decimal-1/src/main_functions/Another_functions/s21_negate.c
FN:3,s21_negate
FNDA:18,s21_negate
FNF:1
FNH:1
DA:3,18
DA:4,18
DA:5,18
DA:6,18
DA:7,18
DA:8,18
LF:6
LH:6
end_of_record
TN:s21_test_out
SF:/Users/thalassa/C5_s21_decimal-1/src/main_functions/Another_functions/s21_round.c
FN:3,s21_round
FNDA:28,s21_round
FNF:1
FNH:1
DA:3,28
DA:6,28
DA:9,28
DA:10,28
DA:11,28
DA:12,28
DA:15,28
DA:16,28
DA:17,28
DA:19,28
DA:20,28
DA:22,28
DA:24,28
DA:25,201
DA:26,173
DA:27,173
DA:29,173
DA:31,173
DA:32,173
DA:34,173
DA:36,173
DA:37,173
DA:38,173
DA:39,173
DA:41,173
DA:42,135
DA:44,135
DA:45,135
DA:47,135
DA:48,135
DA:49,135
DA:51,135
DA:53,135
DA:54,135
DA:56,38
DA:57,38
DA:60,28
DA:61,28
LF:38
LH:38
end_of_record
TN:s21_test_out
SF:/Users/thalassa/C5_s21_decimal-1/src/main_functions/Arithmetic_Operators/s21_sub.c
FN:3,s21_sub
FNDA:265,s21_sub
FNF:1
FNH:1
DA:3,265
DA:5,265
DA:6,265
DA:7,265
DA:8,265
DA:9,265
DA:10,265
DA:12,265
DA:13,128
DA:14,13
DA:16,13
DA:18,115
DA:20,137
DA:21,114
DA:22,2
DA:23,2
DA:25,112
DA:27,112
DA:29,23
DA:30,9
DA:31,9
DA:32,9
DA:33,9
DA:34,14
DA:35,14
DA:36,14
DA:37,14
DA:38,14
DA:40,265
DA:41,265
LF:30
LH:30
end_of_record
TN:s21_test_out
SF:/Users/thalassa/C5_s21_decimal-1/src/s21_test.c
FN:40,sub_test_1_fn
FNDA:1,sub_test_1_fn
FN:56,sub_test_2_fn
FNDA:1,sub_test_2_fn
FN:72,sub_test_3_fn
FNDA:1,sub_test_3_fn
FN:88,sub_test_4_fn
FNDA:1,sub_test_4_fn
FN:104,sub_test_5_fn
FNDA:1,sub_test_5_fn
FN:120,sub_test_6_fn
FNDA:1,sub_test_6_fn
FN:136,sub_test_7_fn
FNDA:1,sub_test_7_fn
FN:152,sub_test_8_fn
FNDA:1,sub_test_8_fn
FN:168,sub_test_9_fn
FNDA:1,sub_test_9_fn
FN:184,sub_test_10_fn
FNDA:1,sub_test_10_fn
FN:200,sub_test_11_fn
FNDA:1,sub_test_11_fn
FN:216,sub_test_12_fn
FNDA:1,sub_test_12_fn
FN:232,sub_test_13_fn
FNDA:0,sub_test_13_fn
FN:248,sub_test_14_fn
FNDA:0,sub_test_14_fn
FN:264,sub_test_15_fn
FNDA:1,sub_test_15_fn
FN:280,sub_test_16_fn
FNDA:0,sub_test_16_fn
FN:296,sub_test_17_fn
FNDA:0,sub_test_17_fn
FN:312,sub_test_18_fn
FNDA:1,sub_test_18_fn
FN:328,sub_test_19_fn
FNDA:1,sub_test_19_fn
FN:344,sub_test_20_fn
FNDA:1,sub_test_20_fn
FN:360,sub_test_21_fn
FNDA:1,sub_test_21_fn
FN:376,s21_sub_int_22_fn
FNDA:1,s21_sub_int_22_fn
FN:392,s21_sub_int_23_fn
FNDA:1,s21_sub_int_23_fn
FN:408,s21_sub_int_24_fn
FNDA:1,s21_sub_int_24_fn
FN:424,s21_sub_int_25_fn
FNDA:1,s21_sub_int_25_fn
FN:440,s21_sub_int_26_fn
FNDA:1,s21_sub_int_26_fn
FN:456,s21_sub_inf_27_fn
FNDA:1,s21_sub_inf_27_fn
FN:466,s21_sub_neg_inf_28_fn
FNDA:1,s21_sub_neg_inf_28_fn
FN:476,s21_sub_max_30_fn
FNDA:0,s21_sub_max_30_fn
FN:502,s21_sub_max_31_fn
FNDA:1,s21_sub_max_31_fn
FN:528,s21_sub_max_32_fn
FNDA:1,s21_sub_max_32_fn
FN:554,s21_sub_max_33_fn
FNDA:0,s21_sub_max_33_fn
FN:570,s21_sub_max_34_fn
FNDA:1,s21_sub_max_34_fn
FN:586,s21_sub_max_35_fn
FNDA:1,s21_sub_max_35_fn
FN:602,s21_subTest1_fn
FNDA:1,s21_subTest1_fn
FN:631,s21_subTest2_fn
FNDA:1,s21_subTest2_fn
FN:660,s21_subTest3_fn
FNDA:1,s21_subTest3_fn
FN:689,s21_subTest4_fn
FNDA:1,s21_subTest4_fn
FN:718,s21_subTest5_fn
FNDA:1,s21_subTest5_fn
FN:747,s21_subTest6_fn
FNDA:1,s21_subTest6_fn
FN:776,s21_subTest7_fn
FNDA:1,s21_subTest7_fn
FN:805,s21_subTest8_fn
FNDA:1,s21_subTest8_fn
FN:834,s21_subTest9_fn
FNDA:1,s21_subTest9_fn
FN:863,s21_subTest10_fn
FNDA:1,s21_subTest10_fn
FN:892,s21_subTest11_fn
FNDA:1,s21_subTest11_fn
FN:921,s21_subTest12_fn
FNDA:1,s21_subTest12_fn
FN:950,s21_subTest13_fn
FNDA:1,s21_subTest13_fn
FN:979,s21_subTest14_fn
FNDA:1,s21_subTest14_fn
FN:1008,s21_subTest15_fn
FNDA:1,s21_subTest15_fn
FN:1037,s21_subTest16_fn
FNDA:1,s21_subTest16_fn
FN:1066,s21_subTest17_fn
FNDA:0,s21_subTest17_fn
FN:1099,s21_subTest18_fn
FNDA:1,s21_subTest18_fn
FN:1128,s21_subTest19_fn
FNDA:0,s21_subTest19_fn
FN:1166,s21_subTest20_fn
FNDA:1,s21_subTest20_fn
FN:1195,s21_subTest21_fn
FNDA:1,s21_subTest21_fn
FN:1224,s21_subTest22_fn
FNDA:0,s21_subTest22_fn
FN:1253,s21_subTest23_fn
FNDA:1,s21_subTest23_fn
FN:1282,s21_subTest24_fn
FNDA:1,s21_subTest24_fn
FN:1311,s21_subTest25_fn
FNDA:1,s21_subTest25_fn
FN:1340,s21_subTest26_fn
FNDA:1,s21_subTest26_fn
FN:1369,s21_subTest27_fn
FNDA:1,s21_subTest27_fn
FN:1398,s21_subTest28_fn
FNDA:1,s21_subTest28_fn
FN:1427,s21_subTest29_fn
FNDA:1,s21_subTest29_fn
FN:1456,s21_subTest30_fn
FNDA:1,s21_subTest30_fn
FN:1485,s21_subTest31_fn
FNDA:1,s21_subTest31_fn
FN:1514,s21_subTest32_fn
FNDA:1,s21_subTest32_fn
FN:1543,s21_subTest33_fn
FNDA:1,s21_subTest33_fn
FN:1572,s21_test_decimal_sub_simple_0_fn
FNDA:1,s21_test_decimal_sub_simple_0_fn
FN:1587,s21_test_decimal_sub_simple_1_fn
FNDA:1,s21_test_decimal_sub_simple_1_fn
FN:1602,s21_test_decimal_sub_simple_2_fn
FNDA:1,s21_test_decimal_sub_simple_2_fn
FN:1615,s21_test_decimal_sub_simple_3_fn
FNDA:1,s21_test_decimal_sub_simple_3_fn
FN:1627,s21_test_decimal_sub_simple_7_fn
FNDA:1,s21_test_decimal_sub_simple_7_fn
FN:1640,s21_test_decimal_sub_simple_8_fn
FNDA:1,s21_test_decimal_sub_simple_8_fn
FN:1653,s21_test_decimal_sub_simple_10_fn
FNDA:1,s21_test_decimal_sub_simple_10_fn
FN:1666,s21_test_decimal_sub_simple_11_fn
FNDA:1,s21_test_decimal_sub_simple_11_fn
FN:1678,mul_test_1_fn
FNDA:1,mul_test_1_fn
FN:1694,mul_test_2_fn
FNDA:1,mul_test_2_fn
FN:1710,mul_test_3_fn
FNDA:1,mul_test_3_fn
FN:1726,mul_test_4_fn
FNDA:1,mul_test_4_fn
FN:1742,mul_test_5_fn
FNDA:1,mul_test_5_fn
FN:1758,mul_test_6_fn
FNDA:1,mul_test_6_fn
FN:1774,mul_test_7_fn
FNDA:1,mul_test_7_fn
FN:1790,mul_test_8_fn
FNDA:0,mul_test_8_fn
FN:1808,add_test_1_fn
FNDA:1,add_test_1_fn
FN:1824,add_test_2_fn
FNDA:1,add_test_2_fn
FN:1839,add_test_3_fn
FNDA:1,add_test_3_fn
FN:1854,add_test_4_fn
FNDA:1,add_test_4_fn
FN:1869,add_test_5_fn
FNDA:1,add_test_5_fn
FN:1884,add_test_6_fn
FNDA:1,add_test_6_fn
FN:1899,add_test_7_fn
FNDA:1,add_test_7_fn
FN:1914,add_test_8_fn
FNDA:1,add_test_8_fn
FN:1929,add_test_9_fn
FNDA:1,add_test_9_fn
FN:1944,add_test_10_fn
FNDA:1,add_test_10_fn
FN:1959,add_test_11_fn
FNDA:1,add_test_11_fn
FN:1974,add_test_12_fn
FNDA:1,add_test_12_fn
FN:1989,add_test_13_fn
FNDA:1,add_test_13_fn
FN:2004,add_test_14_fn
FNDA:1,add_test_14_fn
FN:2019,add_test_15_fn
FNDA:0,add_test_15_fn
FN:2034,add_test_16_fn
FNDA:1,add_test_16_fn
FN:2049,add_test_17_fn
FNDA:0,add_test_17_fn
FN:2064,add_test_18_fn
FNDA:1,add_test_18_fn
FN:2079,add_test_19_fn
FNDA:1,add_test_19_fn
FN:2094,add_test_20_fn
FNDA:1,add_test_20_fn
FN:2109,add_test_21_fn
FNDA:1,add_test_21_fn
FN:2124,add_test_22_fn
FNDA:1,add_test_22_fn
FN:2139,add_test_23_fn
FNDA:1,add_test_23_fn
FN:2154,add_test_24_fn
FNDA:0,add_test_24_fn
FN:2181,add_test_25_fn
FNDA:1,add_test_25_fn
FN:2196,add_test_26_fn
FNDA:1,add_test_26_fn
FN:2205,add_test_27_fn
FNDA:1,add_test_27_fn
FN:2215,add_test_28_fn
FNDA:1,add_test_28_fn
FN:2239,add_test_29_fn
FNDA:0,add_test_29_fn
FN:2250,add_test_30_fn
FNDA:0,add_test_30_fn
FN:2261,add_0_fn
FNDA:1,add_0_fn
FN:2269,add_1_fn
FNDA:1,add_1_fn
FN:2277,add_2_fn
FNDA:1,add_2_fn
FN:2285,add_3_fn
FNDA:1,add_3_fn
FN:2294,add_4_fn
FNDA:1,add_4_fn
FN:2302,add_5_fn
FNDA:1,add_5_fn
FN:2310,add_6_fn
FNDA:1,add_6_fn
FN:2318,add_7_fn
FNDA:1,add_7_fn
FN:2326,add_8_fn
FNDA:1,add_8_fn
FN:2334,add_9_fn
FNDA:1,add_9_fn
FN:2342,add_10_fn
FNDA:1,add_10_fn
FN:2350,add_11_fn
FNDA:1,add_11_fn
FN:2359,add_12_fn
FNDA:1,add_12_fn
FN:2368,add_13_fn
FNDA:1,add_13_fn
FN:2376,add_14_fn
FNDA:1,add_14_fn
FN:2385,add_15_fn
FNDA:1,add_15_fn
FN:2393,add_16_fn
FNDA:1,add_16_fn
FN:2402,s21_test_decimal_add_0_fn
FNDA:1,s21_test_decimal_add_0_fn
FN:2416,s21_test_decimal_add_1_fn
FNDA:1,s21_test_decimal_add_1_fn
FN:2430,s21_test_decimal_add_2_fn
FNDA:1,s21_test_decimal_add_2_fn
FN:2445,s21_test_decimal_add_3_fn
FNDA:1,s21_test_decimal_add_3_fn
FN:2460,s21_test_decimal_add_4_fn
FNDA:1,s21_test_decimal_add_4_fn
FN:2475,s21_test_decimal_add_5_fn
FNDA:1,s21_test_decimal_add_5_fn
FN:2490,s21_test_decimal_add_6_fn
FNDA:1,s21_test_decimal_add_6_fn
FN:2506,s21_test_decimal_add_7_fn
FNDA:1,s21_test_decimal_add_7_fn
FN:2522,s21_test_decimal_add_8_fn
FNDA:1,s21_test_decimal_add_8_fn
FN:2538,s21_test_decimal_add_8_1_fn
FNDA:1,s21_test_decimal_add_8_1_fn
FN:2554,s21_test_decimal_add_9_fn
FNDA:1,s21_test_decimal_add_9_fn
FN:2570,s21_test_decimal_add_10_fn
FNDA:1,s21_test_decimal_add_10_fn
FN:2591,s21_test_decimal_add_11_fn
FNDA:1,s21_test_decimal_add_11_fn
FN:2607,s21_test_decimal_add_12_fn
FNDA:1,s21_test_decimal_add_12_fn
FN:2623,s21_test_decimal_add_13_fn
FNDA:0,s21_test_decimal_add_13_fn
FN:2639,s21_test_decimal_add_14_fn
FNDA:1,s21_test_decimal_add_14_fn
FN:2655,s21_test_decimal_add_15_fn
FNDA:1,s21_test_decimal_add_15_fn
FN:2676,s21_test_decimal_add_16_fn
FNDA:1,s21_test_decimal_add_16_fn
FN:2692,s21_test_decimal_add_17_fn
FNDA:1,s21_test_decimal_add_17_fn
FN:2713,s21_test_decimal_add_18_fn
FNDA:1,s21_test_decimal_add_18_fn
FN:2734,s21_test_decimal_add_19_fn
FNDA:1,s21_test_decimal_add_19_fn
FN:2755,s21_test_decimal_add_20_fn
FNDA:1,s21_test_decimal_add_20_fn
FN:2783,s21_test_decimal_add_21_fn
FNDA:1,s21_test_decimal_add_21_fn
FN:2804,s21_test_decimal_add_25_fn
FNDA:1,s21_test_decimal_add_25_fn
FN:2820,s21_test_decimal_add_26_fn
FNDA:1,s21_test_decimal_add_26_fn
FN:2838,s21_test_decimal_add_27_fn
FNDA:1,s21_test_decimal_add_27_fn
FN:2854,s21_test_decimal_add_28_fn
FNDA:1,s21_test_decimal_add_28_fn
FN:2879,s21_test_decimal_add_29_fn
FNDA:1,s21_test_decimal_add_29_fn
FN:2903,s21_test_decimal_add_30_fn
FNDA:1,s21_test_decimal_add_30_fn
FN:2931,s21_test_decimal_add_simple_0_fn
FNDA:1,s21_test_decimal_add_simple_0_fn
FN:2947,s21_test_decimal_add_simple_1_fn
FNDA:1,s21_test_decimal_add_simple_1_fn
FN:2963,s21_test_decimal_add_simple_2_fn
FNDA:1,s21_test_decimal_add_simple_2_fn
FN:2977,s21_test_decimal_add_simple_3_fn
FNDA:1,s21_test_decimal_add_simple_3_fn
FN:2993,s21_test_decimal_add_simple_4_fn
FNDA:1,s21_test_decimal_add_simple_4_fn
FN:3009,s21_test_decimal_add_simple_5_fn
FNDA:1,s21_test_decimal_add_simple_5_fn
FN:3030,s21_test_decimal_add_simple_6_fn
FNDA:1,s21_test_decimal_add_simple_6_fn
FN:3046,s21_test_decimal_add_simple_7_fn
FNDA:1,s21_test_decimal_add_simple_7_fn
FN:3062,s21_test_decimal_add_simple_8_fn
FNDA:0,s21_test_decimal_add_simple_8_fn
FN:3078,s21_test_decimal_add_simple_9_fn
FNDA:1,s21_test_decimal_add_simple_9_fn
FN:3099,s21_test_decimal_add_simple_10_fn
FNDA:1,s21_test_decimal_add_simple_10_fn
FN:3119,s21_test_decimal_add_simple_11_fn
FNDA:1,s21_test_decimal_add_simple_11_fn
FN:3135,s21_test_decimal_add_simple_12_fn
FNDA:1,s21_test_decimal_add_simple_12_fn
FN:3151,s21_test_decimal_add_simple_13_fn
FNDA:0,s21_test_decimal_add_simple_13_fn
FN:3172,s21_test_decimal_add_simple_14_fn
FNDA:1,s21_test_decimal_add_simple_14_fn
FN:3192,s21_test_decimal_add_simple_20_fn
FNDA:1,s21_test_decimal_add_simple_20_fn
FN:3208,s21_test_decimal_add_simple_21_fn
FNDA:1,s21_test_decimal_add_simple_21_fn
FN:3225,s21_test_decimal_add_simple_22_fn
FNDA:1,s21_test_decimal_add_simple_22_fn
FN:3241,s21_test_decimal_add_simple_23_fn
FNDA:1,s21_test_decimal_add_simple_23_fn
FN:3262,s21_add_max_31_fn
FNDA:0,s21_add_max_31_fn
FN:3278,s21_add_max_32_fn
FNDA:1,s21_add_max_32_fn
FN:3294,s21_add_max_33_fn
FNDA:1,s21_add_max_33_fn
FN:3310,s21_add_max_34_fn
FNDA:0,s21_add_max_34_fn
FN:3336,s21_add_max_35_fn
FNDA:1,s21_add_max_35_fn
FN:3362,s21_add_max_36_fn
FNDA:1,s21_add_max_36_fn
FN:3388,add_test_37_fn
FNDA:1,add_test_37_fn
FN:3417,s21_div_box_1_3_0_0_fn
FNDA:1,s21_div_box_1_3_0_0_fn
FN:3432,s21_div_box_1_3_0_1_fn
FNDA:1,s21_div_box_1_3_0_1_fn
FN:3447,s21_div_box_1_3_1_0_fn
FNDA:1,s21_div_box_1_3_1_0_fn
FN:3462,s21_div_box_1_3_1_1_fn
FNDA:1,s21_div_box_1_3_1_1_fn
FN:3477,s21_div_box_1_3_10_10_fn
FNDA:1,s21_div_box_1_3_10_10_fn
FN:3492,s21_div_box_1_3_28_28_fn
FNDA:1,s21_div_box_1_3_28_28_fn
FN:3507,s21_div_box_1_3_28_0_fn
FNDA:1,s21_div_box_1_3_28_0_fn
FN:3522,s21_div_box_1_3_0_28_fn
FNDA:1,s21_div_box_1_3_0_28_fn
FN:3537,s21_div_box_1_3_5_15_fn
FNDA:1,s21_div_box_1_3_5_15_fn
FN:3552,s21_div_box_1_3_15_5_fn
FNDA:1,s21_div_box_1_3_15_5_fn
FN:3567,s21_div_box_1_3_5_0_fn
FNDA:1,s21_div_box_1_3_5_0_fn
FN:3582,s21_div_box_1_3_0_5_fn
FNDA:1,s21_div_box_1_3_0_5_fn
FN:3596,div_test_1_fn
FNDA:1,div_test_1_fn
FN:3612,div_test_2_fn
FNDA:1,div_test_2_fn
FN:3628,div_test_3_fn
FNDA:1,div_test_3_fn
FN:3644,div_test_4_fn
FNDA:1,div_test_4_fn
FN:3662,equal_1_fn
FNDA:1,equal_1_fn
FN:3673,equal_2_fn
FNDA:1,equal_2_fn
FN:3684,equal_3_fn
FNDA:1,equal_3_fn
FN:3695,equal_4_fn
FNDA:1,equal_4_fn
FN:3706,equal_5_fn
FNDA:1,equal_5_fn
FN:3717,equal_6_fn
FNDA:1,equal_6_fn
FN:3728,equal_7_fn
FNDA:1,equal_7_fn
FN:3739,equal_8_fn
FNDA:1,equal_8_fn
FN:3750,equal_9_fn
FNDA:1,equal_9_fn
FN:3761,equal_10_fn
FNDA:1,equal_10_fn
FN:3772,s21_equal_null_12_fn
FNDA:1,s21_equal_null_12_fn
FN:3781,s21_is_equalTest1_fn
FNDA:1,s21_is_equalTest1_fn
FN:3801,s21_is_equalTest2_fn
FNDA:1,s21_is_equalTest2_fn
FN:3822,s21_is_equalTest3_fn
FNDA:1,s21_is_equalTest3_fn
FN:3843,s21_is_equalTest4_fn
FNDA:1,s21_is_equalTest4_fn
FN:3864,s21_is_equalTest5_fn
FNDA:1,s21_is_equalTest5_fn
FN:3885,s21_is_equalTest6_fn
FNDA:1,s21_is_equalTest6_fn
FN:3906,s21_is_equalTest7_fn
FNDA:1,s21_is_equalTest7_fn
FN:3927,s21_is_equalTest8_fn
FNDA:1,s21_is_equalTest8_fn
FN:3948,s21_is_equalTest9_fn
FNDA:1,s21_is_equalTest9_fn
FN:3969,s21_is_equalTest10_fn
FNDA:1,s21_is_equalTest10_fn
FN:3990,s21_is_equalTest11_fn
FNDA:1,s21_is_equalTest11_fn
FN:4011,s21_is_equalTest12_fn
FNDA:1,s21_is_equalTest12_fn
FN:4032,s21_is_equalTest13_fn
FNDA:1,s21_is_equalTest13_fn
FN:4053,s21_is_equalTest14_fn
FNDA:1,s21_is_equalTest14_fn
FN:4074,s21_is_equalTest15_fn
FNDA:1,s21_is_equalTest15_fn
FN:4095,s21_is_equalTest16_fn
FNDA:1,s21_is_equalTest16_fn
FN:4116,s21_is_equalTest17_fn
FNDA:1,s21_is_equalTest17_fn
FN:4137,s21_is_equalTest18_fn
FNDA:1,s21_is_equalTest18_fn
FN:4158,s21_is_equalTest19_fn
FNDA:1,s21_is_equalTest19_fn
FN:4179,s21_is_equalTest20_fn
FNDA:1,s21_is_equalTest20_fn
FN:4200,s21_is_equalTest21_fn
FNDA:1,s21_is_equalTest21_fn
FN:4221,s21_is_equalTest22_fn
FNDA:1,s21_is_equalTest22_fn
FN:4242,s21_is_equalTest23_fn
FNDA:1,s21_is_equalTest23_fn
FN:4263,s21_is_equalTest24_fn
FNDA:1,s21_is_equalTest24_fn
FN:4284,s21_is_equalTest25_fn
FNDA:1,s21_is_equalTest25_fn
FN:4305,s21_is_equalTest26_fn
FNDA:1,s21_is_equalTest26_fn
FN:4326,s21_is_equalTest27_fn
FNDA:1,s21_is_equalTest27_fn
FN:4347,s21_is_equalTest28_fn
FNDA:1,s21_is_equalTest28_fn
FN:4368,s21_is_equalTest29_fn
FNDA:1,s21_is_equalTest29_fn
FN:4389,s21_is_equalTest30_fn
FNDA:1,s21_is_equalTest30_fn
FN:4410,s21_is_equalTest31_fn
FNDA:1,s21_is_equalTest31_fn
FN:4431,s21_is_equalTest32_fn
FNDA:1,s21_is_equalTest32_fn
FN:4452,s21_is_equalTest33_fn
FNDA:1,s21_is_equalTest33_fn
FN:4473,s21_is_equalTest34_fn
FNDA:1,s21_is_equalTest34_fn
FN:4494,s21_is_equalTest35_fn
FNDA:1,s21_is_equalTest35_fn
FN:4515,s21_is_equalTest36_fn
FNDA:1,s21_is_equalTest36_fn
FN:4538,not_equal_1_fn
FNDA:1,not_equal_1_fn
FN:4549,not_equal_2_fn
FNDA:1,not_equal_2_fn
FN:4560,not_equal_3_fn
FNDA:1,not_equal_3_fn
FN:4571,not_equal_4_fn
FNDA:1,not_equal_4_fn
FN:4582,not_equal_5_fn
FNDA:1,not_equal_5_fn
FN:4593,not_equal_6_fn
FNDA:1,not_equal_6_fn
FN:4604,s21_not_equal_7_fn
FNDA:1,s21_not_equal_7_fn
FN:4627,s21_floor_1_fn
FNDA:1,s21_floor_1_fn
FN:4647,s21_floor_2_fn
FNDA:1,s21_floor_2_fn
FN:4667,s21_floor_3_fn
FNDA:1,s21_floor_3_fn
FN:4687,s21_floor_4_fn
FNDA:1,s21_floor_4_fn
FN:4707,s21_floor_5_fn
FNDA:1,s21_floor_5_fn
FN:4728,s21_floor_6_fn
FNDA:1,s21_floor_6_fn
FN:4749,s21_floor_7_fn
FNDA:1,s21_floor_7_fn
FN:4770,s21_floor_8_fn
FNDA:1,s21_floor_8_fn
FN:4791,s21_floor_9_fn
FNDA:1,s21_floor_9_fn
FN:4812,s21_floor_10_fn
FNDA:1,s21_floor_10_fn
FN:4833,s21_floor_11_fn
FNDA:1,s21_floor_11_fn
FN:4854,s21_floor_01_fn
FNDA:1,s21_floor_01_fn
FN:4876,s21_floor_02_fn
FNDA:1,s21_floor_02_fn
FN:4899,s21_floorTest1_fn
FNDA:1,s21_floorTest1_fn
FN:4920,s21_floorTest2_fn
FNDA:1,s21_floorTest2_fn
FN:4941,s21_floorTest3_fn
FNDA:1,s21_floorTest3_fn
FN:4962,s21_floorTest4_fn
FNDA:1,s21_floorTest4_fn
FN:4983,s21_floorTest5_fn
FNDA:1,s21_floorTest5_fn
FN:5004,s21_floorTest6_fn
FNDA:1,s21_floorTest6_fn
FN:5025,s21_floorTest7_fn
FNDA:1,s21_floorTest7_fn
FN:5046,s21_floorTest8_fn
FNDA:1,s21_floorTest8_fn
FN:5067,s21_floorTest9_fn
FNDA:1,s21_floorTest9_fn
FN:5089,s21_floorTest10_fn
FNDA:1,s21_floorTest10_fn
FN:5110,s21_floorTest11_fn
FNDA:1,s21_floorTest11_fn
FN:5135,s21_trun_1_fn
FNDA:1,s21_trun_1_fn
FN:5155,s21_trun_2_fn
FNDA:1,s21_trun_2_fn
FN:5175,s21_trun_3_fn
FNDA:1,s21_trun_3_fn
FN:5196,s21_trun_4_fn
FNDA:1,s21_trun_4_fn
FN:5218,s21_truncate_1_fn
FNDA:1,s21_truncate_1_fn
FN:5239,s21_truncate_2_fn
FNDA:1,s21_truncate_2_fn
FN:5260,s21_truncate_3_fn
FNDA:1,s21_truncate_3_fn
FN:5281,s21_truncate_4_fn
FNDA:1,s21_truncate_4_fn
FN:5302,s21_truncate_5_fn
FNDA:1,s21_truncate_5_fn
FN:5323,s21_truncate_6_fn
FNDA:1,s21_truncate_6_fn
FN:5345,s21_truncate_7_fn
FNDA:1,s21_truncate_7_fn
FN:5366,s21_truncate_8_fn
FNDA:1,s21_truncate_8_fn
FN:5387,s21_truncateTest1_fn
FNDA:1,s21_truncateTest1_fn
FN:5410,s21_truncateTest2_fn
FNDA:1,s21_truncateTest2_fn
FN:5433,s21_truncateTest3_fn
FNDA:1,s21_truncateTest3_fn
FN:5456,s21_truncateTest4_fn
FNDA:1,s21_truncateTest4_fn
FN:5479,s21_truncateTest5_fn
FNDA:1,s21_truncateTest5_fn
FN:5502,s21_truncateTest6_fn
FNDA:1,s21_truncateTest6_fn
FN:5525,s21_truncateTest7_fn
FNDA:1,s21_truncateTest7_fn
FN:5548,s21_truncateTest8_fn
FNDA:1,s21_truncateTest8_fn
FN:5571,s21_truncateTest9_fn
FNDA:1,s21_truncateTest9_fn
FN:5594,s21_truncateTest10_fn
FNDA:1,s21_truncateTest10_fn
FN:5617,s21_truncateTest11_fn
FNDA:1,s21_truncateTest11_fn
FN:5642,s21_round_1_fn
FNDA:1,s21_round_1_fn
FN:5662,s21_round_2_fn
FNDA:1,s21_round_2_fn
FN:5682,s21_round_3_fn
FNDA:1,s21_round_3_fn
FN:5703,s21_round_4_fn
FNDA:1,s21_round_4_fn
FN:5723,s21_round_5_fn
FNDA:1,s21_round_5_fn
FN:5743,s21_round_6_fn
FNDA:1,s21_round_6_fn
FN:5763,s21_round_7_fn
FNDA:1,s21_round_7_fn
FN:5784,s21_round_8_fn
FNDA:1,s21_round_8_fn
FN:5805,s21_round_9_fn
FNDA:1,s21_round_9_fn
FN:5826,s21_round_10_fn
FNDA:1,s21_round_10_fn
FN:5847,s21_round_11_fn
FNDA:1,s21_round_11_fn
FN:5868,s21_round_12_fn
FNDA:1,s21_round_12_fn
FN:5889,s21_round_13_fn
FNDA:1,s21_round_13_fn
FN:5911,s21_roundTest1_fn
FNDA:1,s21_roundTest1_fn
FN:5933,s21_roundTest2_fn
FNDA:1,s21_roundTest2_fn
FN:5955,s21_roundTest3_fn
FNDA:1,s21_roundTest3_fn
FN:5977,s21_roundTest4_fn
FNDA:1,s21_roundTest4_fn
FN:5999,s21_roundTest5_fn
FNDA:1,s21_roundTest5_fn
FN:6021,s21_roundTest6_fn
FNDA:1,s21_roundTest6_fn
FN:6043,s21_roundTest7_fn
FNDA:1,s21_roundTest7_fn
FN:6065,s21_roundTest8_fn
FNDA:1,s21_roundTest8_fn
FN:6087,s21_roundTest9_fn
FNDA:1,s21_roundTest9_fn
FN:6109,s21_roundTest10_fn
FNDA:1,s21_roundTest10_fn
FN:6131,s21_roundTest11_fn
FNDA:1,s21_roundTest11_fn
FN:6153,s21_roundTest12_fn
FNDA:1,s21_roundTest12_fn
FN:6175,s21_roundTest13_fn
FNDA:1,s21_roundTest13_fn
FN:6197,s21_roundTest14_fn
FNDA:1,s21_roundTest14_fn
FN:6219,s21_roundTest15_fn
FNDA:1,s21_roundTest15_fn
FN:6243,s21_negate_1_fn
FNDA:1,s21_negate_1_fn
FN:6255,s21_negate_2_fn
FNDA:1,s21_negate_2_fn
FN:6267,s21_negate_3_fn
FNDA:1,s21_negate_3_fn
FN:6279,s21_negate_4_fn
FNDA:1,s21_negate_4_fn
FN:6291,s21_negate_5_fn
FNDA:1,s21_negate_5_fn
FN:6303,s21_test_negate_0_fn
FNDA:1,s21_test_negate_0_fn
FN:6311,s21_test_negate_1_fn
FNDA:1,s21_test_negate_1_fn
FN:6323,s21_test_negate_2_fn
FNDA:1,s21_test_negate_2_fn
FN:6335,s21_test_negate_3_fn
FNDA:1,s21_test_negate_3_fn
FN:6347,s21_test_negate_4_fn
FNDA:1,s21_test_negate_4_fn
FN:6359,s21_test_negate_5_fn
FNDA:1,s21_test_negate_5_fn
FN:6371,s21_test_negate_6_fn
FNDA:1,s21_test_negate_6_fn
FN:6383,s21_test_negate_7_fn
FNDA:1,s21_test_negate_7_fn
FN:6395,s21_test_negate_8_fn
FNDA:1,s21_test_negate_8_fn
FN:6407,negate_0_fn
FNDA:1,negate_0_fn
FN:6414,negate_1_fn
FNDA:1,negate_1_fn
FN:6421,negate_2_fn
FNDA:1,negate_2_fn
FN:6428,negate_3_fn
FNDA:1,negate_3_fn
FN:6437,mod_test_1_fn
FNDA:0,mod_test_1_fn
FN:6453,mod_test_2_fn
FNDA:0,mod_test_2_fn
FN:6469,mod_test_3_fn
FNDA:0,mod_test_3_fn
FN:6485,mod_test_4_fn
FNDA:0,mod_test_4_fn
FN:6502,mod_test_5_fn
FNDA:0,mod_test_5_fn
FN:6518,mod_test_6_fn
FNDA:0,mod_test_6_fn
FN:6536,less_1_fn
FNDA:1,less_1_fn
FN:6547,less_2_fn
FNDA:1,less_2_fn
FN:6558,less_3_fn
FNDA:1,less_3_fn
FN:6569,less_4_fn
FNDA:1,less_4_fn
FN:6580,less_5_fn
FNDA:1,less_5_fn
FN:6591,less_6_fn
FNDA:1,less_6_fn
FN:6602,less_7_fn
FNDA:1,less_7_fn
FN:6613,s21_less_8_fn
FNDA:1,s21_less_8_fn
FN:6653,less_or_equal_1_fn
FNDA:1,less_or_equal_1_fn
FN:6664,less_or_equal_2_fn
FNDA:1,less_or_equal_2_fn
FN:6675,less_or_equal_3_fn
FNDA:1,less_or_equal_3_fn
FN:6686,less_or_equal_4_fn
FNDA:1,less_or_equal_4_fn
FN:6697,less_or_equal_5_fn
FNDA:1,less_or_equal_5_fn
FN:6708,less_or_equal_6_fn
FNDA:1,less_or_equal_6_fn
FN:6719,less_or_equal_7_fn
FNDA:1,less_or_equal_7_fn
FN:6730,less_or_equal_8_fn
FNDA:1,less_or_equal_8_fn
FN:6741,less_or_equal_9_fn
FNDA:1,less_or_equal_9_fn
FN:6752,less_or_equal_10_fn
FNDA:1,less_or_equal_10_fn
FN:6763,less_or_equal_11_fn
FNDA:1,less_or_equal_11_fn
FN:6774,less_or_equal_12_fn
FNDA:1,less_or_equal_12_fn
FN:6785,less_or_equal_13_fn
FNDA:1,less_or_equal_13_fn
FN:6796,less_or_equal_14_fn
FNDA:1,less_or_equal_14_fn
FN:6807,less_or_equal_15_fn
FNDA:1,less_or_equal_15_fn
FN:6818,less_or_equal_16_fn
FNDA:1,less_or_equal_16_fn
FN:6829,less_or_equal_17_fn
FNDA:1,less_or_equal_17_fn
FN:6840,less_or_equal_18_fn
FNDA:1,less_or_equal_18_fn
FN:6851,less_or_equal_19_fn
FNDA:1,less_or_equal_19_fn
FN:6862,less_or_equal_20_fn
FNDA:1,less_or_equal_20_fn
FN:6873,less_or_equal_21_fn
FNDA:1,less_or_equal_21_fn
FN:6884,less_or_equal_22_fn
FNDA:1,less_or_equal_22_fn
FN:6895,s21_less_or_equal_23_fn
FNDA:1,s21_less_or_equal_23_fn
FN:6933,s21_test_is_less_or_equal_1_fn
FNDA:1,s21_test_is_less_or_equal_1_fn
FN:6941,s21_test_is_less_or_equal_2_fn
FNDA:1,s21_test_is_less_or_equal_2_fn
FN:6948,s21_test_is_less_or_equal_2i_fn
FNDA:1,s21_test_is_less_or_equal_2i_fn
FN:6955,s21_test_is_less_or_equal_3_fn
FNDA:1,s21_test_is_less_or_equal_3_fn
FN:6962,s21_test_is_less_or_equal_4_fn
FNDA:1,s21_test_is_less_or_equal_4_fn
FN:6969,s21_test_is_less_or_equal_41_fn
FNDA:1,s21_test_is_less_or_equal_41_fn
FN:6976,s21_test_is_less_or_equal_5_fn
FNDA:1,s21_test_is_less_or_equal_5_fn
FN:6990,s21_test_is_less_or_equal_6_fn
FNDA:1,s21_test_is_less_or_equal_6_fn
FN:6997,s21_test_is_less_or_equal_7_fn
FNDA:1,s21_test_is_less_or_equal_7_fn
FN:7004,s21_test_is_less_or_equal_8_fn
FNDA:2,s21_test_is_less_or_equal_8_fn
FN:7011,s21_test_is_less_or_equal_9_fn
FNDA:1,s21_test_is_less_or_equal_9_fn
FN:7018,s21_test_is_less_or_equal_10_fn
FNDA:1,s21_test_is_less_or_equal_10_fn
FN:7025,s21_is_less_or_equalTest1_fn
FNDA:1,s21_is_less_or_equalTest1_fn
FN:7046,s21_is_less_or_equalTest2_fn
FNDA:1,s21_is_less_or_equalTest2_fn
FN:7067,s21_is_less_or_equalTest3_fn
FNDA:1,s21_is_less_or_equalTest3_fn
FN:7089,s21_is_less_or_equalTest4_fn
FNDA:1,s21_is_less_or_equalTest4_fn
FN:7110,s21_is_less_or_equalTest5_fn
FNDA:1,s21_is_less_or_equalTest5_fn
FN:7131,s21_is_less_or_equalTest6_fn
FNDA:1,s21_is_less_or_equalTest6_fn
FN:7152,s21_is_less_or_equalTest7_fn
FNDA:1,s21_is_less_or_equalTest7_fn
FN:7173,s21_is_less_or_equalTest8_fn
FNDA:1,s21_is_less_or_equalTest8_fn
FN:7194,s21_is_less_or_equalTest9_fn
FNDA:1,s21_is_less_or_equalTest9_fn
FN:7215,s21_is_less_or_equalTest10_fn
FNDA:1,s21_is_less_or_equalTest10_fn
FN:7236,s21_is_less_or_equalTest11_fn
FNDA:1,s21_is_less_or_equalTest11_fn
FN:7257,s21_is_less_or_equalTest12_fn
FNDA:1,s21_is_less_or_equalTest12_fn
FN:7279,s21_is_less_or_equalTest13_fn
FNDA:1,s21_is_less_or_equalTest13_fn
FN:7300,s21_is_less_or_equalTest14_fn
FNDA:1,s21_is_less_or_equalTest14_fn
FN:7321,s21_is_less_or_equalTest15_fn
FNDA:1,s21_is_less_or_equalTest15_fn
FN:7342,s21_is_less_or_equalTest16_fn
FNDA:1,s21_is_less_or_equalTest16_fn
FN:7362,s21_is_less_or_equalTest18_fn
FNDA:1,s21_is_less_or_equalTest18_fn
FN:7382,s21_is_less_or_equalTest19_fn
FNDA:1,s21_is_less_or_equalTest19_fn
FN:7403,s21_is_less_or_equalTest20_fn
FNDA:1,s21_is_less_or_equalTest20_fn
FN:7423,s21_is_less_or_equalTest21_fn
FNDA:1,s21_is_less_or_equalTest21_fn
FN:7443,s21_is_less_or_equalTest22_fn
FNDA:1,s21_is_less_or_equalTest22_fn
FN:7463,s21_is_less_or_equalTest23_fn
FNDA:1,s21_is_less_or_equalTest23_fn
FN:7483,s21_is_less_or_equalTest24_fn
FNDA:1,s21_is_less_or_equalTest24_fn
FN:7503,s21_is_less_or_equalTest25_fn
FNDA:1,s21_is_less_or_equalTest25_fn
FN:7523,s21_is_less_or_equalTest26_fn
FNDA:1,s21_is_less_or_equalTest26_fn
FN:7543,s21_is_less_or_equalTest27_fn
FNDA:1,s21_is_less_or_equalTest27_fn
FN:7563,s21_is_less_or_equalTest28_fn
FNDA:1,s21_is_less_or_equalTest28_fn
FN:7583,s21_is_less_or_equalTest29_fn
FNDA:1,s21_is_less_or_equalTest29_fn
FN:7603,s21_is_less_or_equalTest30_fn
FNDA:1,s21_is_less_or_equalTest30_fn
FN:7624,s21_is_less_or_equalTest31_fn
FNDA:1,s21_is_less_or_equalTest31_fn
FN:7644,s21_is_less_or_equalTest32_fn
FNDA:1,s21_is_less_or_equalTest32_fn
FN:7664,s21_is_less_or_equalTest33_fn
FNDA:1,s21_is_less_or_equalTest33_fn
FN:7684,s21_is_less_or_equalTest34_fn
FNDA:1,s21_is_less_or_equalTest34_fn
FN:7704,s21_is_less_or_equalTest35_fn
FNDA:1,s21_is_less_or_equalTest35_fn
FN:7724,s21_is_less_or_equalTest36_fn
FNDA:0,s21_is_less_or_equalTest36_fn
FN:7746,greater_1_fn
FNDA:1,greater_1_fn
FN:7757,greater_2_fn
FNDA:1,greater_2_fn
FN:7768,greater_3_fn
FNDA:1,greater_3_fn
FN:7779,greater_4_fn
FNDA:1,greater_4_fn
FN:7790,greater_5_fn
FNDA:1,greater_5_fn
FN:7801,greater_6_fn
FNDA:1,greater_6_fn
FN:7812,greater_7_fn
FNDA:1,greater_7_fn
FN:7823,greater_8_fn
FNDA:1,greater_8_fn
FN:7834,greater_9_fn
FNDA:1,greater_9_fn
FN:7845,greater_10_fn
FNDA:1,greater_10_fn
FN:7856,greater_11_fn
FNDA:1,greater_11_fn
FN:7885,greater_12_fn
FNDA:1,greater_12_fn
FN:7893,greater_13_fn
FNDA:1,greater_13_fn
FN:7900,greater_14_fn
FNDA:1,greater_14_fn
FN:7907,greater_15_fn
FNDA:1,greater_15_fn
FN:7914,greater_16_fn
FNDA:1,greater_16_fn
FN:7921,greater_17_fn
FNDA:1,greater_17_fn
FN:7928,greater_18_fn
FNDA:1,greater_18_fn
FN:7935,greater_19_fn
FNDA:1,greater_19_fn
FN:7942,greater_20_fn
FNDA:1,greater_20_fn
FN:7949,greater_21_fn
FNDA:1,greater_21_fn
FN:7956,greater_22_fn
FNDA:1,greater_22_fn
FN:7963,greater_23_fn
FNDA:1,greater_23_fn
FN:7970,greater_24_fn
FNDA:1,greater_24_fn
FN:7977,greater_25_fn
FNDA:1,greater_25_fn
FN:7997,greater_26_fn
FNDA:1,greater_26_fn
FN:8017,greater_27_fn
FNDA:2,greater_27_fn
FN:8037,greater_28_fn
FNDA:1,greater_28_fn
FN:8057,greater_29_fn
FNDA:1,greater_29_fn
FN:8077,greater_30_fn
FNDA:1,greater_30_fn
FN:8097,greater_31_fn
FNDA:1,greater_31_fn
FN:8117,greater_32_fn
FNDA:1,greater_32_fn
FN:8137,greater_33_fn
FNDA:1,greater_33_fn
FN:8157,greater_34_fn
FNDA:1,greater_34_fn
FN:8177,greater_35_fn
FNDA:1,greater_35_fn
FN:8197,greater_36_fn
FNDA:1,greater_36_fn
FN:8217,greater_37_fn
FNDA:1,greater_37_fn
FN:8237,greater_38_fn
FNDA:1,greater_38_fn
FN:8257,greater_39_fn
FNDA:1,greater_39_fn
FN:8277,greater_40_fn
FNDA:1,greater_40_fn
FN:8297,greater_41_fn
FNDA:1,greater_41_fn
FN:8317,greater_42_fn
FNDA:1,greater_42_fn
FN:8337,greater_43_fn
FNDA:1,greater_43_fn
FN:8357,greater_44_fn
FNDA:1,greater_44_fn
FN:8377,greater_45_fn
FNDA:1,greater_45_fn
FN:8397,greater_46_fn
FNDA:1,greater_46_fn
FN:8417,greater_47_fn
FNDA:1,greater_47_fn
FN:8437,greater_48_fn
FNDA:1,greater_48_fn
FN:8457,greater_49_fn
FNDA:1,greater_49_fn
FN:8477,greater_50_fn
FNDA:1,greater_50_fn
FN:8497,greater_51_fn
FNDA:1,greater_51_fn
FN:8517,greater_52_fn
FNDA:1,greater_52_fn
FN:8537,greater_53_fn
FNDA:1,greater_53_fn
FN:8557,greater_54_fn
FNDA:1,greater_54_fn
FN:8577,greater_55_fn
FNDA:1,greater_55_fn
FN:8597,greater_56_fn
FNDA:1,greater_56_fn
FN:8617,greater_57_fn
FNDA:1,greater_57_fn
FN:8637,greater_58_fn
FNDA:1,greater_58_fn
FN:8657,greater_59_fn
FNDA:1,greater_59_fn
FN:8677,greater_60_fn
FNDA:1,greater_60_fn
FN:8699,greater_or_equal_1_fn
FNDA:1,greater_or_equal_1_fn
FN:8710,greater_or_equal_2_fn
FNDA:1,greater_or_equal_2_fn
FN:8721,greater_or_equal_3_fn
FNDA:1,greater_or_equal_3_fn
FN:8732,greater_or_equal_4_fn
FNDA:1,greater_or_equal_4_fn
FN:8743,greater_or_equal_5_fn
FNDA:1,greater_or_equal_5_fn
FN:8754,greater_or_equal_6_fn
FNDA:1,greater_or_equal_6_fn
FN:8765,greater_or_equal_7_fn
FNDA:1,greater_or_equal_7_fn
FN:8776,greater_or_equal_8_fn
FNDA:1,greater_or_equal_8_fn
FN:8787,greater_or_equal_9_fn
FNDA:1,greater_or_equal_9_fn
FN:8798,greater_or_equal_10_fn
FNDA:1,greater_or_equal_10_fn
FN:8809,greater_or_equal_11_fn
FNDA:1,greater_or_equal_11_fn
FN:8820,greater_or_equal_12_fn
FNDA:1,greater_or_equal_12_fn
FN:8831,greater_or_equal_13_fn
FNDA:1,greater_or_equal_13_fn
FN:8871,s21_from_decimal_to_int_1_fn
FNDA:1,s21_from_decimal_to_int_1_fn
FN:8884,s21_from_decimal_to_int_2_fn
FNDA:1,s21_from_decimal_to_int_2_fn
FN:8897,s21_from_decimal_to_int_4_fn
FNDA:1,s21_from_decimal_to_int_4_fn
FN:8911,s21_from_decimal_to_int_5_fn
FNDA:1,s21_from_decimal_to_int_5_fn
FN:8925,s21_from_decimal_to_int_6_fn
FNDA:0,s21_from_decimal_to_int_6_fn
FN:8941,s21_test_from_decimal_to_int_0_fn
FNDA:1,s21_test_from_decimal_to_int_0_fn
FN:8950,s21_test_from_decimal_to_int_1_fn
FNDA:1,s21_test_from_decimal_to_int_1_fn
FN:8959,s21_test_from_decimal_to_int_3_fn
FNDA:0,s21_test_from_decimal_to_int_3_fn
FN:8967,s21_test_from_decimal_to_int_4_fn
FNDA:0,s21_test_from_decimal_to_int_4_fn
FN:8975,s21_test_from_decimal_to_int_6_fn
FNDA:0,s21_test_from_decimal_to_int_6_fn
FN:8982,s21_test_from_decimal_to_int_7_fn
FNDA:0,s21_test_from_decimal_to_int_7_fn
FN:8990,s21_test_from_decimal_to_int_8_fn
FNDA:0,s21_test_from_decimal_to_int_8_fn
FN:8998,s21_test_from_decimal_to_int_9_fn
FNDA:1,s21_test_from_decimal_to_int_9_fn
FN:9007,s21_test_from_decimal_to_int_10_fn
FNDA:1,s21_test_from_decimal_to_int_10_fn
FN:9016,s21_test_from_decimal_to_int_11_fn
FNDA:1,s21_test_from_decimal_to_int_11_fn
FN:9025,s21_test_from_decimal_to_int_12_fn
FNDA:1,s21_test_from_decimal_to_int_12_fn
FN:9034,s21_test_from_decimal_to_int_14_fn
FNDA:1,s21_test_from_decimal_to_int_14_fn
FN:9043,s21_test_from_decimal_to_int_15_fn
FNDA:1,s21_test_from_decimal_to_int_15_fn
FN:9056,s21_test_from_decimal_to_int_16_fn
FNDA:1,s21_test_from_decimal_to_int_16_fn
FN:9069,s21_test_from_decimal_to_int_17_fn
FNDA:1,s21_test_from_decimal_to_int_17_fn
FN:9082,s21_from_decimal_to_intTest1_fn
FNDA:1,s21_from_decimal_to_intTest1_fn
FN:9098,s21_from_decimal_to_intTest2_fn
FNDA:1,s21_from_decimal_to_intTest2_fn
FN:9114,s21_from_decimal_to_intTest3_fn
FNDA:1,s21_from_decimal_to_intTest3_fn
FN:9130,s21_from_decimal_to_intTest4_fn
FNDA:1,s21_from_decimal_to_intTest4_fn
FN:9146,s21_from_decimal_to_intTest5_fn
FNDA:1,s21_from_decimal_to_intTest5_fn
FN:9162,s21_from_decimal_to_intTest6_fn
FNDA:1,s21_from_decimal_to_intTest6_fn
FN:9181,s21_from_decimal_to_intTest7_fn
FNDA:1,s21_from_decimal_to_intTest7_fn
FN:9197,s21_from_decimal_to_intTest8_fn
FNDA:1,s21_from_decimal_to_intTest8_fn
FN:9213,s21_from_decimal_to_intTest9_fn
FNDA:1,s21_from_decimal_to_intTest9_fn
FN:9229,s21_from_decimal_to_intTest10_fn
FNDA:1,s21_from_decimal_to_intTest10_fn
FN:9245,s21_from_decimal_to_intTest11_fn
FNDA:1,s21_from_decimal_to_intTest11_fn
FN:9261,s21_from_decimal_to_intTest12_fn
FNDA:1,s21_from_decimal_to_intTest12_fn
FN:9277,s21_from_decimal_to_intTest13_fn
FNDA:1,s21_from_decimal_to_intTest13_fn
FN:9293,s21_from_decimal_to_intTest14_fn
FNDA:1,s21_from_decimal_to_intTest14_fn
FN:9309,s21_from_decimal_to_intTest15_fn
FNDA:1,s21_from_decimal_to_intTest15_fn
FN:9327,s21_from_int_to_decimal_1_fn
FNDA:0,s21_from_int_to_decimal_1_fn
FN:9365,s21_test_from_int_to_decimal_0_fn
FNDA:1,s21_test_from_int_to_decimal_0_fn
FN:9378,s21_test_from_int_to_decimal_1_fn
FNDA:1,s21_test_from_int_to_decimal_1_fn
FN:9391,s21_test_from_int_to_decimal_2_fn
FNDA:1,s21_test_from_int_to_decimal_2_fn
FN:9403,s21_test_from_int_to_decimal_3_fn
FNDA:1,s21_test_from_int_to_decimal_3_fn
FN:9415,s21_test_from_int_to_decimal_4_fn
FNDA:1,s21_test_from_int_to_decimal_4_fn
FN:9427,s21_test_from_int_to_decimal_5_fn
FNDA:1,s21_test_from_int_to_decimal_5_fn
FN:9439,from_int_to_decimal_0_fn
FNDA:1,from_int_to_decimal_0_fn
FN:9449,from_int_to_decimal_1_fn
FNDA:1,from_int_to_decimal_1_fn
FN:9459,s21_from_int_to_decimalTest1_fn
FNDA:1,s21_from_int_to_decimalTest1_fn
FN:9476,s21_from_int_to_decimalTest2_fn
FNDA:1,s21_from_int_to_decimalTest2_fn
FN:9493,s21_from_int_to_decimalTest3_fn
FNDA:1,s21_from_int_to_decimalTest3_fn
FN:9510,s21_from_int_to_decimalTest4_fn
FNDA:1,s21_from_int_to_decimalTest4_fn
FN:9527,s21_from_int_to_decimalTest5_fn
FNDA:1,s21_from_int_to_decimalTest5_fn
FN:9545,s21_from_int_to_decimalTest6_fn
FNDA:1,s21_from_int_to_decimalTest6_fn
FN:9563,s21_from_int_to_decimalTest7_fn
FNDA:1,s21_from_int_to_decimalTest7_fn
FN:9581,s21_from_int_to_decimalTest8_fn
FNDA:1,s21_from_int_to_decimalTest8_fn
FN:9599,s21_from_int_to_decimalTest9_fn
FNDA:1,s21_from_int_to_decimalTest9_fn
FN:9618,s21_from_float_to_decimal_1_fn
FNDA:1,s21_from_float_to_decimal_1_fn
FN:9633,s21_from_float_to_decimal_2_fn
FNDA:1,s21_from_float_to_decimal_2_fn
FN:9647,s21_from_float_to_decimal_3_fn
FNDA:0,s21_from_float_to_decimal_3_fn
FN:9658,s21_from_float_to_decimal_4_fn
FNDA:0,s21_from_float_to_decimal_4_fn
FN:9675,s21_from_float_to_decimal_5_fn
FNDA:1,s21_from_float_to_decimal_5_fn
FN:9685,s21_from_float_to_decimal_6_fn
FNDA:1,s21_from_float_to_decimal_6_fn
FN:9702,s21_from_float_to_decimal_7_fn
FNDA:1,s21_from_float_to_decimal_7_fn
FN:9713,s21_from_float_to_decimal_8_fn
FNDA:1,s21_from_float_to_decimal_8_fn
FN:9724,s21_from_float_to_decimal_10_fn
FNDA:1,s21_from_float_to_decimal_10_fn
FN:9735,s21_from_float_to_decimal_11_fn
FNDA:1,s21_from_float_to_decimal_11_fn
FN:9745,s21_from_float_to_decimal_12_fn
FNDA:1,s21_from_float_to_decimal_12_fn
FN:9754,s21_from_float_to_decimal_13_fn
FNDA:0,s21_from_float_to_decimal_13_fn
FN:9763,s21_from_float_to_decimal_14_fn
FNDA:1,s21_from_float_to_decimal_14_fn
FN:9772,s21_from_float_to_decimal_15_fn
FNDA:1,s21_from_float_to_decimal_15_fn
FN:9781,s21_from_float_to_decimal_16_fn
FNDA:1,s21_from_float_to_decimal_16_fn
FN:9790,s21_from_float_to_decimal_17_fn
FNDA:1,s21_from_float_to_decimal_17_fn
FN:9798,s21_from_float_to_decimal_18_fn
FNDA:1,s21_from_float_to_decimal_18_fn
FN:9811,s21_from_decimal_to_float_1_fn
FNDA:1,s21_from_decimal_to_float_1_fn
FN:9827,s21_from_decimal_to_float_2_fn
FNDA:1,s21_from_decimal_to_float_2_fn
FN:9842,s21_from_decimal_to_float_3_fn
FNDA:1,s21_from_decimal_to_float_3_fn
FN:9856,s21_from_decimal_to_float_4_fn
FNDA:0,s21_from_decimal_to_float_4_fn
FN:9871,s21_from_decimal_to_float_5_fn
FNDA:1,s21_from_decimal_to_float_5_fn
FN:9886,s21_from_decimal_to_float_7_fn
FNDA:1,s21_from_decimal_to_float_7_fn
FN:9901,s21_from_decimal_to_float_8_fn
FNDA:1,s21_from_decimal_to_float_8_fn
FN:9916,s21_from_decimal_to_float_9_fn
FNDA:0,s21_from_decimal_to_float_9_fn
FN:9931,s21_from_decimal_to_float_10_fn
FNDA:1,s21_from_decimal_to_float_10_fn
FN:9946,s21_from_decimal_to_floatTest1_fn
FNDA:1,s21_from_decimal_to_floatTest1_fn
FN:9967,s21_from_decimal_to_floatTest2_fn
FNDA:1,s21_from_decimal_to_floatTest2_fn
FN:9988,s21_from_decimal_to_floatTest3_fn
FNDA:1,s21_from_decimal_to_floatTest3_fn
FN:10009,s21_from_decimal_to_floatTest4_fn
FNDA:1,s21_from_decimal_to_floatTest4_fn
FN:10030,s21_from_decimal_to_floatTest5_fn
FNDA:1,s21_from_decimal_to_floatTest5_fn
FN:10051,s21_from_decimal_to_floatTest6_fn
FNDA:1,s21_from_decimal_to_floatTest6_fn
FN:10072,s21_from_decimal_to_floatTest7_fn
FNDA:1,s21_from_decimal_to_floatTest7_fn
FN:10093,main
FNDA:555,main
FNF:592
FNH:553
DA:40,1
DA:41,1
DA:42,1
DA:43,1
DA:44,1
DA:45,1
DA:46,1
DA:47,1
DA:48,1
DA:49,1
DA:50,1
DA:51,1
DA:52,1
DA:53,1
DA:56,1
DA:57,1
DA:58,1
DA:59,1
DA:60,1
DA:61,1
DA:62,1
DA:63,1
DA:64,1
DA:65,1
DA:66,1
DA:67,1
DA:68,1
DA:69,1
DA:72,1
DA:73,1
DA:74,1
DA:75,1
DA:76,1
DA:77,1
DA:78,1
DA:79,1
DA:80,1
DA:81,1
DA:82,1
DA:83,1
DA:84,1
DA:85,1
DA:88,1
DA:89,1
DA:90,1
DA:91,1
DA:92,1
DA:93,1
DA:94,1
DA:95,1
DA:96,1
DA:97,1
DA:98,1
DA:99,1
DA:100,1
DA:101,1
DA:104,1
DA:105,1
DA:106,1
DA:107,1
DA:108,1
DA:109,1
DA:110,1
DA:111,1
DA:112,1
DA:113,1
DA:114,1
DA:115,1
DA:116,1
DA:117,1
DA:120,1
DA:121,1
DA:122,1
DA:123,1
DA:124,1
DA:125,1
DA:126,1
DA:127,1
DA:128,1
DA:129,1
DA:130,1
DA:131,1
DA:132,1
DA:133,1
DA:136,1
DA:137,1
DA:138,1
DA:139,1
DA:140,1
DA:141,1
DA:142,1
DA:143,1
DA:144,1
DA:145,1
DA:146,1
DA:147,1
DA:148,1
DA:149,1
DA:152,1
DA:153,1
DA:154,1
DA:155,1
DA:156,1
DA:157,1
DA:158,1
DA:159,1
DA:160,1
DA:161,1
DA:162,1
DA:163,1
DA:164,1
DA:165,1
DA:168,1
DA:169,1
DA:170,1
DA:171,1
DA:172,1
DA:173,1
DA:174,1
DA:175,1
DA:176,1
DA:177,1
DA:178,1
DA:179,1
DA:180,1
DA:181,1
DA:184,1
DA:185,1
DA:186,1
DA:187,1
DA:188,1
DA:189,1
DA:190,1
DA:191,1
DA:192,1
DA:193,1
DA:194,1
DA:195,1
DA:196,1
DA:197,1
DA:200,1
DA:201,1
DA:202,1
DA:203,1
DA:204,1
DA:205,1
DA:206,1
DA:207,1
DA:208,1
DA:209,1
DA:210,1
DA:211,1
DA:212,1
DA:213,1
DA:216,1
DA:217,1
DA:218,1
DA:219,1
DA:220,1
DA:221,1
DA:222,1
DA:223,1
DA:224,1
DA:225,1
DA:226,1
DA:227,1
DA:228,1
DA:229,1
DA:232,0
DA:233,0
DA:234,0
DA:235,0
DA:236,0
DA:237,0
DA:238,0
DA:239,0
DA:240,0
DA:241,0
DA:242,0
DA:243,0
DA:244,0
DA:245,0
DA:248,0
DA:249,0
DA:250,0
DA:251,0
DA:252,0
DA:253,0
DA:254,0
DA:255,0
DA:256,0
DA:257,0
DA:258,0
DA:259,0
DA:260,0
DA:261,0
DA:264,1
DA:265,1
DA:266,1
DA:267,1
DA:268,1
DA:269,1
DA:270,1
DA:271,1
DA:272,1
DA:273,1
DA:274,1
DA:275,1
DA:276,1
DA:277,1
DA:280,0
DA:281,0
DA:282,0
DA:283,0
DA:284,0
DA:285,0
DA:286,0
DA:287,0
DA:288,0
DA:289,0
DA:290,0
DA:291,0
DA:292,0
DA:293,0
DA:296,0
DA:297,0
DA:298,0
DA:299,0
DA:300,0
DA:301,0
DA:302,0
DA:303,0
DA:304,0
DA:305,0
DA:306,0
DA:307,0
DA:308,0
DA:309,0
DA:312,1
DA:313,1
DA:314,1
DA:315,1
DA:316,1
DA:317,1
DA:318,1
DA:319,1
DA:320,1
DA:321,1
DA:322,1
DA:323,1
DA:324,1
DA:325,1
DA:328,1
DA:329,1
DA:330,1
DA:331,1
DA:332,1
DA:333,1
DA:334,1
DA:335,1
DA:336,1
DA:337,1
DA:338,1
DA:339,1
DA:340,1
DA:341,1
DA:344,1
DA:345,1
DA:346,1
DA:347,1
DA:348,1
DA:349,1
DA:350,1
DA:351,1
DA:352,1
DA:353,1
DA:354,1
DA:355,1
DA:356,1
DA:357,1
DA:360,1
DA:361,1
DA:362,1
DA:363,1
DA:364,1
DA:365,1
DA:366,1
DA:367,1
DA:368,1
DA:369,1
DA:370,1
DA:371,1
DA:372,1
DA:373,1
DA:376,1
DA:379,1
DA:380,1
DA:381,1
DA:382,1
DA:384,1
DA:385,1
DA:386,1
DA:387,1
DA:388,1
DA:389,1
DA:392,1
DA:395,1
DA:396,1
DA:397,1
DA:398,1
DA:400,1
DA:401,1
DA:402,1
DA:403,1
DA:404,1
DA:405,1
DA:408,1
DA:411,1
DA:412,1
DA:413,1
DA:414,1
DA:415,1
DA:416,1
DA:418,1
DA:419,1
DA:420,1
DA:421,1
DA:424,1
DA:427,1
DA:428,1
DA:429,1
DA:430,1
DA:431,1
DA:432,1
DA:434,1
DA:435,1
DA:436,1
DA:437,1
DA:440,1
DA:443,1
DA:444,1
DA:445,1
DA:446,1
DA:447,1
DA:448,1
DA:450,1
DA:451,1
DA:452,1
DA:453,1
DA:456,1
DA:457,1
DA:458,1
DA:459,1
DA:461,1
DA:462,1
DA:463,1
DA:466,1
DA:467,1
DA:468,1
DA:469,1
DA:471,1
DA:472,1
DA:473,1
DA:476,0
DA:477,0
DA:478,0
DA:479,0
DA:480,0
DA:481,0
DA:482,0
DA:483,0
DA:484,0
DA:485,0
DA:486,0
DA:487,0
DA:488,0
DA:489,0
DA:490,0
DA:491,0
DA:492,0
DA:493,0
DA:494,0
DA:495,0
DA:496,0
DA:497,0
DA:498,0
DA:499,0
DA:502,1
DA:503,1
DA:504,1
DA:505,1
DA:506,1
DA:507,1
DA:508,1
DA:509,1
DA:510,1
DA:511,1
DA:512,1
DA:513,1
DA:514,1
DA:515,1
DA:516,1
DA:517,1
DA:518,1
DA:519,1
DA:520,1
DA:521,1
DA:522,1
DA:523,1
DA:524,1
DA:525,1
DA:528,1
DA:529,1
DA:530,1
DA:531,1
DA:532,1
DA:533,1
DA:534,1
DA:535,1
DA:536,1
DA:537,1
DA:538,1
DA:539,1
DA:540,1
DA:541,1
DA:542,1
DA:543,1
DA:544,1
DA:545,1
DA:546,1
DA:547,1
DA:548,1
DA:549,1
DA:550,1
DA:551,1
DA:554,0
DA:555,0
DA:556,0
DA:557,0
DA:558,0
DA:559,0
DA:560,0
DA:561,0
DA:562,0
DA:563,0
DA:564,0
DA:565,0
DA:566,0
DA:567,0
DA:570,1
DA:571,1
DA:572,1
DA:573,1
DA:574,1
DA:575,1
DA:576,1
DA:577,1
DA:578,1
DA:579,1
DA:580,1
DA:581,1
DA:582,1
DA:583,1
DA:586,1
DA:587,1
DA:588,1
DA:589,1
DA:590,1
DA:591,1
DA:592,1
DA:593,1
DA:594,1
DA:595,1
DA:596,1
DA:597,1
DA:598,1
DA:599,1
DA:602,1
DA:608,1
DA:609,1
DA:610,1
DA:611,1
DA:613,1
DA:614,1
DA:615,1
DA:616,1
DA:617,1
DA:618,1
DA:620,1
DA:621,1
DA:622,1
DA:623,1
DA:624,1
DA:625,1
DA:626,1
DA:627,1
DA:628,1
DA:631,1
DA:637,1
DA:638,1
DA:639,1
DA:640,1
DA:642,1
DA:643,1
DA:644,1
DA:645,1
DA:646,1
DA:647,1
DA:649,1
DA:650,1
DA:651,1
DA:652,1
DA:653,1
DA:654,1
DA:655,1
DA:656,1
DA:657,1
DA:660,1
DA:666,1
DA:667,1
DA:668,1
DA:669,1
DA:671,1
DA:672,1
DA:673,1
DA:674,1
DA:675,1
DA:676,1
DA:678,1
DA:679,1
DA:680,1
DA:681,1
DA:682,1
DA:683,1
DA:684,1
DA:685,1
DA:686,1
DA:689,1
DA:695,1
DA:696,1
DA:697,1
DA:698,1
DA:700,1
DA:701,1
DA:702,1
DA:703,1
DA:704,1
DA:705,1
DA:707,1
DA:708,1
DA:709,1
DA:710,1
DA:711,1
DA:712,1
DA:713,1
DA:714,1
DA:715,1
DA:718,1
DA:724,1
DA:725,1
DA:726,1
DA:727,1
DA:729,1
DA:730,1
DA:731,1
DA:732,1
DA:733,1
DA:734,1
DA:736,1
DA:737,1
DA:738,1
DA:739,1
DA:740,1
DA:741,1
DA:742,1
DA:743,1
DA:744,1
DA:747,1
DA:753,1
DA:754,1
DA:755,1
DA:756,1
DA:758,1
DA:759,1
DA:760,1
DA:761,1
DA:762,1
DA:763,1
DA:765,1
DA:766,1
DA:767,1
DA:768,1
DA:769,1
DA:770,1
DA:771,1
DA:772,1
DA:773,1
DA:776,1
DA:782,1
DA:783,1
DA:784,1
DA:785,1
DA:787,1
DA:788,1
DA:789,1
DA:790,1
DA:791,1
DA:792,1
DA:794,1
DA:795,1
DA:796,1
DA:797,1
DA:798,1
DA:799,1
DA:800,1
DA:801,1
DA:802,1
DA:805,1
DA:811,1
DA:812,1
DA:813,1
DA:814,1
DA:816,1
DA:817,1
DA:818,1
DA:819,1
DA:820,1
DA:821,1
DA:823,1
DA:824,1
DA:825,1
DA:826,1
DA:827,1
DA:828,1
DA:829,1
DA:830,1
DA:831,1
DA:834,1
DA:840,1
DA:841,1
DA:842,1
DA:843,1
DA:845,1
DA:846,1
DA:847,1
DA:848,1
DA:849,1
DA:850,1
DA:852,1
DA:853,1
DA:854,1
DA:855,1
DA:856,1
DA:857,1
DA:858,1
DA:859,1
DA:860,1
DA:863,1
DA:869,1
DA:870,1
DA:871,1
DA:872,1
DA:874,1
DA:875,1
DA:876,1
DA:877,1
DA:878,1
DA:879,1
DA:881,1
DA:882,1
DA:883,1
DA:884,1
DA:885,1
DA:886,1
DA:887,1
DA:888,1
DA:889,1
DA:892,1
DA:898,1
DA:899,1
DA:900,1
DA:901,1
DA:903,1
DA:904,1
DA:905,1
DA:906,1
DA:907,1
DA:908,1
DA:910,1
DA:911,1
DA:912,1
DA:913,1
DA:914,1
DA:915,1
DA:916,1
DA:917,1
DA:918,1
DA:921,1
DA:927,1
DA:928,1
DA:929,1
DA:930,1
DA:932,1
DA:933,1
DA:934,1
DA:935,1
DA:936,1
DA:937,1
DA:939,1
DA:940,1
DA:941,1
DA:942,1
DA:943,1
DA:944,1
DA:945,1
DA:946,1
DA:947,1
DA:950,1
DA:956,1
DA:957,1
DA:958,1
DA:959,1
DA:961,1
DA:962,1
DA:963,1
DA:964,1
DA:965,1
DA:966,1
DA:968,1
DA:969,1
DA:970,1
DA:971,1
DA:972,1
DA:973,1
DA:974,1
DA:975,1
DA:976,1
DA:979,1
DA:985,1
DA:986,1
DA:987,1
DA:988,1
DA:990,1
DA:991,1
DA:992,1
DA:993,1
DA:994,1
DA:995,1
DA:997,1
DA:998,1
DA:999,1
DA:1000,1
DA:1001,1
DA:1002,1
DA:1003,1
DA:1004,1
DA:1005,1
DA:1008,1
DA:1014,1
DA:1015,1
DA:1016,1
DA:1017,1
DA:1019,1
DA:1020,1
DA:1021,1
DA:1022,1
DA:1023,1
DA:1024,1
DA:1026,1
DA:1027,1
DA:1028,1
DA:1029,1
DA:1030,1
DA:1031,1
DA:1032,1
DA:1033,1
DA:1034,1
DA:1037,1
DA:1043,1
DA:1044,1
DA:1045,1
DA:1046,1
DA:1048,1
DA:1049,1
DA:1050,1
DA:1051,1
DA:1052,1
DA:1053,1
DA:1055,1
DA:1056,1
DA:1057,1
DA:1058,1
DA:1059,1
DA:1060,1
DA:1061,1
DA:1062,1
DA:1063,1
DA:1066,0
DA:1073,0
DA:1074,0
DA:1075,0
DA:1076,0
DA:1079,0
DA:1080,0
DA:1081,0
DA:1082,0
DA:1083,0
DA:1085,0
DA:1088,0
DA:1089,0
DA:1090,0
DA:1091,0
DA:1092,0
DA:1093,0
DA:1094,0
DA:1095,0
DA:1096,0
DA:1099,1
DA:1105,1
DA:1106,1
DA:1107,1
DA:1108,1
DA:1110,1
DA:1111,1
DA:1112,1
DA:1113,1
DA:1114,1
DA:1115,1
DA:1117,1
DA:1118,1
DA:1119,1
DA:1120,1
DA:1121,1
DA:1122,1
DA:1123,1
DA:1124,1
DA:1125,1
DA:1128,0
DA:1137,0
DA:1138,0
DA:1139,0
DA:1140,0
DA:1142,0
DA:1143,0
DA:1144,0
DA:1145,0
DA:1146,0
DA:1147,0
DA:1150,0
DA:1151,0
DA:1152,0
DA:1153,0
DA:1159,0
DA:1160,0
DA:1161,0
DA:1162,0
DA:1163,0
DA:1166,1
DA:1172,1
DA:1173,1
DA:1174,1
DA:1175,1
DA:1177,1
DA:1178,1
DA:1179,1
DA:1180,1
DA:1181,1
DA:1182,1
DA:1184,1
DA:1185,1
DA:1186,1
DA:1187,1
DA:1188,1
DA:1189,1
DA:1190,1
DA:1191,1
DA:1192,1
DA:1195,1
DA:1201,1
DA:1202,1
DA:1203,1
DA:1204,1
DA:1206,1
DA:1207,1
DA:1208,1
DA:1209,1
DA:1210,1
DA:1211,1
DA:1213,1
DA:1214,1
DA:1215,1
DA:1216,1
DA:1217,1
DA:1218,1
DA:1219,1
DA:1220,1
DA:1221,1
DA:1224,0
DA:1230,0
DA:1231,0
DA:1232,0
DA:1233,0
DA:1235,0
DA:1236,0
DA:1237,0
DA:1238,0
DA:1239,0
DA:1240,0
DA:1242,0
DA:1243,0
DA:1244,0
DA:1245,0
DA:1246,0
DA:1247,0
DA:1248,0
DA:1249,0
DA:1250,0
DA:1253,1
DA:1259,1
DA:1260,1
DA:1261,1
DA:1262,1
DA:1264,1
DA:1265,1
DA:1266,1
DA:1267,1
DA:1268,1
DA:1269,1
DA:1271,1
DA:1272,1
DA:1273,1
DA:1274,1
DA:1275,1
DA:1276,1
DA:1277,1
DA:1278,1
DA:1279,1
DA:1282,1
DA:1288,1
DA:1289,1
DA:1290,1
DA:1291,1
DA:1293,1
DA:1294,1
DA:1295,1
DA:1296,1
DA:1297,1
DA:1298,1
DA:1300,1
DA:1301,1
DA:1302,1
DA:1303,1
DA:1304,1
DA:1305,1
DA:1306,1
DA:1307,1
DA:1308,1
DA:1311,1
DA:1317,1
DA:1318,1
DA:1319,1
DA:1320,1
DA:1322,1
DA:1323,1
DA:1324,1
DA:1325,1
DA:1326,1
DA:1327,1
DA:1329,1
DA:1330,1
DA:1331,1
DA:1332,1
DA:1333,1
DA:1334,1
DA:1335,1
DA:1336,1
DA:1337,1
DA:1340,1
DA:1346,1
DA:1347,1
DA:1348,1
DA:1349,1
DA:1351,1
DA:1352,1
DA:1353,1
DA:1354,1
DA:1355,1
DA:1356,1
DA:1358,1
DA:1359,1
DA:1360,1
DA:1361,1
DA:1362,1
DA:1363,1
DA:1364,1
DA:1365,1
DA:1366,1
DA:1369,1
DA:1375,1
DA:1376,1
DA:1377,1
DA:1378,1
DA:1380,1
DA:1381,1
DA:1382,1
DA:1383,1
DA:1384,1
DA:1385,1
DA:1387,1
DA:1388,1
DA:1389,1
DA:1390,1
DA:1391,1
DA:1392,1
DA:1393,1
DA:1394,1
DA:1395,1
DA:1398,1
DA:1404,1
DA:1405,1
DA:1406,1
DA:1407,1
DA:1409,1
DA:1410,1
DA:1411,1
DA:1412,1
DA:1413,1
DA:1414,1
DA:1416,1
DA:1417,1
DA:1418,1
DA:1419,1
DA:1420,1
DA:1421,1
DA:1422,1
DA:1423,1
DA:1424,1
DA:1427,1
DA:1433,1
DA:1434,1
DA:1435,1
DA:1436,1
DA:1438,1
DA:1439,1
DA:1440,1
DA:1441,1
DA:1442,1
DA:1443,1
DA:1445,1
DA:1446,1
DA:1447,1
DA:1448,1
DA:1449,1
DA:1450,1
DA:1451,1
DA:1452,1
DA:1453,1
DA:1456,1
DA:1462,1
DA:1463,1
DA:1464,1
DA:1465,1
DA:1467,1
DA:1468,1
DA:1469,1
DA:1470,1
DA:1471,1
DA:1472,1
DA:1474,1
DA:1475,1
DA:1476,1
DA:1477,1
DA:1478,1
DA:1479,1
DA:1480,1
DA:1481,1
DA:1482,1
DA:1485,1
DA:1491,1
DA:1492,1
DA:1493,1
DA:1494,1
DA:1496,1
DA:1497,1
DA:1498,1
DA:1499,1
DA:1500,1
DA:1501,1
DA:1503,1
DA:1504,1
DA:1505,1
DA:1506,1
DA:1507,1
DA:1508,1
DA:1509,1
DA:1510,1
DA:1511,1
DA:1514,1
DA:1520,1
DA:1521,1
DA:1522,1
DA:1523,1
DA:1525,1
DA:1526,1
DA:1527,1
DA:1528,1
DA:1529,1
DA:1530,1
DA:1532,1
DA:1533,1
DA:1534,1
DA:1535,1
DA:1536,1
DA:1537,1
DA:1538,1
DA:1539,1
DA:1540,1
DA:1543,1
DA:1549,1
DA:1550,1
DA:1551,1
DA:1552,1
DA:1554,1
DA:1555,1
DA:1556,1
DA:1557,1
DA:1558,1
DA:1559,1
DA:1561,1
DA:1562,1
DA:1563,1
DA:1564,1
DA:1565,1
DA:1566,1
DA:1567,1
DA:1568,1
DA:1569,1
DA:1572,1
DA:1573,1
DA:1574,1
DA:1575,1
DA:1577,1
DA:1578,1
DA:1579,1
DA:1580,1
DA:1582,1
DA:1583,1
DA:1584,1
DA:1587,1
DA:1588,1
DA:1589,1
DA:1590,1
DA:1592,1
DA:1593,1
DA:1594,1
DA:1595,1
DA:1597,1
DA:1598,1
DA:1599,1
DA:1602,1
DA:1603,1
DA:1604,1
DA:1605,1
DA:1606,1
DA:1607,1
DA:1608,1
DA:1609,1
DA:1610,1
DA:1611,1
DA:1612,1
DA:1615,1
DA:1616,1
DA:1617,1
DA:1618,1
DA:1619,1
DA:1620,1
DA:1621,1
DA:1622,1
DA:1623,1
DA:1624,1
DA:1625,1
DA:1627,1
DA:1628,1
DA:1629,1
DA:1630,1
DA:1631,1
DA:1632,1
DA:1633,1
DA:1634,1
DA:1635,1
DA:1636,1
DA:1637,1
DA:1640,1
DA:1641,1
DA:1642,1
DA:1643,1
DA:1644,1
DA:1645,1
DA:1646,1
DA:1647,1
DA:1648,1
DA:1649,1
DA:1650,1
DA:1653,1
DA:1654,1
DA:1655,1
DA:1656,1
DA:1657,1
DA:1658,1
DA:1659,1
DA:1660,1
DA:1661,1
DA:1662,1
DA:1663,1
DA:1666,1
DA:1667,1
DA:1668,1
DA:1669,1
DA:1670,1
DA:1671,1
DA:1672,1
DA:1673,1
DA:1678,1
DA:1679,1
DA:1680,1
DA:1681,1
DA:1682,1
DA:1683,1
DA:1684,1
DA:1685,1
DA:1686,1
DA:1687,1
DA:1688,1
DA:1689,1
DA:1690,1
DA:1691,1
DA:1694,1
DA:1695,1
DA:1696,1
DA:1697,1
DA:1698,1
DA:1699,1
DA:1700,1
DA:1701,1
DA:1702,1
DA:1703,1
DA:1704,1
DA:1705,1
DA:1706,1
DA:1707,1
DA:1710,1
DA:1711,1
DA:1712,1
DA:1713,1
DA:1714,1
DA:1715,1
DA:1716,1
DA:1717,1
DA:1718,1
DA:1719,1
DA:1720,1
DA:1721,1
DA:1722,1
DA:1723,1
DA:1726,1
DA:1727,1
DA:1728,1
DA:1729,1
DA:1730,1
DA:1731,1
DA:1732,1
DA:1733,1
DA:1734,1
DA:1735,1
DA:1736,1
DA:1737,1
DA:1738,1
DA:1739,1
DA:1742,1
DA:1743,1
DA:1744,1
DA:1745,1
DA:1746,1
DA:1747,1
DA:1748,1
DA:1749,1
DA:1750,1
DA:1751,1
DA:1752,1
DA:1753,1
DA:1754,1
DA:1755,1
DA:1758,1
DA:1759,1
DA:1760,1
DA:1761,1
DA:1762,1
DA:1763,1
DA:1764,1
DA:1765,1
DA:1766,1
DA:1767,1
DA:1768,1
DA:1769,1
DA:1770,1
DA:1771,1
DA:1774,1
DA:1775,1
DA:1776,1
DA:1777,1
DA:1778,1
DA:1779,1
DA:1780,1
DA:1781,1
DA:1782,1
DA:1783,1
DA:1784,1
DA:1785,1
DA:1786,1
DA:1787,1
DA:1790,0
DA:1791,0
DA:1792,0
DA:1793,0
DA:1794,0
DA:1795,0
DA:1796,0
DA:1797,0
DA:1798,0
DA:1799,0
DA:1800,0
DA:1801,0
DA:1802,0
DA:1803,0
DA:1808,1
DA:1809,1
DA:1810,1
DA:1811,1
DA:1813,1
DA:1814,1
DA:1815,1
DA:1816,1
DA:1817,1
DA:1818,1
DA:1819,1
DA:1820,1
DA:1821,1
DA:1824,1
DA:1825,1
DA:1826,1
DA:1827,1
DA:1829,1
DA:1830,1
DA:1831,1
DA:1832,1
DA:1833,1
DA:1834,1
DA:1835,1
DA:1836,1
DA:1839,1
DA:1840,1
DA:1841,1
DA:1842,1
DA:1844,1
DA:1845,1
DA:1846,1
DA:1847,1
DA:1848,1
DA:1849,1
DA:1850,1
DA:1851,1
DA:1854,1
DA:1855,1
DA:1856,1
DA:1857,1
DA:1859,1
DA:1860,1
DA:1861,1
DA:1862,1
DA:1863,1
DA:1864,1
DA:1865,1
DA:1866,1
DA:1869,1
DA:1870,1
DA:1871,1
DA:1872,1
DA:1874,1
DA:1875,1
DA:1876,1
DA:1877,1
DA:1878,1
DA:1879,1
DA:1880,1
DA:1881,1
DA:1884,1
DA:1885,1
DA:1886,1
DA:1887,1
DA:1889,1
DA:1890,1
DA:1891,1
DA:1892,1
DA:1893,1
DA:1894,1
DA:1895,1
DA:1896,1
DA:1899,1
DA:1901,1
DA:1902,1
DA:1903,1
DA:1904,1
DA:1905,1
DA:1906,1
DA:1907,1
DA:1908,1
DA:1909,1
DA:1910,1
DA:1911,1
DA:1914,1
DA:1916,1
DA:1917,1
DA:1918,1
DA:1919,1
DA:1920,1
DA:1921,1
DA:1922,1
DA:1923,1
DA:1924,1
DA:1925,1
DA:1926,1
DA:1929,1
DA:1931,1
DA:1932,1
DA:1933,1
DA:1934,1
DA:1935,1
DA:1936,1
DA:1937,1
DA:1938,1
DA:1939,1
DA:1940,1
DA:1941,1
DA:1944,1
DA:1946,1
DA:1947,1
DA:1948,1
DA:1949,1
DA:1950,1
DA:1951,1
DA:1952,1
DA:1953,1
DA:1954,1
DA:1955,1
DA:1956,1
DA:1959,1
DA:1961,1
DA:1962,1
DA:1963,1
DA:1964,1
DA:1965,1
DA:1966,1
DA:1967,1
DA:1968,1
DA:1969,1
DA:1970,1
DA:1971,1
DA:1974,1
DA:1976,1
DA:1977,1
DA:1978,1
DA:1979,1
DA:1980,1
DA:1981,1
DA:1982,1
DA:1983,1
DA:1984,1
DA:1985,1
DA:1986,1
DA:1989,1
DA:1991,1
DA:1992,1
DA:1993,1
DA:1994,1
DA:1995,1
DA:1996,1
DA:1997,1
DA:1998,1
DA:1999,1
DA:2000,1
DA:2001,1
DA:2004,1
DA:2006,1
DA:2007,1
DA:2008,1
DA:2009,1
DA:2010,1
DA:2011,1
DA:2013,1
DA:2014,1
DA:2015,1
DA:2016,1
DA:2019,0
DA:2021,0
DA:2022,0
DA:2023,0
DA:2024,0
DA:2025,0
DA:2026,0
DA:2027,0
DA:2028,0
DA:2029,0
DA:2030,0
DA:2031,0
DA:2034,1
DA:2036,1
DA:2037,1
DA:2038,1
DA:2039,1
DA:2040,1
DA:2041,1
DA:2042,1
DA:2043,1
DA:2044,1
DA:2045,1
DA:2046,1
DA:2049,0
DA:2051,0
DA:2052,0
DA:2053,0
DA:2054,0
DA:2055,0
DA:2056,0
DA:2057,0
DA:2058,0
DA:2059,0
DA:2060,0
DA:2061,0
DA:2064,1
DA:2066,1
DA:2067,1
DA:2068,1
DA:2069,1
DA:2070,1
DA:2071,1
DA:2072,1
DA:2073,1
DA:2074,1
DA:2075,1
DA:2076,1
DA:2079,1
DA:2081,1
DA:2082,1
DA:2083,1
DA:2084,1
DA:2085,1
DA:2086,1
DA:2087,1
DA:2088,1
DA:2089,1
DA:2090,1
DA:2091,1
DA:2094,1
DA:2096,1
DA:2097,1
DA:2098,1
DA:2099,1
DA:2100,1
DA:2101,1
DA:2102,1
DA:2103,1
DA:2104,1
DA:2105,1
DA:2106,1
DA:2109,1
DA:2111,1
DA:2112,1
DA:2113,1
DA:2114,1
DA:2116,1
DA:2117,1
DA:2118,1
DA:2119,1
DA:2120,1
DA:2121,1
DA:2124,1
DA:2126,1
DA:2127,1
DA:2128,1
DA:2129,1
DA:2131,1
DA:2132,1
DA:2133,1
DA:2134,1
DA:2135,1
DA:2136,1
DA:2139,1
DA:2141,1
DA:2142,1
DA:2143,1
DA:2144,1
DA:2146,1
DA:2147,1
DA:2148,1
DA:2149,1
DA:2150,1
DA:2151,1
DA:2154,0
DA:2156,0
DA:2157,0
DA:2158,0
DA:2159,0
DA:2161,0
DA:2162,0
DA:2163,0
DA:2164,0
DA:2167,0
DA:2168,0
DA:2169,0
DA:2170,0
DA:2173,0
DA:2174,0
DA:2175,0
DA:2176,0
DA:2177,0
DA:2178,0
DA:2181,1
DA:2183,1
DA:2184,1
DA:2185,1
DA:2186,1
DA:2188,1
DA:2189,1
DA:2190,1
DA:2191,1
DA:2192,1
DA:2193,1
DA:2196,1
DA:2197,1
DA:2198,1
DA:2200,1
DA:2201,1
DA:2202,1
DA:2205,1
DA:2206,1
DA:2207,1
DA:2208,1
DA:2210,1
DA:2211,1
DA:2212,1
DA:2215,1
DA:2216,1
DA:2217,1
DA:2219,1
DA:2221,1
DA:2222,1
DA:2224,1
DA:2225,1
DA:2226,1
DA:2227,1
DA:2229,1
DA:2230,1
DA:2232,1
DA:2233,1
DA:2235,1
DA:2236,1
DA:2237,1
DA:2239,0
DA:2240,0
DA:2241,0
DA:2242,0
DA:2243,0
DA:2244,0
DA:2245,0
DA:2246,0
DA:2247,0
DA:2250,0
DA:2251,0
DA:2252,0
DA:2253,0
DA:2254,0
DA:2255,0
DA:2256,0
DA:2257,0
DA:2258,0
DA:2261,1
DA:2262,1
DA:2263,1
DA:2264,1
DA:2265,1
DA:2266,1
DA:2269,1
DA:2270,1
DA:2271,1
DA:2272,1
DA:2273,1
DA:2274,1
DA:2277,1
DA:2278,1
DA:2279,1
DA:2280,1
DA:2281,1
DA:2282,1
DA:2285,1
DA:2286,1
DA:2288,1
DA:2289,1
DA:2290,1
DA:2291,1
DA:2294,1
DA:2295,1
DA:2296,1
DA:2297,1
DA:2298,1
DA:2299,1
DA:2302,1
DA:2303,1
DA:2304,1
DA:2305,1
DA:2306,1
DA:2307,1
DA:2310,1
DA:2311,1
DA:2312,1
DA:2313,1
DA:2314,1
DA:2315,1
DA:2318,1
DA:2319,1
DA:2320,1
DA:2321,1
DA:2322,1
DA:2323,1
DA:2326,1
DA:2327,1
DA:2328,1
DA:2329,1
DA:2330,1
DA:2331,1
DA:2334,1
DA:2335,1
DA:2336,1
DA:2337,1
DA:2338,1
DA:2339,1
DA:2342,1
DA:2343,1
DA:2344,1
DA:2345,1
DA:2346,1
DA:2347,1
DA:2350,1
DA:2351,1
DA:2353,1
DA:2354,1
DA:2355,1
DA:2356,1
DA:2359,1
DA:2360,1
DA:2362,1
DA:2363,1
DA:2364,1
DA:2365,1
DA:2368,1
DA:2369,1
DA:2370,1
DA:2371,1
DA:2372,1
DA:2373,1
DA:2376,1
DA:2377,1
DA:2378,1
DA:2380,1
DA:2381,1
DA:2382,1
DA:2385,1
DA:2386,1
DA:2387,1
DA:2388,1
DA:2389,1
DA:2390,1
DA:2393,1
DA:2394,1
DA:2395,1
DA:2397,1
DA:2398,1
DA:2399,1
DA:2402,1
DA:2403,1
DA:2404,1
DA:2405,1
DA:2406,1
DA:2407,1
DA:2409,1
DA:2410,1
DA:2411,1
DA:2412,1
DA:2413,1
DA:2416,1
DA:2417,1
DA:2418,1
DA:2419,1
DA:2420,1
DA:2421,1
DA:2422,1
DA:2424,1
DA:2425,1
DA:2426,1
DA:2427,1
DA:2430,1
DA:2431,1
DA:2432,1
DA:2433,1
DA:2434,1
DA:2435,1
DA:2437,1
DA:2438,1
DA:2440,1
DA:2441,1
DA:2442,1
DA:2445,1
DA:2446,1
DA:2447,1
DA:2448,1
DA:2449,1
DA:2450,1
DA:2452,1
DA:2453,1
DA:2455,1
DA:2456,1
DA:2457,1
DA:2460,1
DA:2461,1
DA:2462,1
DA:2463,1
DA:2464,1
DA:2465,1
DA:2467,1
DA:2468,1
DA:2470,1
DA:2471,1
DA:2472,1
DA:2475,1
DA:2476,1
DA:2477,1
DA:2478,1
DA:2479,1
DA:2480,1
DA:2482,1
DA:2483,1
DA:2485,1
DA:2486,1
DA:2487,1
DA:2490,1
DA:2491,1
DA:2492,1
DA:2493,1
DA:2495,1
DA:2496,1
DA:2498,1
DA:2499,1
DA:2501,1
DA:2502,1
DA:2503,1
DA:2506,1
DA:2507,1
DA:2508,1
DA:2509,1
DA:2511,1
DA:2512,1
DA:2514,1
DA:2515,1
DA:2517,1
DA:2518,1
DA:2519,1
DA:2522,1
DA:2523,1
DA:2524,1
DA:2525,1
DA:2527,1
DA:2528,1
DA:2530,1
DA:2531,1
DA:2533,1
DA:2534,1
DA:2535,1
DA:2538,1
DA:2539,1
DA:2540,1
DA:2541,1
DA:2543,1
DA:2544,1
DA:2546,1
DA:2547,1
DA:2549,1
DA:2550,1
DA:2551,1
DA:2554,1
DA:2555,1
DA:2556,1
DA:2557,1
DA:2559,1
DA:2560,1
DA:2562,1
DA:2563,1
DA:2565,1
DA:2566,1
DA:2567,1
DA:2570,1
DA:2571,1
DA:2572,1
DA:2573,1
DA:2575,1
DA:2576,1
DA:2578,1
DA:2579,1
DA:2581,1
DA:2582,1
DA:2583,1
DA:2584,1
DA:2586,1
DA:2587,1
DA:2588,1
DA:2591,1
DA:2592,1
DA:2593,1
DA:2594,1
DA:2596,1
DA:2597,1
DA:2599,1
DA:2600,1
DA:2602,1
DA:2603,1
DA:2604,1
DA:2607,1
DA:2608,1
DA:2609,1
DA:2610,1
DA:2612,1
DA:2613,1
DA:2615,1
DA:2616,1
DA:2618,1
DA:2619,1
DA:2620,1
DA:2623,0
DA:2624,0
DA:2625,0
DA:2626,0
DA:2628,0
DA:2629,0
DA:2631,0
DA:2632,0
DA:2634,0
DA:2635,0
DA:2636,0
DA:2639,1
DA:2640,1
DA:2641,1
DA:2642,1
DA:2644,1
DA:2645,1
DA:2647,1
DA:2648,1
DA:2650,1
DA:2651,1
DA:2652,1
DA:2655,1
DA:2656,1
DA:2657,1
DA:2658,1
DA:2660,1
DA:2661,1
DA:2663,1
DA:2664,1
DA:2666,1
DA:2667,1
DA:2668,1
DA:2669,1
DA:2671,1
DA:2672,1
DA:2673,1
DA:2676,1
DA:2677,1
DA:2678,1
DA:2679,1
DA:2681,1
DA:2682,1
DA:2684,1
DA:2685,1
DA:2687,1
DA:2688,1
DA:2689,1
DA:2692,1
DA:2693,1
DA:2694,1
DA:2695,1
DA:2697,1
DA:2698,1
DA:2700,1
DA:2701,1
DA:2703,1
DA:2704,1
DA:2705,1
DA:2706,1
DA:2708,1
DA:2709,1
DA:2710,1
DA:2713,1
DA:2714,1
DA:2715,1
DA:2716,1
DA:2718,1
DA:2719,1
DA:2721,1
DA:2722,1
DA:2724,1
DA:2725,1
DA:2726,1
DA:2727,1
DA:2729,1
DA:2730,1
DA:2731,1
DA:2734,1
DA:2735,1
DA:2736,1
DA:2737,1
DA:2739,1
DA:2740,1
DA:2742,1
DA:2743,1
DA:2745,1
DA:2746,1
DA:2747,1
DA:2748,1
DA:2750,1
DA:2751,1
DA:2752,1
DA:2755,1
DA:2756,1
DA:2757,1
DA:2758,1
DA:2759,1
DA:2760,1
DA:2761,1
DA:2762,1
DA:2763,1
DA:2764,1
DA:2765,1
DA:2766,1
DA:2767,1
DA:2768,1
DA:2770,1
DA:2771,1
DA:2773,1
DA:2774,1
DA:2775,1
DA:2776,1
DA:2778,1
DA:2779,1
DA:2780,1
DA:2783,1
DA:2784,1
DA:2785,1
DA:2786,1
DA:2788,1
DA:2789,1
DA:2791,1
DA:2792,1
DA:2794,1
DA:2795,1
DA:2796,1
DA:2797,1
DA:2799,1
DA:2800,1
DA:2801,1
DA:2804,1
DA:2805,1
DA:2806,1
DA:2807,1
DA:2809,1
DA:2810,1
DA:2812,1
DA:2813,1
DA:2815,1
DA:2816,1
DA:2817,1
DA:2820,1
DA:2821,1
DA:2823,1
DA:2824,1
DA:2827,1
DA:2828,1
DA:2830,1
DA:2831,1
DA:2833,1
DA:2834,1
DA:2835,1
DA:2838,1
DA:2839,1
DA:2840,1
DA:2841,1
DA:2843,1
DA:2844,1
DA:2846,1
DA:2847,1
DA:2849,1
DA:2850,1
DA:2851,1
DA:2854,1
DA:2855,1
DA:2858,1
DA:2859,1
DA:2863,1
DA:2864,1
DA:2866,1
DA:2867,1
DA:2869,1
DA:2870,1
DA:2871,1
DA:2872,1
DA:2874,1
DA:2875,1
DA:2876,1
DA:2879,1
DA:2880,1
DA:2883,1
DA:2886,1
DA:2889,1
DA:2890,1
DA:2891,1
DA:2892,1
DA:2893,1
DA:2894,1
DA:2895,1
DA:2896,1
DA:2898,1
DA:2899,1
DA:2900,1
DA:2903,1
DA:2905,1
DA:2906,1
DA:2907,1
DA:2908,1
DA:2909,1
DA:2910,1
DA:2911,1
DA:2912,1
DA:2913,1
DA:2914,1
DA:2915,1
DA:2916,1
DA:2917,1
DA:2918,1
DA:2919,1
DA:2920,1
DA:2921,1
DA:2922,1
DA:2923,1
DA:2924,1
DA:2926,1
DA:2927,1
DA:2928,1
DA:2931,1
DA:2932,1
DA:2933,1
DA:2934,1
DA:2936,1
DA:2937,1
DA:2939,1
DA:2940,1
DA:2942,1
DA:2943,1
DA:2944,1
DA:2947,1
DA:2948,1
DA:2949,1
DA:2950,1
DA:2952,1
DA:2953,1
DA:2955,1
DA:2956,1
DA:2958,1
DA:2959,1
DA:2960,1
DA:2963,1
DA:2964,1
DA:2965,1
DA:2966,1
DA:2968,1
DA:2969,1
DA:2970,1
DA:2971,1
DA:2972,1
DA:2973,1
DA:2974,1
DA:2977,1
DA:2978,1
DA:2979,1
DA:2980,1
DA:2982,1
DA:2983,1
DA:2985,1
DA:2986,1
DA:2988,1
DA:2989,1
DA:2990,1
DA:2993,1
DA:2994,1
DA:2995,1
DA:2996,1
DA:2998,1
DA:2999,1
DA:3001,1
DA:3002,1
DA:3004,1
DA:3005,1
DA:3006,1
DA:3009,1
DA:3010,1
DA:3011,1
DA:3012,1
DA:3014,1
DA:3015,1
DA:3017,1
DA:3018,1
DA:3020,1
DA:3021,1
DA:3022,1
DA:3023,1
DA:3025,1
DA:3026,1
DA:3027,1
DA:3030,1
DA:3031,1
DA:3032,1
DA:3033,1
DA:3035,1
DA:3036,1
DA:3038,1
DA:3039,1
DA:3041,1
DA:3042,1
DA:3043,1
DA:3046,1
DA:3047,1
DA:3048,1
DA:3049,1
DA:3051,1
DA:3052,1
DA:3054,1
DA:3055,1
DA:3057,1
DA:3058,1
DA:3059,1
DA:3062,0
DA:3063,0
DA:3064,0
DA:3065,0
DA:3067,0
DA:3068,0
DA:3070,0
DA:3071,0
DA:3073,0
DA:3074,0
DA:3075,0
DA:3078,1
DA:3079,1
DA:3080,1
DA:3081,1
DA:3083,1
DA:3084,1
DA:3086,1
DA:3087,1
DA:3089,1
DA:3090,1
DA:3091,1
DA:3092,1
DA:3094,1
DA:3095,1
DA:3096,1
DA:3099,1
DA:3100,1
DA:3101,1
DA:3102,1
DA:3104,1
DA:3105,1
DA:3106,1
DA:3107,1
DA:3109,1
DA:3110,1
DA:3111,1
DA:3112,1
DA:3114,1
DA:3115,1
DA:3116,1
DA:3119,1
DA:3120,1
DA:3121,1
DA:3122,1
DA:3124,1
DA:3125,1
DA:3127,1
DA:3128,1
DA:3130,1
DA:3131,1
DA:3132,1
DA:3135,1
DA:3136,1
DA:3137,1
DA:3138,1
DA:3140,1
DA:3141,1
DA:3143,1
DA:3144,1
DA:3146,1
DA:3147,1
DA:3148,1
DA:3151,0
DA:3152,0
DA:3153,0
DA:3154,0
DA:3156,0
DA:3157,0
DA:3159,0
DA:3160,0
DA:3162,0
DA:3163,0
DA:3164,0
DA:3165,0
DA:3167,0
DA:3168,0
DA:3169,0
DA:3172,1
DA:3173,1
DA:3174,1
DA:3175,1
DA:3177,1
DA:3178,1
DA:3180,1
DA:3181,1
DA:3182,1
DA:3183,1
DA:3184,1
DA:3185,1
DA:3187,1
DA:3188,1
DA:3189,1
DA:3192,1
DA:3193,1
DA:3194,1
DA:3195,1
DA:3197,1
DA:3198,1
DA:3200,1
DA:3201,1
DA:3203,1
DA:3204,1
DA:3205,1
DA:3208,1
DA:3209,1
DA:3211,1
DA:3212,1
DA:3215,1
DA:3216,1
DA:3217,1
DA:3218,1
DA:3220,1
DA:3221,1
DA:3222,1
DA:3225,1
DA:3226,1
DA:3227,1
DA:3228,1
DA:3230,1
DA:3231,1
DA:3233,1
DA:3234,1
DA:3236,1
DA:3237,1
DA:3238,1
DA:3241,1
DA:3242,1
DA:3245,1
DA:3246,1
DA:3249,1
DA:3250,1
DA:3251,1
DA:3252,1
DA:3253,1
DA:3254,1
DA:3255,1
DA:3256,1
DA:3257,1
DA:3258,1
DA:3259,1
DA:3262,0
DA:3263,0
DA:3264,0
DA:3265,0
DA:3266,0
DA:3267,0
DA:3268,0
DA:3269,0
DA:3270,0
DA:3271,0
DA:3272,0
DA:3273,0
DA:3274,0
DA:3275,0
DA:3278,1
DA:3279,1
DA:3280,1
DA:3281,1
DA:3282,1
DA:3283,1
DA:3284,1
DA:3285,1
DA:3286,1
DA:3287,1
DA:3288,1
DA:3289,1
DA:3290,1
DA:3291,1
DA:3294,1
DA:3295,1
DA:3296,1
DA:3297,1
DA:3298,1
DA:3299,1
DA:3300,1
DA:3301,1
DA:3302,1
DA:3303,1
DA:3304,1
DA:3305,1
DA:3306,1
DA:3307,1
DA:3310,0
DA:3311,0
DA:3312,0
DA:3313,0
DA:3314,0
DA:3315,0
DA:3316,0
DA:3317,0
DA:3318,0
DA:3319,0
DA:3320,0
DA:3321,0
DA:3322,0
DA:3323,0
DA:3324,0
DA:3325,0
DA:3326,0
DA:3327,0
DA:3328,0
DA:3329,0
DA:3330,0
DA:3331,0
DA:3332,0
DA:3333,0
DA:3336,1
DA:3337,1
DA:3338,1
DA:3339,1
DA:3340,1
DA:3341,1
DA:3342,1
DA:3343,1
DA:3344,1
DA:3345,1
DA:3346,1
DA:3347,1
DA:3348,1
DA:3349,1
DA:3350,1
DA:3351,1
DA:3352,1
DA:3353,1
DA:3354,1
DA:3355,1
DA:3356,1
DA:3357,1
DA:3358,1
DA:3359,1
DA:3362,1
DA:3363,1
DA:3364,1
DA:3365,1
DA:3366,1
DA:3367,1
DA:3368,1
DA:3369,1
DA:3370,1
DA:3371,1
DA:3372,1
DA:3373,1
DA:3374,1
DA:3375,1
DA:3376,1
DA:3377,1
DA:3378,1
DA:3379,1
DA:3380,1
DA:3381,1
DA:3382,1
DA:3383,1
DA:3384,1
DA:3385,1
DA:3388,1
DA:3389,1
DA:3390,1
DA:3391,1
DA:3392,1
DA:3393,1
DA:3394,1
DA:3395,1
DA:3396,1
DA:3397,1
DA:3398,1
DA:3399,1
DA:3400,1
DA:3401,1
DA:3402,1
DA:3403,1
DA:3404,1
DA:3405,1
DA:3406,1
DA:3407,1
DA:3408,1
DA:3409,1
DA:3410,1
DA:3411,1
DA:3417,1
DA:3418,1
DA:3419,1
DA:3420,1
DA:3421,1
DA:3422,1
DA:3423,1
DA:3424,1
DA:3426,5
DA:3427,1
DA:3428,1
DA:3432,1
DA:3433,1
DA:3434,1
DA:3435,1
DA:3436,1
DA:3437,1
DA:3438,1
DA:3439,1
DA:3441,5
DA:3442,1
DA:3443,1
DA:3447,1
DA:3448,1
DA:3449,1
DA:3450,1
DA:3451,1
DA:3452,1
DA:3453,1
DA:3454,1
DA:3456,5
DA:3457,1
DA:3458,1
DA:3462,1
DA:3463,1
DA:3464,1
DA:3465,1
DA:3466,1
DA:3467,1
DA:3468,1
DA:3469,1
DA:3471,5
DA:3472,1
DA:3473,1
DA:3477,1
DA:3478,1
DA:3479,1
DA:3480,1
DA:3481,1
DA:3482,1
DA:3483,1
DA:3484,1
DA:3486,5
DA:3487,1
DA:3488,1
DA:3492,1
DA:3493,1
DA:3494,1
DA:3495,1
DA:3496,1
DA:3497,1
DA:3498,1
DA:3499,1
DA:3501,5
DA:3502,1
DA:3503,1
DA:3507,1
DA:3508,1
DA:3509,1
DA:3510,1
DA:3511,1
DA:3512,1
DA:3513,1
DA:3514,1
DA:3516,5
DA:3517,1
DA:3518,1
DA:3522,1
DA:3523,1
DA:3524,1
DA:3525,1
DA:3526,1
DA:3527,1
DA:3528,1
DA:3529,1
DA:3531,5
DA:3532,1
DA:3533,1
DA:3537,1
DA:3538,1
DA:3539,1
DA:3540,1
DA:3541,1
DA:3542,1
DA:3543,1
DA:3544,1
DA:3546,5
DA:3547,1
DA:3548,1
DA:3552,1
DA:3553,1
DA:3554,1
DA:3555,1
DA:3556,1
DA:3557,1
DA:3558,1
DA:3559,1
DA:3561,5
DA:3562,1
DA:3563,1
DA:3567,1
DA:3568,1
DA:3569,1
DA:3570,1
DA:3571,1
DA:3572,1
DA:3573,1
DA:3574,1
DA:3576,5
DA:3577,1
DA:3578,1
DA:3582,1
DA:3583,1
DA:3584,1
DA:3585,1
DA:3586,1
DA:3587,1
DA:3588,1
DA:3589,1
DA:3591,5
DA:3592,1
DA:3593,1
DA:3596,1
DA:3597,1
DA:3598,1
DA:3599,1
DA:3600,1
DA:3601,1
DA:3602,1
DA:3603,1
DA:3604,1
DA:3605,1
DA:3606,1
DA:3607,1
DA:3608,1
DA:3609,1
DA:3612,1
DA:3613,1
DA:3614,1
DA:3615,1
DA:3616,1
DA:3617,1
DA:3618,1
DA:3619,1
DA:3620,1
DA:3621,1
DA:3622,1
DA:3623,1
DA:3624,1
DA:3625,1
DA:3628,1
DA:3629,1
DA:3630,1
DA:3631,1
DA:3632,1
DA:3633,1
DA:3634,1
DA:3635,1
DA:3636,1
DA:3637,1
DA:3638,1
DA:3639,1
DA:3640,1
DA:3641,1
DA:3644,1
DA:3645,1
DA:3646,1
DA:3647,1
DA:3648,1
DA:3649,1
DA:3650,1
DA:3651,1
DA:3652,1
DA:3653,1
DA:3654,1
DA:3655,1
DA:3656,1
DA:3657,1
DA:3662,1
DA:3663,1
DA:3664,1
DA:3666,1
DA:3667,1
DA:3668,1
DA:3669,1
DA:3670,1
DA:3673,1
[...]
DA:8925,0
DA:8927,0
DA:8928,0
DA:8929,0
DA:8930,0
DA:8931,0
DA:8932,0
DA:8933,0
DA:8934,0
DA:8935,0
DA:8936,0
DA:8941,1
DA:8942,1
DA:8943,1
DA:8944,1
DA:8945,1
DA:8946,1
DA:8947,1
DA:8950,1
DA:8951,1
DA:8952,1
DA:8953,1
DA:8954,1
DA:8955,1
DA:8956,1
DA:8959,0
DA:8960,0
DA:8961,0
DA:8962,0
DA:8963,0
DA:8964,0
DA:8967,0
DA:8968,0
DA:8969,0
DA:8970,0
DA:8971,0
DA:8972,0
DA:8975,0
DA:8976,0
DA:8977,0
DA:8978,0
DA:8979,0
DA:8980,0
DA:8982,0
DA:8983,0
DA:8984,0
DA:8985,0
DA:8986,0
DA:8987,0
DA:8990,0
DA:8991,0
DA:8992,0
DA:8993,0
DA:8994,0
DA:8995,0
DA:8998,1
DA:8999,1
DA:9000,1
DA:9001,1
DA:9002,1
DA:9003,1
DA:9004,1
DA:9007,1
DA:9008,1
DA:9009,1
DA:9010,1
DA:9011,1
DA:9012,1
DA:9013,1
DA:9016,1
DA:9017,1
DA:9018,1
DA:9019,1
DA:9020,1
DA:9021,1
DA:9022,1
DA:9025,1
DA:9026,1
DA:9027,1
DA:9028,1
DA:9029,1
DA:9030,1
DA:9031,1
DA:9034,1
DA:9035,1
DA:9036,1
DA:9037,1
DA:9038,1
DA:9039,1
DA:9040,1
DA:9043,1
DA:9045,1
DA:9046,1
DA:9047,1
DA:9048,1
DA:9049,1
DA:9050,1
DA:9051,1
DA:9052,1
DA:9053,1
DA:9056,1
DA:9058,1
DA:9059,1
DA:9060,1
DA:9061,1
DA:9062,1
DA:9063,1
DA:9064,1
DA:9065,1
DA:9066,1
DA:9069,1
DA:9071,1
DA:9072,1
DA:9073,1
DA:9074,1
DA:9075,1
DA:9076,1
DA:9077,1
DA:9078,1
DA:9079,1
DA:9082,1
DA:9087,1
DA:9088,1
DA:9089,1
DA:9090,1
DA:9092,1
DA:9093,1
DA:9094,1
DA:9095,1
DA:9098,1
DA:9103,1
DA:9104,1
DA:9105,1
DA:9106,1
DA:9108,1
DA:9109,1
DA:9110,1
DA:9111,1
DA:9114,1
DA:9119,1
DA:9120,1
DA:9121,1
DA:9122,1
DA:9124,1
DA:9125,1
DA:9126,1
DA:9127,1
DA:9130,1
DA:9135,1
DA:9136,1
DA:9137,1
DA:9138,1
DA:9140,1
DA:9141,1
DA:9142,1
DA:9143,1
DA:9146,1
DA:9151,1
DA:9152,1
DA:9153,1
DA:9154,1
DA:9156,1
DA:9157,1
DA:9158,1
DA:9159,1
DA:9162,1
DA:9165,1
DA:9168,1
DA:9169,1
DA:9170,1
DA:9171,1
DA:9175,1
DA:9176,1
DA:9177,1
DA:9178,1
DA:9181,1
DA:9186,1
DA:9187,1
DA:9188,1
DA:9189,1
DA:9191,1
DA:9192,1
DA:9193,1
DA:9194,1
DA:9197,1
DA:9202,1
DA:9203,1
DA:9204,1
DA:9205,1
DA:9207,1
DA:9208,1
DA:9209,1
DA:9210,1
DA:9213,1
DA:9218,1
DA:9219,1
DA:9220,1
DA:9221,1
DA:9223,1
DA:9224,1
DA:9225,1
DA:9226,1
DA:9229,1
DA:9234,1
DA:9235,1
DA:9236,1
DA:9237,1
DA:9239,1
DA:9240,1
DA:9241,1
DA:9242,1
DA:9245,1
DA:9250,1
DA:9251,1
DA:9252,1
DA:9253,1
DA:9255,1
DA:9256,1
DA:9257,1
DA:9258,1
DA:9261,1
DA:9266,1
DA:9267,1
DA:9268,1
DA:9269,1
DA:9271,1
DA:9272,1
DA:9273,1
DA:9274,1
DA:9277,1
DA:9282,1
DA:9283,1
DA:9284,1
DA:9285,1
DA:9287,1
DA:9288,1
DA:9289,1
DA:9290,1
DA:9293,1
DA:9298,1
DA:9299,1
DA:9300,1
DA:9301,1
DA:9303,1
DA:9304,1
DA:9305,1
DA:9306,1
DA:9309,1
DA:9314,1
DA:9315,1
DA:9316,1
DA:9317,1
DA:9319,1
DA:9320,1
DA:9321,1
DA:9322,1
DA:9327,0
DA:9329,0
DA:9331,0
DA:9332,0
DA:9333,0
DA:9334,0
DA:9335,0
DA:9337,0
DA:9338,0
DA:9339,0
DA:9340,0
DA:9341,0
DA:9343,0
DA:9344,0
DA:9345,0
DA:9346,0
DA:9347,0
DA:9349,0
DA:9350,0
DA:9351,0
DA:9352,0
DA:9353,0
DA:9355,0
DA:9356,0
DA:9357,0
DA:9358,0
DA:9359,0
DA:9360,0
DA:9365,1
DA:9366,1
DA:9367,1
DA:9368,1
DA:9370,1
DA:9371,1
DA:9372,1
DA:9373,1
DA:9374,1
DA:9375,1
DA:9378,1
DA:9379,1
DA:9380,1
DA:9381,1
DA:9383,1
DA:9384,1
DA:9385,1
DA:9386,1
DA:9387,1
DA:9388,1
DA:9391,1
DA:9392,1
DA:9393,1
DA:9394,1
DA:9395,1
DA:9396,1
DA:9397,1
DA:9398,1
DA:9399,1
DA:9400,1
DA:9403,1
DA:9404,1
DA:9405,1
DA:9406,1
DA:9407,1
DA:9408,1
DA:9409,1
DA:9410,1
DA:9411,1
DA:9412,1
DA:9415,1
DA:9416,1
DA:9417,1
DA:9418,1
DA:9419,1
DA:9420,1
DA:9421,1
DA:9422,1
DA:9423,1
DA:9424,1
DA:9427,1
DA:9428,1
DA:9429,1
DA:9430,1
DA:9431,1
DA:9432,1
DA:9433,1
DA:9434,1
DA:9435,1
DA:9436,1
DA:9439,1
DA:9440,1
DA:9441,1
DA:9442,1
DA:9443,1
DA:9444,1
DA:9445,1
DA:9446,1
DA:9449,1
DA:9450,1
DA:9451,1
DA:9452,1
DA:9453,1
DA:9454,1
DA:9455,1
DA:9456,1
DA:9459,1
DA:9461,1
DA:9463,1
DA:9464,1
DA:9465,1
DA:9466,1
DA:9467,1
DA:9468,1
DA:9469,1
DA:9470,1
DA:9471,1
DA:9472,1
DA:9473,1
DA:9476,1
DA:9478,1
DA:9480,1
DA:9481,1
DA:9482,1
DA:9483,1
DA:9484,1
DA:9485,1
DA:9486,1
DA:9487,1
DA:9488,1
DA:9489,1
DA:9490,1
DA:9493,1
DA:9495,1
DA:9497,1
DA:9498,1
DA:9499,1
DA:9500,1
DA:9501,1
DA:9502,1
DA:9503,1
DA:9504,1
DA:9505,1
DA:9506,1
DA:9507,1
DA:9510,1
DA:9512,1
DA:9514,1
DA:9515,1
DA:9516,1
DA:9517,1
DA:9518,1
DA:9519,1
DA:9520,1
DA:9521,1
DA:9522,1
DA:9523,1
DA:9524,1
DA:9527,1
DA:9529,1
DA:9531,1
DA:9532,1
DA:9534,1
DA:9535,1
DA:9536,1
DA:9537,1
DA:9538,1
DA:9539,1
DA:9540,1
DA:9541,1
DA:9542,1
DA:9545,1
DA:9547,1
DA:9549,1
DA:9550,1
DA:9552,1
DA:9553,1
DA:9554,1
DA:9555,1
DA:9556,1
DA:9557,1
DA:9558,1
DA:9559,1
DA:9560,1
DA:9563,1
DA:9565,1
DA:9567,1
DA:9568,1
DA:9570,1
DA:9571,1
DA:9572,1
DA:9573,1
DA:9574,1
DA:9575,1
DA:9576,1
DA:9577,1
DA:9578,1
DA:9581,1
DA:9583,1
DA:9585,1
DA:9586,1
DA:9588,1
DA:9589,1
DA:9590,1
DA:9591,1
DA:9592,1
DA:9593,1
DA:9594,1
DA:9595,1
DA:9596,1
DA:9599,1
DA:9601,1
DA:9603,1
DA:9604,1
DA:9605,1
DA:9606,1
DA:9607,1
DA:9608,1
DA:9609,1
DA:9610,1
DA:9611,1
DA:9612,1
DA:9613,1
DA:9618,1
DA:9620,1
DA:9621,1
DA:9622,1
DA:9623,1
DA:9624,1
DA:9625,1
DA:9626,1
DA:9627,1
DA:9628,1
DA:9629,1
DA:9630,1
DA:9633,1
DA:9635,1
DA:9636,1
DA:9637,1
DA:9638,1
DA:9639,1
DA:9640,1
DA:9641,1
DA:9642,1
DA:9643,1
DA:9644,1
DA:9645,1
DA:9647,0
DA:9649,0
DA:9650,0
DA:9651,0
DA:9652,0
DA:9653,0
DA:9654,0
DA:9655,0
DA:9658,0
DA:9660,0
DA:9661,0
DA:9662,0
DA:9663,0
DA:9665,0
DA:9666,0
DA:9667,0
DA:9669,0
DA:9670,0
DA:9671,0
DA:9672,0
DA:9675,1
DA:9677,1
DA:9678,1
DA:9679,1
DA:9680,1
DA:9681,1
DA:9682,1
DA:9685,1
DA:9687,1
DA:9688,1
DA:9689,1
DA:9690,1
DA:9692,1
DA:9693,1
DA:9694,1
DA:9696,1
DA:9697,1
DA:9698,1
DA:9699,1
DA:9702,1
DA:9704,1
DA:9705,1
DA:9706,1
DA:9707,1
DA:9708,1
DA:9709,1
DA:9710,1
DA:9713,1
DA:9715,1
DA:9716,1
DA:9717,1
DA:9718,1
DA:9719,1
DA:9720,1
DA:9721,1
DA:9724,1
DA:9726,1
DA:9727,1
DA:9728,1
DA:9729,1
DA:9730,1
DA:9731,1
DA:9732,1
DA:9735,1
DA:9737,1
DA:9738,1
DA:9739,1
DA:9740,1
DA:9741,1
DA:9742,1
DA:9745,1
DA:9747,1
DA:9748,1
DA:9749,1
DA:9750,1
DA:9751,1
DA:9754,0
DA:9756,0
DA:9757,0
DA:9758,0
DA:9759,0
DA:9760,0
DA:9763,1
DA:9765,1
DA:9766,1
DA:9767,1
DA:9768,1
DA:9769,1
DA:9772,1
DA:9774,1
DA:9775,1
DA:9776,1
DA:9777,1
DA:9778,1
DA:9781,1
DA:9783,1
DA:9784,1
DA:9785,1
DA:9786,1
DA:9787,1
DA:9790,1
DA:9792,1
DA:9793,1
DA:9794,1
DA:9795,1
DA:9798,1
DA:9800,1
DA:9801,1
DA:9802,1
DA:9803,1
DA:9804,1
DA:9805,1
DA:9806,1
DA:9811,1
DA:9813,1
DA:9814,1
DA:9815,1
DA:9816,1
DA:9817,1
DA:9818,1
DA:9819,1
DA:9821,1
DA:9822,1
DA:9823,1
DA:9824,1
DA:9827,1
DA:9829,1
DA:9830,1
DA:9831,1
DA:9832,1
DA:9833,1
DA:9834,1
DA:9835,1
DA:9836,1
DA:9837,1
DA:9838,1
DA:9839,1
DA:9842,1
DA:9844,1
DA:9845,1
DA:9846,1
DA:9847,1
DA:9848,1
DA:9849,1
DA:9850,1
DA:9851,1
DA:9852,1
DA:9853,1
DA:9856,0
DA:9858,0
DA:9859,0
DA:9860,0
DA:9861,0
DA:9862,0
DA:9863,0
DA:9864,0
DA:9865,0
DA:9866,0
DA:9867,0
DA:9868,0
DA:9871,1
DA:9873,1
DA:9874,1
DA:9875,1
DA:9876,1
DA:9877,1
DA:9878,1
DA:9879,1
DA:9880,1
DA:9881,1
DA:9882,1
DA:9883,1
DA:9886,1
DA:9888,1
DA:9889,1
DA:9890,1
DA:9891,1
DA:9892,1
DA:9893,1
DA:9894,1
DA:9895,1
DA:9896,1
DA:9897,1
DA:9898,1
DA:9901,1
DA:9903,1
DA:9904,1
DA:9906,1
DA:9907,1
DA:9908,1
DA:9909,1
DA:9910,1
DA:9911,1
DA:9912,1
DA:9913,1
DA:9916,0
DA:9918,0
DA:9919,0
DA:9920,0
DA:9921,0
DA:9922,0
DA:9923,0
DA:9924,0
DA:9925,0
DA:9926,0
DA:9927,0
DA:9928,0
DA:9931,1
DA:9933,1
DA:9934,1
DA:9935,1
DA:9936,1
DA:9937,1
DA:9938,1
DA:9939,1
DA:9940,1
DA:9941,1
DA:9942,1
DA:9943,1
DA:9946,1
DA:9951,1
DA:9954,1
DA:9955,1
DA:9956,1
DA:9957,1
DA:9958,1
DA:9961,1
DA:9962,1
DA:9963,1
DA:9964,1
DA:9967,1
DA:9972,1
DA:9975,1
DA:9976,1
DA:9977,1
DA:9978,1
DA:9979,1
DA:9982,1
DA:9983,1
DA:9984,1
DA:9985,1
DA:9988,1
DA:9993,1
DA:9996,1
DA:9997,1
DA:9998,1
DA:9999,1
DA:10000,1
DA:10003,1
DA:10004,1
DA:10005,1
DA:10006,1
DA:10009,1
DA:10014,1
DA:10017,1
DA:10018,1
DA:10019,1
DA:10020,1
DA:10021,1
DA:10024,1
DA:10025,1
DA:10026,1
DA:10027,1
DA:10030,1
DA:10035,1
DA:10038,1
DA:10039,1
DA:10040,1
DA:10041,1
DA:10042,1
DA:10045,1
DA:10046,1
DA:10047,1
DA:10048,1
DA:10051,1
DA:10056,1
DA:10059,1
DA:10060,1
DA:10061,1
DA:10062,1
DA:10063,1
DA:10066,1
DA:10067,1
DA:10068,1
DA:10069,1
DA:10072,1
DA:10077,1
DA:10080,1
DA:10081,1
DA:10082,1
DA:10083,1
DA:10084,1
DA:10087,1
DA:10088,1
DA:10089,1
DA:10090,1
DA:10093,555
DA:10094,555
DA:10095,555
DA:10096,555
DA:10099,555
DA:10103,555
DA:10104,555
DA:10105,555
DA:10106,555
DA:10107,555
DA:10108,555
DA:10109,555
DA:10110,555
DA:10111,555
DA:10112,555
DA:10113,555
DA:10114,555
DA:10115,555
DA:10116,555
DA:10117,555
DA:10118,555
DA:10119,555
DA:10120,555
DA:10121,555
DA:10122,555
DA:10123,555
DA:10124,555
DA:10125,555
DA:10126,555
DA:10127,555
DA:10128,555
DA:10130,555
DA:10132,555
DA:10133,555
DA:10135,555
DA:10136,555
DA:10137,555
DA:10138,555
DA:10139,555
DA:10140,555
DA:10141,555
DA:10142,555
DA:10143,555
DA:10144,555
DA:10145,555
DA:10146,555
DA:10147,555
DA:10148,555
DA:10149,555
DA:10150,555
DA:10151,555
DA:10152,555
DA:10153,555
DA:10154,555
DA:10155,555
DA:10158,555
DA:10161,555
DA:10162,555
DA:10163,555
DA:10164,555
DA:10165,555
DA:10166,555
DA:10167,555
DA:10168,555
DA:10169,555
DA:10170,555
DA:10171,555
DA:10173,555
DA:10174,555
DA:10176,555
DA:10177,555
DA:10181,555
DA:10182,555
DA:10183,555
DA:10184,555
DA:10185,555
DA:10186,555
DA:10187,555
DA:10192,555
DA:10193,555
DA:10194,555
DA:10195,555
DA:10196,555
DA:10197,555
DA:10198,555
DA:10199,555
DA:10200,555
DA:10201,555
DA:10202,555
DA:10203,555
DA:10204,555
DA:10205,555
DA:10207,555
DA:10209,555
DA:10210,555
DA:10211,555
DA:10212,555
DA:10213,555
DA:10214,555
DA:10215,555
DA:10216,555
DA:10217,555
DA:10218,555
DA:10219,555
DA:10220,555
DA:10221,555
DA:10222,555
DA:10223,555
DA:10224,555
DA:10225,555
DA:10227,555
DA:10228,555
DA:10229,555
DA:10230,555
DA:10231,555
DA:10232,555
DA:10233,555
DA:10234,555
DA:10235,555
DA:10236,555
DA:10237,555
DA:10238,555
DA:10239,555
DA:10240,555
DA:10241,555
DA:10242,555
DA:10243,555
DA:10244,555
DA:10245,555
DA:10246,555
DA:10247,555
DA:10248,555
DA:10249,555
DA:10250,555
DA:10251,555
DA:10252,555
DA:10253,555
DA:10254,555
DA:10255,555
DA:10256,555
DA:10257,555
DA:10258,555
DA:10259,555
DA:10260,555
DA:10261,555
DA:10262,555
DA:10263,555
DA:10264,555
DA:10265,555
DA:10267,555
DA:10268,555
DA:10269,555
DA:10270,555
DA:10272,555
DA:10273,555
DA:10274,555
DA:10275,555
DA:10276,555
DA:10277,555
DA:10278,555
DA:10279,555
DA:10281,555
DA:10282,555
DA:10283,555
DA:10284,555
DA:10288,555
DA:10289,555
DA:10291,555
DA:10292,555
DA:10293,555
DA:10297,555
DA:10298,555
DA:10299,555
DA:10300,555
DA:10301,555
DA:10302,555
DA:10303,555
DA:10304,555
DA:10305,555
DA:10306,555
DA:10307,555
DA:10308,555
DA:10310,555
DA:10312,555
DA:10313,555
DA:10314,555
DA:10315,555
DA:10319,555
DA:10320,555
DA:10321,555
DA:10322,555
DA:10323,555
DA:10324,555
DA:10325,555
DA:10326,555
DA:10327,555
DA:10328,555
DA:10329,555
DA:10330,555
DA:10331,555
DA:10332,555
DA:10333,555
DA:10334,555
DA:10335,555
DA:10336,555
DA:10337,555
DA:10338,555
DA:10339,555
DA:10340,555
DA:10341,555
DA:10342,555
DA:10343,555
DA:10344,555
DA:10345,555
DA:10346,555
DA:10347,555
DA:10348,555
DA:10349,555
DA:10350,555
DA:10351,555
DA:10352,555
DA:10353,555
DA:10354,555
DA:10355,555
DA:10356,555
DA:10357,555
DA:10358,555
DA:10359,555
DA:10360,555
DA:10361,555
DA:10362,555
DA:10363,555
DA:10364,555
DA:10365,555
DA:10369,555
DA:10370,555
DA:10371,555
DA:10372,555
DA:10373,555
DA:10374,555
DA:10375,555
DA:10379,555
DA:10380,555
DA:10381,555
DA:10382,555
DA:10383,555
DA:10384,555
DA:10385,555
DA:10386,555
DA:10387,555
DA:10388,555
DA:10389,555
DA:10390,555
DA:10391,555
DA:10392,555
DA:10393,555
DA:10394,555
DA:10395,555
DA:10396,555
DA:10397,555
DA:10398,555
DA:10399,555
DA:10400,555
DA:10401,555
DA:10402,555
DA:10408,555
DA:10409,555
DA:10410,555
DA:10411,555
DA:10412,555
DA:10413,555
DA:10414,555
DA:10415,555
DA:10416,555
DA:10417,555
DA:10418,555
DA:10419,555
DA:10420,555
DA:10421,555
DA:10422,555
DA:10423,555
DA:10424,555
DA:10425,555
DA:10426,555
DA:10427,555
DA:10428,555
DA:10429,555
DA:10430,555
DA:10434,555
DA:10435,555
DA:10436,555
DA:10437,555
DA:10438,555
DA:10439,555
DA:10440,555
DA:10441,555
DA:10442,555
DA:10443,555
DA:10444,555
DA:10445,555
DA:10446,555
DA:10447,555
DA:10448,555
DA:10449,555
DA:10450,555
DA:10451,555
DA:10452,555
DA:10453,555
DA:10454,555
DA:10455,555
DA:10456,555
DA:10457,555
DA:10458,555
DA:10459,555
DA:10460,555
DA:10461,555
DA:10465,555
DA:10466,555
DA:10467,555
DA:10468,555
DA:10469,555
DA:10470,555
DA:10471,555
DA:10472,555
DA:10473,555
DA:10474,555
DA:10475,555
DA:10476,555
DA:10477,555
DA:10478,555
DA:10479,555
DA:10480,555
DA:10481,555
DA:10482,555
DA:10495,555
DA:10496,555
DA:10497,555
DA:10498,555
DA:10499,555
DA:10500,555
DA:10501,555
DA:10502,555
DA:10506,555
DA:10507,555
DA:10508,555
DA:10509,555
DA:10510,555
DA:10511,555
DA:10512,555
DA:10513,555
DA:10514,555
DA:10515,555
DA:10516,555
DA:10517,555
DA:10518,555
DA:10519,555
DA:10520,555
DA:10521,555
DA:10522,555
DA:10523,555
DA:10524,555
DA:10525,555
DA:10526,555
DA:10527,555
DA:10528,555
DA:10529,555
DA:10530,555
DA:10531,555
DA:10532,555
DA:10533,555
DA:10534,555
DA:10535,555
DA:10536,555
DA:10537,555
DA:10538,555
DA:10539,555
DA:10540,555
DA:10541,555
DA:10542,555
DA:10543,555
DA:10544,555
DA:10545,555
DA:10546,555
DA:10547,555
DA:10548,555
DA:10549,555
DA:10550,555
DA:10551,555
DA:10552,555
DA:10553,555
DA:10554,555
DA:10555,555
DA:10556,555
DA:10557,555
DA:10558,555
DA:10559,555
DA:10560,555
DA:10561,555
DA:10562,555
DA:10563,555
DA:10564,555
DA:10565,555
DA:10566,555
DA:10567,555
DA:10568,555
DA:10569,555
DA:10570,555
DA:10571,555
DA:10572,555
DA:10573,555
DA:10574,555
DA:10575,555
DA:10579,555
DA:10580,555
DA:10581,555
DA:10582,555
DA:10583,555
DA:10584,555
DA:10585,555
DA:10586,555
DA:10587,555
DA:10588,555
DA:10589,555
DA:10590,555
DA:10591,555
DA:10592,555
DA:10593,555
DA:10594,555
DA:10595,555
DA:10596,555
DA:10597,555
DA:10598,555
DA:10599,555
DA:10600,555
DA:10601,555
DA:10602,555
DA:10603,555
DA:10604,555
DA:10605,555
DA:10606,555
DA:10607,555
DA:10608,555
DA:10609,555
DA:10610,555
DA:10611,555
DA:10612,555
DA:10613,555
DA:10614,555
DA:10615,555
DA:10616,555
DA:10617,555
DA:10618,555
DA:10619,555
DA:10620,555
DA:10621,555
DA:10622,555
DA:10623,555
DA:10624,555
DA:10625,555
DA:10626,555
DA:10627,555
DA:10628,555
DA:10629,555
DA:10630,555
DA:10631,555
DA:10632,555
DA:10633,555
DA:10634,555
DA:10635,555
DA:10636,555
DA:10637,555
DA:10638,555
DA:10639,555
DA:10643,555
DA:10644,555
DA:10645,555
DA:10646,555
DA:10647,555
DA:10648,555
DA:10649,555
DA:10650,555
DA:10651,555
DA:10652,555
DA:10653,555
DA:10654,555
DA:10655,555
DA:10659,555
DA:10660,555
DA:10661,555
DA:10662,555
DA:10664,555
DA:10665,555
DA:10671,555
DA:10672,555
DA:10673,555
DA:10674,555
DA:10675,555
DA:10676,555
DA:10677,555
DA:10678,555
DA:10679,555
DA:10680,555
DA:10681,555
DA:10682,555
DA:10683,555
DA:10684,555
DA:10685,555
DA:10686,555
DA:10687,555
DA:10688,555
DA:10689,555
DA:10690,555
DA:10691,555
DA:10692,555
DA:10693,555
DA:10698,555
DA:10699,555
DA:10700,555
DA:10701,555
DA:10702,555
DA:10703,555
DA:10704,555
DA:10705,555
DA:10706,555
DA:10707,555
DA:10708,555
DA:10709,555
DA:10710,555
DA:10711,555
DA:10712,555
DA:10713,555
DA:10714,555
DA:10718,555
DA:10719,555
DA:10722,555
DA:10723,555
DA:10724,555
DA:10725,555
DA:10726,555
DA:10727,555
DA:10728,555
DA:10730,555
DA:10731,555
DA:10732,555
DA:10733,555
DA:10734,555
DA:10738,555
DA:10739,555
DA:10740,555
DA:10742,555
DA:10743,555
DA:10744,555
DA:10746,555
DA:10747,555
DA:10748,555
DA:10749,555
DA:10750,555
DA:10751,555
DA:10752,555
DA:10753,555
DA:10755,555
DA:10756,1
DA:10757,1
DA:10759,1
LF:7719
LH:7199
end_of_record
TN:s21_test_out
SF:/Users/thalassa/C5_s21_decimal-1/src/main_functions/Another_functions/s21_truncate.c
FN:3,s21_truncate
FNDA:119,s21_truncate
FNF:1
FNH:1
DA:3,119
DA:5,119
DA:6,119
DA:7,119
DA:8,664
DA:9,545
DA:11,119
DA:12,119
LF:8
LH:8
end_of_record
TN:s21_test_out
SF:/Users/thalassa/C5_s21_decimal-1/src/secondary_functions/Bit_operations/set_decimal_bit.c
FN:3,set_decimal_bit
FNDA:2101,set_decimal_bit
FNF:1
FNH:1
DA:3,2101
DA:5,2101
DA:6,972
DA:7,972
DA:8,972
DA:9,972
DA:11,1129
DA:12,1129
DA:13,1
DA:14,1
DA:15,1
DA:16,1
DA:19,2101
LF:13
LH:13
end_of_record
TN:s21_test_out
SF:/Users/thalassa/C5_s21_decimal-1/src/extended_decimal/set_extdec_bit.c
FN:3,set_extdec_bit
FNDA:2129277868,set_extdec_bit
FNF:1
FNH:1
DA:3,2129277868
DA:4,2129277868
DA:5,37584352
DA:6,19547106
DA:7,19547106
DA:8,19547106
DA:10,2091693516
DA:11,2091693516
DA:12,17858846
DA:13,17858846
DA:14,17858846
DA:15,17858846
DA:18,2129277868
LF:13
LH:13
end_of_record
TN:s21_test_out
SF:/Users/thalassa/C5_s21_decimal-1/src/secondary_functions/Bit_operations/setBit.c
FN:3,setBit
FNDA:2051239,setBit
FNF:1
FNH:1
DA:3,2051239
DA:4,2051239
DA:5,2051239
DA:6,245453
DA:7,245453
DA:9,2051239
LF:6
LH:6
end_of_record
TN:s21_test_out
SF:/Users/thalassa/C5_s21_decimal-1/src/extended_decimal/setExtScale.c
FN:3,setExtScale
FNDA:255826,setExtScale
FNF:1
FNH:1
DA:3,255826
DA:4,255826
DA:5,255826
DA:6,48
DA:8,2302002
DA:9,2046224
DA:10,2046224
DA:11,274770
DA:13,1771454
DA:17,255826
LF:10
LH:10
end_of_record
TN:s21_test_out
SF:/Users/thalassa/C5_s21_decimal-1/src/extended_decimal/setExtSign.c
FN:3,setExtSign
FNDA:210455,setExtSign
FNF:1
FNH:1
DA:3,210455
DA:4,210455
DA:5,210455
DA:6,50233
DA:7,50233
DA:9,210455
LF:6
LH:6
end_of_record
TN:s21_test_out
SF:/Users/thalassa/C5_s21_decimal-1/src/secondary_functions/GetSet_SignScale/setScale.c
FN:3,setScale
FNDA:619,setScale
FNF:1
FNH:1
DA:3,619
DA:4,619
DA:5,5571
DA:6,4952
DA:7,4952
DA:8,1044
DA:10,3908
DA:14,619
LF:8
LH:8
end_of_record
TN:s21_test_out
SF:/Users/thalassa/C5_s21_decimal-1/src/secondary_functions/GetSet_SignScale/setSign.c
FN:3,setSign
FNDA:653,setSign
FNF:1
FNH:1
DA:3,653
DA:4,653
DA:5,653
DA:6,195
DA:7,195
DA:9,653
LF:6
LH:6
end_of_record
TN:s21_test_out
SF:/Users/thalassa/C5_s21_decimal-1/src/secondary_functions/shifts/shift_left.c
FN:3,shift_left
FNDA:106008,shift_left
FNF:1
FNH:1
DA:3,106008
DA:4,106008
DA:5,47967955
DA:6,47861947
DA:7,47695550
DA:9,47861947
DA:10,166397
DA:12,47695550
DA:14,47861947
DA:15,166397
DA:16,166397
DA:19,106008
LF:12
LH:12
end_of_record
TN:s21_test_out
SF:/Users/thalassa/C5_s21_decimal-1/src/secondary_functions/shifts/shift_right.c
FN:3,shift_right
FNDA:136990,shift_right
FNF:1
FNH:1
DA:3,136990
DA:5,136990
DA:6,136990
DA:7,136990
DA:8,2028027358
DA:9,2027890368
DA:10,2020849082
DA:12,2027890368
DA:13,7041286
DA:15,2020849082
DA:17,2027890368
DA:18,6904296
DA:19,6904296
DA:22,136990
DA:23,136990
LF:15
LH:15
end_of_record
TN:s21_test_out
SF:/Users/thalassa/C5_s21_decimal-1/src/secondary_functions/Print/smart_print_binary_decimal.c
FN:3,smart_print_binary_decimal
FNDA:0,smart_print_binary_decimal
FNF:1
FNH:0
DA:3,0
DA:4,0
DA:5,0
DA:6,0
DA:7,0
LF:5
LH:0
end_of_record
TN:s21_test_out
SF:/Users/thalassa/C5_s21_decimal-1/src/secondary_functions/Print/smart_print_extdec.c
FN:3,smart_print_exdec
FNDA:0,smart_print_exdec
FNF:1
FNH:0
DA:3,0
DA:4,0
DA:5,0
DA:6,0
DA:7,0
LF:5
LH:0
end_of_record
TN:s21_test_out
SF:/Users/thalassa/C5_s21_decimal-1/src/secondary_functions/dec_to_back_string/string_to_decimal.c
FN:3,string_to_decimal
FNDA:0,string_to_decimal
FNF:1
FNH:0
DA:3,0
DA:4,0
DA:6,0
DA:7,0
DA:8,0
DA:9,0
DA:10,0
DA:11,0
DA:13,0
DA:14,0
DA:16,0
LF:11
LH:0
end_of_record
TN:s21_test_out
SF:/Users/thalassa/C5_s21_decimal-1/src/secondary_functions/NoSE/sub_no_equote.c
FN:3,sub_no_equote
FNDA:30175,sub_no_equote
FNF:1
FNH:1
DA:3,30175
DA:4,30175
DA:5,30175
DA:6,30175
DA:7,30175
DA:8,20403
DA:9,20403
DA:10,0
DA:12,9772
DA:13,9772
DA:14,9772
DA:15,0
DA:17,9772
DA:19,0
DA:20,0
DA:21,0
DA:22,0
DA:23,0
DA:24,0
DA:25,0
DA:27,0
DA:28,0
DA:31,30175
LF:23
LH:12
end_of_record
TN:s21_test_out
SF:/Users/thalassa/C5_s21_decimal-1/src/secondary_functions/NoSE/subtraction_no_sign.c
FN:3,subtraction_no_sign
FNDA:30417,subtraction_no_sign
FNF:1
FNH:1
DA:3,30417
DA:4,30417
DA:5,8820930
DA:6,8790513
DA:7,8790513
DA:8,8790513
DA:9,8715368
DA:10,22807
DA:11,8692561
DA:12,14758
DA:13,14758
DA:14,8677803
DA:15,8266251
DA:16,411552
DA:17,411552
DA:19,75145
DA:20,14758
DA:21,14758
DA:22,60387
DA:23,51835
DA:24,51835
DA:25,8552
DA:26,5699
DA:27,5699
DA:28,2853
DA:29,2853
DA:30,2853
DA:33,30417
DA:34,30417
LF:29
LH:29
end_of_record
